2022-08-03 15:12:15,059 | 2022-08-03_15-12-15
2022-08-03 15:12:15,060 | part_0.925_9_2_ECOD.log
2022-08-03 15:12:15,104 | ChannelConnectivity.IDLE
2022-08-03 15:12:15,107 | ChannelConnectivity.CONNECTING
2022-08-03 15:12:15,110 | Opened (insecure) gRPC connection
2022-08-03 15:12:15,148 | ChannelConnectivity.READY
2022-08-03 15:12:15,169 | iteration: 0
2022-08-03 15:12:15,179 | x_train: [[153.7  185.77  15.48 ...  11.06   9.68  31.32]
 [ 17.69  50.7   11.56 ...   1.13   8.44  25.01]
 [ 56.28 100.97   7.78 ...   0.75  12.36  27.12]
 ...
 [ 14.17  27.45   5.37 ...   0.43   4.86  33.91]
 [ 30.25  50.75   4.57 ...   0.53   5.1   19.53]
 [ 76.17 163.2   16.32 ...   0.66   8.2    9.46]]
2022-08-03 15:12:15,180 | y_train: [1 1 1 ... 0 1 1]
2022-08-03 15:12:15,181 | len(x_train): 1731
2022-08-03 15:12:15,181 | len(y_train): 1731
2022-08-03 15:12:20,000 | LogReg Training time spent: 4.8361 seconds
2022-08-03 15:12:20,007 | Receive Global MLModel message time spent: 0.0473 seconds
2022-08-03 15:12:20,008 | Send Local MLModel message time spent: 0.0002 seconds
2022-08-03 15:12:20,413 | Modelo gerado evaluate(): [array([[-0.43440726, -0.4048733 ],
       [-0.45253548, -0.51686627],
       [ 0.25396866, -0.07211527],
       [ 0.4043557 ,  0.29539603],
       [-0.6731669 ,  0.24085066],
       [ 0.00014189, -0.0239027 ],
       [ 0.21371324,  0.47406098],
       [ 0.13500622, -0.10945486],
       [-0.37366053, -0.0352002 ]], dtype=float32), array([ 0.00392088, -0.00392088], dtype=float32)]
2022-08-03 15:12:20,424 | Receive Global MLModel message time spent: 0.0162 seconds
2022-08-03 15:12:20,425 | Send Local MLModel message time spent: 0.0002 seconds
2022-08-03 15:12:20,449 | iteration: 1
2022-08-03 15:12:20,456 | x_train: [[114.92 180.53  10.62 ...   1.21   9.38  23.64]
 [ 61.49 172.59   9.11 ...   0.71   7.3  120.16]
 [ 90.01 200.75  10.11 ...   1.21  16.79  38.28]
 ...
 [ 35.   152.    10.8  ...   0.73  21.2   13.  ]
 [ 56.   108.75   5.85 ...   0.7    1.2   31.65]
 [102.1  214.73 113.25 ...   1.32   8.73  11.7 ]]
2022-08-03 15:12:20,457 | y_train: [1 1 1 ... 1 1 1]
2022-08-03 15:12:20,458 | len(x_train): 1731
2022-08-03 15:12:20,458 | len(y_train): 1731
2022-08-03 15:12:21,385 | LogReg Training time spent: 0.9389 seconds
2022-08-03 15:12:21,389 | Receive Global MLModel message time spent: 0.0144 seconds
2022-08-03 15:12:21,390 | Send Local MLModel message time spent: 0.0001 seconds
2022-08-03 15:12:21,752 | Modelo gerado evaluate(): [array([[-0.45426297, -0.38418725],
       [-0.475473  , -0.4929695 ],
       [ 0.25623038, -0.07455688],
       [ 0.4308577 ,  0.2682017 ],
       [-0.62655616,  0.19466779],
       [ 0.02203025, -0.04576755],
       [ 0.21445417,  0.47263953],
       [ 0.1369327 , -0.11140662],
       [-0.30865464, -0.09980153]], dtype=float32), array([ 0.00726507, -0.00726507], dtype=float32)]
2022-08-03 15:12:21,760 | Receive Global MLModel message time spent: 0.0131 seconds
2022-08-03 15:12:21,760 | Send Local MLModel message time spent: 0.0001 seconds
2022-08-03 15:12:21,778 | iteration: 2
2022-08-03 15:12:21,784 | x_train: [[ 17.13  48.31   4.   ...   0.27   3.32  17.04]
 [ 36.33 157.03   6.31 ...   0.88   7.35  60.12]
 [169.4  235.89  10.53 ...   1.01   8.2   19.3 ]
 ...
 [ 31.08  71.98  26.69 ...   1.03   9.62  15.11]
 [ 95.82 219.83  54.77 ...   1.62  20.23   3.8 ]
 [ 16.1   40.59   7.22 ...   0.38   4.38   7.71]]
2022-08-03 15:12:21,785 | y_train: [0 1 1 ... 1 1 0]
2022-08-03 15:12:21,786 | len(x_train): 1731
2022-08-03 15:12:21,786 | len(y_train): 1731
2022-08-03 15:12:22,732 | LogReg Training time spent: 0.9564 seconds
2022-08-03 15:12:22,737 | Receive Global MLModel message time spent: 0.0098 seconds
2022-08-03 15:12:22,738 | Send Local MLModel message time spent: 0.0002 seconds
2022-08-03 15:12:23,102 | Modelo gerado evaluate(): [array([[-0.4733531 , -0.36426753],
       [-0.48403984, -0.4834445 ],
       [ 0.25751635, -0.07602257],
       [ 0.43739787,  0.2609698 ],
       [-0.5849792 ,  0.15351816],
       [ 0.03158637, -0.05530018],
       [ 0.21503392,  0.47137997],
       [ 0.12755075, -0.1020499 ],
       [-0.25851238, -0.14953957]], dtype=float32), array([ 0.01009083, -0.01009083], dtype=float32)]
2022-08-03 15:12:23,109 | Receive Global MLModel message time spent: 0.0090 seconds
2022-08-03 15:12:23,110 | Send Local MLModel message time spent: 0.0002 seconds
2022-08-03 15:12:23,131 | iteration: 3
2022-08-03 15:12:23,137 | x_train: [[ 15.    31.75  12.35 ...   0.48   6.48  13.45]
 [ 67.88 237.12  12.93 ...   0.26  22.7   15.32]
 [ 72.88 135.5    2.78 ...   0.61   2.32  25.91]
 ...
 [ 33.8  103.51   9.4  ...   1.03  11.09  24.94]
 [ 33.14  55.58   5.5  ...   0.69  12.42  44.5 ]
 [ 32.63  78.96   1.27 ...   0.97   6.26  12.07]]
2022-08-03 15:12:23,139 | y_train: [1 1 1 ... 1 1 1]
2022-08-03 15:12:23,139 | len(x_train): 1731
2022-08-03 15:12:23,139 | len(y_train): 1731
2022-08-03 15:12:24,097 | LogReg Training time spent: 0.9696 seconds
2022-08-03 15:12:24,103 | Receive Global MLModel message time spent: 0.0114 seconds
2022-08-03 15:12:24,103 | Send Local MLModel message time spent: 0.0001 seconds
2022-08-03 15:12:24,467 | Modelo gerado evaluate(): [array([[-0.48806766, -0.34872416],
       [-0.4909652 , -0.47556192],
       [ 0.25344637, -0.07213217],
       [ 0.43694657,  0.2607301 ],
       [-0.55178684,  0.12075275],
       [ 0.03297874, -0.05666908],
       [ 0.2155398 ,  0.47019497],
       [ 0.11248992, -0.08701432],
       [-0.22691117, -0.18073703]], dtype=float32), array([ 0.01246762, -0.01246763], dtype=float32)]
2022-08-03 15:12:24,473 | Receive Global MLModel message time spent: 0.0159 seconds
2022-08-03 15:12:24,474 | Send Local MLModel message time spent: 0.0001 seconds
2022-08-03 15:12:24,501 | iteration: 4
2022-08-03 15:12:24,507 | x_train: [[ 79.81 154.17  61.44 ...   0.76   8.71   7.37]
 [ 83.2  122.32  12.44 ...   0.67   7.53  19.75]
 [ 58.5  104.25 110.6  ...   0.85  17.78 116.2 ]
 ...
 [ 12.9   20.63   8.74 ...   0.43   4.38  16.67]
 [ 17.75  55.65   4.38 ...   0.16   5.25  14.39]
 [ 74.   120.     2.33 ...   0.61   9.85  92.65]]
2022-08-03 15:12:24,508 | y_train: [1 1 1 ... 0 1 1]
2022-08-03 15:12:24,508 | len(x_train): 1731
2022-08-03 15:12:24,509 | len(y_train): 1731
2022-08-03 15:12:25,453 | LogReg Training time spent: 0.9550 seconds
2022-08-03 15:12:25,458 | Receive Global MLModel message time spent: 0.0188 seconds
2022-08-03 15:12:25,459 | Send Local MLModel message time spent: 0.0001 seconds
2022-08-03 15:12:25,822 | Modelo gerado evaluate(): [array([[-0.49116075, -0.3448031 ],
       [-0.49110296, -0.47446787],
       [ 0.25257286, -0.07143802],
       [ 0.44209144,  0.25489494],
       [-0.51924616,  0.0886385 ],
       [ 0.03167694, -0.05534385],
       [ 0.21601176,  0.4690445 ],
       [ 0.10201972, -0.07656932],
       [-0.20757239, -0.1996725 ]], dtype=float32), array([ 0.01459834, -0.01459834], dtype=float32)]
2022-08-03 15:12:25,829 | Receive Global MLModel message time spent: 0.0150 seconds
2022-08-03 15:12:25,830 | Send Local MLModel message time spent: 0.0001 seconds
2022-08-03 15:12:25,847 | iteration: 5
2022-08-03 15:12:25,852 | x_train: [[ 47.   121.75   3.28 ...   0.62   5.    30.42]
 [ 78.36 132.99  11.04 ...   0.85  10.08  37.1 ]
 [ 44.87  78.13  18.03 ...   0.6    7.77  12.68]
 ...
 [ 35.58  55.25   2.11 ...   0.44   3.24  35.21]
 [ 56.96 121.05   1.2  ...   0.79  12.35  60.54]
 [156.   269.    47.7  ...   1.46  12.57   4.2 ]]
2022-08-03 15:12:25,854 | y_train: [1 1 1 ... 1 1 1]
2022-08-03 15:12:25,854 | len(x_train): 1731
2022-08-03 15:12:25,855 | len(y_train): 1731
2022-08-03 15:12:26,808 | LogReg Training time spent: 0.9639 seconds
2022-08-03 15:12:26,813 | Receive Global MLModel message time spent: 0.0087 seconds
2022-08-03 15:12:26,814 | Send Local MLModel message time spent: 0.0001 seconds
2022-08-03 15:12:27,180 | Modelo gerado evaluate(): [array([[-0.49604592, -0.33909073],
       [-0.4936205 , -0.47099495],
       [ 0.24135377, -0.06039815],
       [ 0.43751335,  0.25878343],
       [-0.49323964,  0.06305805],
       [ 0.02731198, -0.05095547],
       [ 0.21646759,  0.4679109 ],
       [ 0.09078801, -0.0653628 ],
       [-0.20000657, -0.20683539]], dtype=float32), array([ 0.01650257, -0.01650257], dtype=float32)]
2022-08-03 15:12:27,187 | Receive Global MLModel message time spent: 0.0124 seconds
2022-08-03 15:12:27,188 | Send Local MLModel message time spent: 0.0001 seconds
2022-08-03 15:12:27,207 | iteration: 6
2022-08-03 15:12:27,213 | x_train: [[ 30.5   80.5    0.38 ...   0.61   6.55  31.37]
 [ 55.62 125.    14.01 ...   0.57   4.38  37.17]
 [ 51.75 114.55  23.01 ...   0.75   7.69  92.63]
 ...
 [ 57.3  123.59  35.64 ...   1.09   7.61  23.95]
 [ 41.5  110.5    3.26 ...   0.64   2.82  26.04]
 [ 53.6  132.     3.39 ...   0.77   4.44  30.2 ]]
2022-08-03 15:12:27,214 | y_train: [1 1 1 ... 1 1 1]
2022-08-03 15:12:27,215 | len(x_train): 1731
2022-08-03 15:12:27,215 | len(y_train): 1731
2022-08-03 15:12:28,167 | LogReg Training time spent: 0.9625 seconds
2022-08-03 15:12:28,171 | Receive Global MLModel message time spent: 0.0110 seconds
2022-08-03 15:12:28,172 | Send Local MLModel message time spent: 0.0001 seconds
2022-08-03 15:12:28,599 | Modelo gerado evaluate(): [array([[-0.49787727, -0.33643308],
       [-0.48985904, -0.47380197],
       [ 0.2413544 , -0.06057783],
       [ 0.43439013,  0.26121777],
       [-0.46268603,  0.03293008],
       [ 0.02407406, -0.04769415],
       [ 0.21695422,  0.4667471 ],
       [ 0.07685286, -0.0514528 ],
       [-0.19175981, -0.21467963]], dtype=float32), array([ 0.01846791, -0.01846792], dtype=float32)]
2022-08-03 15:12:28,606 | Receive Global MLModel message time spent: 0.0798 seconds
2022-08-03 15:12:28,607 | Send Local MLModel message time spent: 0.0001 seconds
2022-08-03 15:12:28,683 | iteration: 7
2022-08-03 15:12:28,689 | x_train: [[ 51.79 154.62  34.87 ...   0.63   1.97  12.27]
 [ 79.75 138.9    3.89 ...   0.76   3.27  36.31]
 [ 32.46  43.68   3.41 ...   0.68   2.37  13.22]
 ...
 [ 51.38 157.12   2.92 ...   0.14   9.41  82.62]
 [ 54.84 129.88   3.1  ...   0.99   7.32 103.56]
 [ 36.54  80.7    5.62 ...   0.8   21.97  33.05]]
2022-08-03 15:12:28,690 | y_train: [1 1 1 ... 1 1 1]
2022-08-03 15:12:28,691 | len(x_train): 1731
2022-08-03 15:12:28,691 | len(y_train): 1731
2022-08-03 15:12:29,627 | LogReg Training time spent: 0.9474 seconds
2022-08-03 15:12:29,631 | Receive Global MLModel message time spent: 0.0659 seconds
2022-08-03 15:12:29,632 | Send Local MLModel message time spent: 0.0001 seconds
2022-08-03 15:12:30,051 | Modelo gerado evaluate(): [array([[-0.4996812 , -0.3338037 ],
       [-0.49094236, -0.47176516],
       [ 0.23368086, -0.05308316],
       [ 0.42957747,  0.26534218],
       [-0.43727618,  0.00794547],
       [ 0.02201085, -0.04560757],
       [ 0.21745133,  0.46557358],
       [ 0.06586167, -0.04048674],
       [-0.19309056, -0.21294673]], dtype=float32), array([ 0.02024823, -0.02024823], dtype=float32)]
2022-08-03 15:12:30,058 | Receive Global MLModel message time spent: 0.0716 seconds
2022-08-03 15:12:30,059 | Send Local MLModel message time spent: 0.0001 seconds
2022-08-03 15:12:30,125 | iteration: 8
2022-08-03 15:12:30,131 | x_train: [[ 24.25  89.75   2.38 ...   0.23  17.48  22.58]
 [ 73.12 130.55   5.94 ...   0.69  16.04  25.3 ]
 [ 12.27  48.97  13.46 ...   0.61  14.59  23.67]
 ...
 [ 43.   111.75   4.6  ...   0.76  31.8   78.25]
 [ 10.58  21.56   3.53 ...   0.27   5.18  17.19]
 [ 51.34 148.47  11.42 ...   0.78   9.53  76.21]]
2022-08-03 15:12:30,132 | y_train: [1 1 1 ... 1 0 1]
2022-08-03 15:12:30,132 | len(x_train): 1731
2022-08-03 15:12:30,133 | len(y_train): 1731
2022-08-03 15:12:31,720 | LogReg Training time spent: 1.5980 seconds
2022-08-03 15:12:31,726 | Receive Global MLModel message time spent: 0.0575 seconds
2022-08-03 15:12:31,727 | Send Local MLModel message time spent: 0.0001 seconds
2022-08-03 15:12:32,094 | Modelo gerado evaluate(): [array([[-0.49904704, -0.33361325],
       [-0.49174163, -0.47001335],
       [ 0.22306472, -0.04264572],
       [ 0.42416885,  0.27006325],
       [-0.4177919 , -0.011114  ],
       [ 0.01846941, -0.0420428 ],
       [ 0.21776594,  0.46458316],
       [ 0.05941421, -0.03406439],
       [-0.18993644, -0.21569909]], dtype=float32), array([ 0.02193097, -0.02193097], dtype=float32)]
2022-08-03 15:12:32,105 | Receive Global MLModel message time spent: 0.0132 seconds
2022-08-03 15:12:32,106 | Send Local MLModel message time spent: 0.0001 seconds
2022-08-03 15:12:32,122 | iteration: 9
2022-08-03 15:12:32,128 | x_train: [[ 75.09 160.59   7.28 ...   0.45  18.94 114.67]
 [ 23.75  95.25  31.55 ...   0.68  29.98   6.7 ]
 [ 37.75 101.25  36.05 ...   1.92   9.6   16.55]
 ...
 [ 66.75 197.5   11.08 ...   0.56   0.33   7.9 ]
 [  2.    29.    21.1  ...   0.62  11.55   8.  ]
 [ 67.   241.    15.18 ...   1.34   7.83   7.75]]
2022-08-03 15:12:32,129 | y_train: [1 1 1 ... 1 0 1]
2022-08-03 15:12:32,129 | len(x_train): 1731
2022-08-03 15:12:32,130 | len(y_train): 1731
2022-08-03 15:12:33,680 | LogReg Training time spent: 1.5611 seconds
2022-08-03 15:12:33,685 | Receive Global MLModel message time spent: 0.0079 seconds
2022-08-03 15:12:33,686 | Send Local MLModel message time spent: 0.0001 seconds
2022-08-03 15:12:34,045 | Modelo gerado evaluate(): [array([[-0.4951522 , -0.33668417],
       [-0.48686334, -0.47394007],
       [ 0.21498688, -0.03474638],
       [ 0.42043158,  0.27311364],
       [-0.3969055 , -0.03157599],
       [ 0.01755171, -0.04110176],
       [ 0.21812578,  0.46354824],
       [ 0.04988105, -0.02455631],
       [-0.19207236, -0.21316184]], dtype=float32), array([ 0.02360213, -0.02360213], dtype=float32)]
2022-08-03 15:12:34,053 | Receive Global MLModel message time spent: 0.0131 seconds
2022-08-03 15:12:34,053 | Send Local MLModel message time spent: 0.0001 seconds
2022-08-03 15:12:34,076 | iteration: 10
2022-08-03 15:12:34,081 | x_train: [[ 48.    75.     3.   ...   0.87   8.68  82.85]
 [ 34.51  92.39  10.68 ...   1.09   8.29  22.47]
 [121.   177.     1.32 ...   0.05   9.03  19.1 ]
 ...
 [ 38.79 136.93   6.95 ...   0.79  15.78  62.99]
 [ 27.5   63.75   1.92 ...   0.23   2.4   59.1 ]
 [ 63.75 127.8    8.54 ...   0.63   6.47   7.5 ]]
2022-08-03 15:12:34,082 | y_train: [1 1 1 ... 1 1 1]
2022-08-03 15:12:34,083 | len(x_train): 1731
2022-08-03 15:12:34,083 | len(y_train): 1731
2022-08-03 15:12:35,023 | LogReg Training time spent: 0.9502 seconds
2022-08-03 15:12:35,027 | Receive Global MLModel message time spent: 0.0143 seconds
2022-08-03 15:12:35,028 | Send Local MLModel message time spent: 0.0001 seconds
2022-08-03 15:12:35,388 | Modelo gerado evaluate(): [array([[-0.49424893, -0.33676443],
       [-0.48774374, -0.47210905],
       [ 0.2016927 , -0.02163054],
       [ 0.41577756,  0.27708143],
       [-0.37865588, -0.04940169],
       [ 0.01249726, -0.03602401],
       [ 0.21840262,  0.4625969 ],
       [ 0.04282212, -0.01752244],
       [-0.19309485, -0.21173841]], dtype=float32), array([ 0.02518958, -0.02518958], dtype=float32)]
2022-08-03 15:12:35,394 | Receive Global MLModel message time spent: 0.0120 seconds
2022-08-03 15:12:35,395 | Send Local MLModel message time spent: 0.0001 seconds
2022-08-03 15:12:35,411 | iteration: 11
2022-08-03 15:12:35,416 | x_train: [[ 76.35 222.2    6.83 ...   1.15  14.27  72.77]
 [ 36.7   65.4    3.14 ...   0.38   7.47  28.82]
 [ 29.38  82.75   2.59 ...   0.2    3.26  46.46]
 ...
 [ 19.    17.5    2.08 ...   1.28   4.77  11.1 ]
 [ 38.   126.     4.25 ...   1.06  10.95   7.5 ]
 [ 64.5  143.5    9.91 ...   0.36   8.91  34.86]]
2022-08-03 15:12:35,418 | y_train: [1 1 1 ... 1 1 1]
2022-08-03 15:12:35,418 | len(x_train): 1731
2022-08-03 15:12:35,418 | len(y_train): 1731
2022-08-03 15:12:36,396 | LogReg Training time spent: 0.9878 seconds
2022-08-03 15:12:36,401 | Receive Global MLModel message time spent: 0.0080 seconds
2022-08-03 15:12:36,403 | Send Local MLModel message time spent: 0.0001 seconds
2022-08-03 15:12:36,780 | Modelo gerado evaluate(): [array([[-0.4885714 , -0.34161976],
       [-0.48597938, -0.47292373],
       [ 0.19218555, -0.01230155],
       [ 0.4096947 ,  0.28247866],
       [-0.3597183 , -0.06791576],
       [ 0.01136008, -0.03486356],
       [ 0.21875226,  0.46157342],
       [ 0.03991064, -0.01463599],
       [-0.19434805, -0.21008465]], dtype=float32), array([ 0.02677545, -0.02677545], dtype=float32)]
2022-08-03 15:12:36,791 | Receive Global MLModel message time spent: 0.0185 seconds
2022-08-03 15:12:36,792 | Send Local MLModel message time spent: 0.0001 seconds
2022-08-03 15:12:36,809 | iteration: 12
2022-08-03 15:12:36,814 | x_train: [[ 17.75  44.5    2.33 ...   0.35   6.75  12.75]
 [ 11.41  34.3    1.61 ...   0.44   8.14  31.2 ]
 [ 12.39  34.43  11.19 ...   0.15   5.17  43.93]
 ...
 [ 78.07 115.64  22.28 ...   1.25  16.03  25.81]
 [ 28.2   50.5    3.6  ...   0.28   4.9   21.75]
 [ 86.99 189.42  13.73 ...   1.13  17.41  34.01]]
2022-08-03 15:12:36,815 | y_train: [1 0 1 ... 1 0 1]
2022-08-03 15:12:36,816 | len(x_train): 1731
2022-08-03 15:12:36,816 | len(y_train): 1731
2022-08-03 15:12:37,743 | LogReg Training time spent: 0.9375 seconds
2022-08-03 15:12:37,748 | Receive Global MLModel message time spent: 0.0078 seconds
2022-08-03 15:12:37,749 | Send Local MLModel message time spent: 0.0001 seconds
2022-08-03 15:12:38,116 | Modelo gerado evaluate(): [array([[-0.48555797, -0.34381178],
       [-0.48596886, -0.47198546],
       [ 0.18025771, -0.00055168],
       [ 0.4063561 ,  0.28513244],
       [-0.340955  , -0.08625597],
       [ 0.0105106 , -0.03399082],
       [ 0.21912251,  0.46053   ],
       [ 0.03745315, -0.01220351],
       [-0.19437481, -0.20965774]], dtype=float32), array([ 0.02846946, -0.02846946], dtype=float32)]
2022-08-03 15:12:38,127 | Receive Global MLModel message time spent: 0.0123 seconds
2022-08-03 15:12:38,128 | Send Local MLModel message time spent: 0.0001 seconds
2022-08-03 15:12:38,147 | iteration: 13
2022-08-03 15:12:38,153 | x_train: [[ 50.57 105.52  77.67 ...   1.19   9.69   3.19]
 [ 17.06  44.93   2.89 ...   0.28   1.49  17.17]
 [ 55.37  96.16   9.8  ...   0.37   8.84  16.67]
 ...
 [ 43.45  82.05   2.28 ...   0.59   9.41  35.83]
 [ 58.36 110.25   4.88 ...   0.8    7.22  80.48]
 [ 27.25  49.25   3.3  ...   0.9    9.75  65.92]]
2022-08-03 15:12:38,155 | y_train: [1 1 1 ... 1 1 1]
2022-08-03 15:12:38,155 | len(x_train): 1731
2022-08-03 15:12:38,155 | len(y_train): 1731
2022-08-03 15:12:39,075 | LogReg Training time spent: 0.9309 seconds
2022-08-03 15:12:39,079 | Receive Global MLModel message time spent: 0.0096 seconds
2022-08-03 15:12:39,081 | Send Local MLModel message time spent: 0.0002 seconds
2022-08-03 15:12:39,447 | Modelo gerado evaluate(): [array([[-0.48041102, -0.34813815],
       [-0.4835622 , -0.47344425],
       [ 0.1660938 ,  0.01343443],
       [ 0.39910287,  0.2917015 ],
       [-0.32664612, -0.10014209],
       [ 0.01229474, -0.03575173],
       [ 0.21933608,  0.45964402],
       [ 0.03191632, -0.00669167],
       [-0.19681865, -0.20681415]], dtype=float32), array([ 0.02994645, -0.02994645], dtype=float32)]
2022-08-03 15:12:39,455 | Receive Global MLModel message time spent: 0.0115 seconds
2022-08-03 15:12:39,456 | Send Local MLModel message time spent: 0.0001 seconds
2022-08-03 15:12:39,484 | iteration: 14
2022-08-03 15:12:39,490 | x_train: [[ 33.96  95.85   2.   ...   0.78   5.94  46.54]
 [ 56.75 124.75   8.6  ...   0.38  69.78  49.82]
 [ 45.    98.5   14.08 ...   1.     3.    25.45]
 ...
 [ 71.38 128.5    5.39 ...   0.59  48.17  82.64]
 [107.34 296.2   10.7  ...   1.02  13.79  39.9 ]
 [ 90.79 199.52   4.75 ...   1.72   2.21  18.97]]
2022-08-03 15:12:39,491 | y_train: [1 1 1 ... 1 1 1]
2022-08-03 15:12:39,491 | len(x_train): 1731
2022-08-03 15:12:39,492 | len(y_train): 1731
2022-08-03 15:12:40,462 | LogReg Training time spent: 0.9811 seconds
2022-08-03 15:12:40,467 | Receive Global MLModel message time spent: 0.0197 seconds
2022-08-03 15:12:40,468 | Send Local MLModel message time spent: 0.0001 seconds
2022-08-03 15:12:40,867 | Modelo gerado evaluate(): [array([[-0.47858888, -0.3491405 ],
       [-0.4837841 , -0.47227544],
       [ 0.1560906 ,  0.02326   ],
       [ 0.39258656,  0.29753432],
       [-0.3105668 , -0.11579911],
       [ 0.00906088, -0.03249466],
       [ 0.21952774,  0.45878053],
       [ 0.02912606, -0.00392637],
       [-0.19448555, -0.20874791]], dtype=float32), array([ 0.03138554, -0.03138554], dtype=float32)]
2022-08-03 15:12:40,874 | Receive Global MLModel message time spent: 0.0365 seconds
2022-08-03 15:12:40,875 | Send Local MLModel message time spent: 0.0001 seconds
2022-08-03 15:12:40,891 | iteration: 15
2022-08-03 15:12:40,896 | x_train: [[ 23.98  46.39   6.83 ...   0.52   1.99  16.89]
 [ 51.84 148.09  20.54 ...   0.     7.09   9.28]
 [101.53 250.    46.41 ...   1.39  12.17  19.56]
 ...
 [ 17.75  38.25  21.37 ...   0.86  12.97  18.78]
 [ 56.46 161.68   7.27 ...   2.36  11.89 105.25]
 [ 39.01  89.22   2.91 ...   1.06  13.66  69.81]]
2022-08-03 15:12:40,898 | y_train: [1 1 1 ... 1 1 1]
2022-08-03 15:12:40,898 | len(x_train): 1731
2022-08-03 15:12:40,899 | len(y_train): 1731
2022-08-03 15:12:41,833 | LogReg Training time spent: 0.9444 seconds
2022-08-03 15:12:41,842 | Receive Global MLModel message time spent: 0.0078 seconds
2022-08-03 15:12:41,843 | Send Local MLModel message time spent: 0.0001 seconds
2022-08-03 15:12:42,210 | Modelo gerado evaluate(): [array([[-0.4730177 , -0.35389274],
       [-0.48282668, -0.47228697],
       [ 0.14635833,  0.03281481],
       [ 0.38650504,  0.30293304],
       [-0.2976212 , -0.1283229 ],
       [ 0.00696643, -0.03037703],
       [ 0.21973929,  0.4578978 ],
       [ 0.02554571, -0.00037096],
       [-0.19828646, -0.20454802]], dtype=float32), array([ 0.03270152, -0.03270152], dtype=float32)]
2022-08-03 15:12:42,218 | Receive Global MLModel message time spent: 0.0085 seconds
2022-08-03 15:12:42,219 | Send Local MLModel message time spent: 0.0001 seconds
2022-08-03 15:12:42,239 | iteration: 16
2022-08-03 15:12:42,245 | x_train: [[ 26.18 126.13   3.67 ...   0.76  11.35  75.88]
 [ 29.95  83.38   1.37 ...   0.66  11.04  28.18]
 [ 78.25 119.25   1.93 ...   0.    11.45  67.6 ]
 ...
 [ 86.    94.    12.83 ...   0.4   79.9   33.7 ]
 [ 30.    62.     9.28 ...   0.76   7.03  14.23]
 [ 92.75 177.5    2.72 ...   0.74  25.07 146.67]]
2022-08-03 15:12:42,246 | y_train: [1 1 1 ... 1 0 1]
2022-08-03 15:12:42,247 | len(x_train): 1731
2022-08-03 15:12:42,247 | len(y_train): 1731
2022-08-03 15:12:43,192 | LogReg Training time spent: 0.9564 seconds
2022-08-03 15:12:43,197 | Receive Global MLModel message time spent: 0.0110 seconds
2022-08-03 15:12:43,198 | Send Local MLModel message time spent: 0.0001 seconds
2022-08-03 15:12:43,564 | Modelo gerado evaluate(): [array([[-0.46618396, -0.35990828],
       [-0.48296976, -0.47119883],
       [ 0.13855517,  0.04044073],
       [ 0.38474527,  0.30401066],
       [-0.28550956, -0.1400131 ],
       [ 0.00596278, -0.02935021],
       [ 0.21990229,  0.45706433],
       [ 0.0253291 , -0.00017925],
       [-0.19865292, -0.20378296]], dtype=float32), array([ 0.03403914, -0.03403913], dtype=float32)]
2022-08-03 15:12:43,571 | Receive Global MLModel message time spent: 0.0088 seconds
2022-08-03 15:12:43,572 | Send Local MLModel message time spent: 0.0001 seconds
2022-08-03 15:12:43,590 | iteration: 17
2022-08-03 15:12:43,595 | x_train: [[ 55.81 105.7    4.59 ...   0.62   3.94  18.08]
 [ 33.25 109.25   5.3  ...   0.88  14.25  23.07]
 [ 33.25  85.     5.64 ...   0.46   5.22  26.74]
 ...
 [ 91.28 226.31  48.4  ...   2.3   14.08  32.92]
 [ 47.   109.     3.43 ...   0.82   4.62 108.22]
 [ 16.    36.5   17.88 ...   0.35  11.65  29.8 ]]
2022-08-03 15:12:43,597 | y_train: [1 1 1 ... 1 1 0]
2022-08-03 15:12:43,597 | len(x_train): 1731
2022-08-03 15:12:43,597 | len(y_train): 1731
2022-08-03 15:12:44,577 | LogReg Training time spent: 0.9900 seconds
2022-08-03 15:12:44,583 | Receive Global MLModel message time spent: 0.0097 seconds
2022-08-03 15:12:44,584 | Send Local MLModel message time spent: 0.0001 seconds
2022-08-03 15:12:44,952 | Modelo gerado evaluate(): [array([[-0.46192017, -0.3633547 ],
       [-0.48399705, -0.4692275 ],
       [ 0.12908833,  0.04973048],
       [ 0.37830326,  0.30977118],
       [-0.2754046 , -0.14969702],
       [ 0.00690439, -0.03026869],
       [ 0.220017  ,  0.45627984],
       [ 0.02453258,  0.00059239],
       [-0.1981347 , -0.20390297]], dtype=float32), array([ 0.03538166, -0.03538166], dtype=float32)]
2022-08-03 15:12:44,960 | Receive Global MLModel message time spent: 0.0112 seconds
2022-08-03 15:12:44,961 | Send Local MLModel message time spent: 0.0002 seconds
2022-08-03 15:12:44,981 | iteration: 18
2022-08-03 15:12:44,989 | x_train: [[ 75.71 146.48  29.24 ...   0.87  14.57  24.49]
 [ 57.59  72.86   7.76 ...   0.78   6.14   4.39]
 [ 19.75  71.25   5.2  ...   0.34   7.88   5.1 ]
 ...
 [ 33.17  70.99   0.66 ...   0.6   14.69  61.48]
 [107.71 245.19  14.08 ...   8.32  13.36  47.07]
 [ 44.75  96.3    9.82 ...   0.52   5.95  10.  ]]
2022-08-03 15:12:44,991 | y_train: [1 1 1 ... 1 1 1]
2022-08-03 15:12:44,991 | len(x_train): 1731
2022-08-03 15:12:44,992 | len(y_train): 1731
2022-08-03 15:12:45,968 | LogReg Training time spent: 0.9908 seconds
2022-08-03 15:12:45,973 | Receive Global MLModel message time spent: 0.0102 seconds
2022-08-03 15:12:45,974 | Send Local MLModel message time spent: 0.0001 seconds
2022-08-03 15:12:46,360 | Modelo gerado evaluate(): [array([[-0.45740506, -0.3670533 ],
       [-0.485015  , -0.46726635],
       [ 0.12423403,  0.05440785],
       [ 0.3729054 ,  0.3144883 ],
       [-0.26449054, -0.1601905 ],
       [ 0.0054083 , -0.02874948],
       [ 0.22009291,  0.45553485],
       [ 0.02280086,  0.00229924],
       [-0.19812791, -0.203512  ]], dtype=float32), array([ 0.03663594, -0.03663594], dtype=float32)]
2022-08-03 15:12:46,368 | Receive Global MLModel message time spent: 0.0315 seconds
2022-08-03 15:12:46,368 | Send Local MLModel message time spent: 0.0001 seconds
2022-08-03 15:12:46,386 | iteration: 19
2022-08-03 15:12:46,391 | x_train: [[ 83.5   94.    10.55 ...   0.72  61.23  33.95]
 [ 38.75  70.5    7.95 ...   0.4   15.    75.92]
 [ 52.67  84.94  27.48 ...   5.72   4.93  18.04]
 ...
 [ 13.5   44.25   2.35 ...   0.79   9.72  12.75]
 [ 54.5  109.5    8.85 ...   0.41   7.45  30.6 ]
 [ 31.93  54.97   4.93 ...   0.89  21.6   10.5 ]]
2022-08-03 15:12:46,392 | y_train: [1 1 1 ... 0 1 1]
2022-08-03 15:12:46,393 | len(x_train): 1731
2022-08-03 15:12:46,393 | len(y_train): 1731
2022-08-03 15:12:47,309 | LogReg Training time spent: 0.9262 seconds
2022-08-03 15:12:47,320 | Receive Global MLModel message time spent: 0.0090 seconds
2022-08-03 15:12:47,321 | Send Local MLModel message time spent: 0.0001 seconds
2022-08-03 15:12:47,688 | Modelo gerado evaluate(): [array([[-0.45395008, -0.36969256],
       [-0.48548013, -0.465859  ],
       [ 0.11837727,  0.06008784],
       [ 0.36908185,  0.3176317 ],
       [-0.2573644 , -0.16689649],
       [ 0.00535872, -0.02867681],
       [ 0.220109  ,  0.45485032],
       [ 0.02543878, -0.00036351],
       [-0.19862545, -0.20261708]], dtype=float32), array([ 0.03772637, -0.03772637], dtype=float32)]
2022-08-03 15:12:47,699 | Receive Global MLModel message time spent: 0.0096 seconds
2022-08-03 15:12:47,700 | Send Local MLModel message time spent: 0.0001 seconds
2022-08-03 15:12:47,717 | iteration: 20
2022-08-03 15:12:47,723 | x_train: [[  9.84  39.83  13.26 ...   0.45   6.28  15.45]
 [ 33.    91.39   1.81 ...   0.41  10.95  23.73]
 [ 60.5  132.25  12.47 ...   0.47   5.17  57.7 ]
 ...
 [ 93.78 146.38  21.87 ...   1.21  13.58  19.47]
 [ 31.33 102.3    1.37 ...   0.33   6.15  56.29]
 [ 13.79  35.95   2.74 ...   0.33   5.26  17.96]]
2022-08-03 15:12:47,724 | y_train: [1 1 1 ... 1 1 0]
2022-08-03 15:12:47,724 | len(x_train): 1731
2022-08-03 15:12:47,725 | len(y_train): 1731
2022-08-03 15:12:49,320 | LogReg Training time spent: 1.6058 seconds
2022-08-03 15:12:49,325 | Receive Global MLModel message time spent: 0.0079 seconds
2022-08-03 15:12:49,326 | Send Local MLModel message time spent: 0.0002 seconds
2022-08-03 15:12:49,699 | Modelo gerado evaluate(): [array([[-0.45199755, -0.37083018],
       [-0.48696986, -0.46342802],
       [ 0.11228832,  0.06600021],
       [ 0.36529782,  0.3207363 ],
       [-0.24933405, -0.17450707],
       [ 0.00355231, -0.02684732],
       [ 0.22012699,  0.4541645 ],
       [ 0.02433158,  0.00071889],
       [-0.19796853, -0.202877  ]], dtype=float32), array([ 0.03884943, -0.03884942], dtype=float32)]
2022-08-03 15:12:49,707 | Receive Global MLModel message time spent: 0.0131 seconds
2022-08-03 15:12:49,707 | Send Local MLModel message time spent: 0.0001 seconds
2022-08-03 15:12:49,731 | iteration: 21
2022-08-03 15:12:49,737 | x_train: [[ 42.12  59.75   3.52 ...   0.     5.12  28.84]
 [ 19.    50.5    9.25 ...   0.65  12.12  11.88]
 [ 14.36  33.69   4.88 ...   0.62   6.85  72.76]
 ...
 [ 12.63  25.42   4.   ...   0.24   4.89  31.09]
 [ 26.73  55.83   3.67 ...   0.28   6.22  16.16]
 [ 83.64 177.55  20.2  ...   1.69   7.33  24.04]]
2022-08-03 15:12:49,738 | y_train: [1 1 1 ... 0 1 1]
2022-08-03 15:12:49,739 | len(x_train): 1731
2022-08-03 15:12:49,739 | len(y_train): 1731
2022-08-03 15:12:50,680 | LogReg Training time spent: 0.9519 seconds
2022-08-03 15:12:50,685 | Receive Global MLModel message time spent: 0.0157 seconds
2022-08-03 15:12:50,686 | Send Local MLModel message time spent: 0.0001 seconds
2022-08-03 15:12:51,052 | Modelo gerado evaluate(): [array([[-0.44810367, -0.37391   ],
       [-0.484288  , -0.46516955],
       [ 0.10879759,  0.06931453],
       [ 0.3633069 ,  0.32204846],
       [-0.24047595, -0.1829458 ],
       [ 0.00329821, -0.02657017],
       [ 0.22011916,  0.45350516],
       [ 0.02452589,  0.00049979],
       [-0.19940579, -0.20104313]], dtype=float32), array([ 0.04006889, -0.04006888], dtype=float32)]
2022-08-03 15:12:51,063 | Receive Global MLModel message time spent: 0.0083 seconds
2022-08-03 15:12:51,064 | Send Local MLModel message time spent: 0.0001 seconds
2022-08-03 15:12:51,087 | iteration: 22
2022-08-03 15:12:51,093 | x_train: [[ 69.88 193.36   2.43 ...   0.92   5.08  30.45]
 [ 39.22  58.93   4.9  ...   0.51  12.51  83.28]
 [ 48.62 146.     4.32 ...   0.     8.32  20.28]
 ...
 [ 16.71  52.4    2.82 ...   0.31   6.02  12.5 ]
 [151.05 389.83  28.23 ...   4.29   4.85  21.31]
 [ 24.75  68.62   3.48 ...   0.05   8.83  48.18]]
2022-08-03 15:12:51,094 | y_train: [1 1 1 ... 1 1 1]
2022-08-03 15:12:51,094 | len(x_train): 1731
2022-08-03 15:12:51,095 | len(y_train): 1731
2022-08-03 15:12:52,011 | LogReg Training time spent: 0.9264 seconds
2022-08-03 15:12:52,016 | Receive Global MLModel message time spent: 0.0149 seconds
2022-08-03 15:12:52,017 | Send Local MLModel message time spent: 0.0001 seconds
2022-08-03 15:12:52,384 | Modelo gerado evaluate(): [array([[-0.44559067, -0.37560967],
       [-0.4851404 , -0.46337777],
       [ 0.1062538 ,  0.0716821 ],
       [ 0.35941327,  0.32526407],
       [-0.23543268, -0.18757014],
       [ 0.00202274, -0.02527168],
       [ 0.21998973,  0.45296815],
       [ 0.02381161,  0.0011893 ],
       [-0.19908038, -0.20097235]], dtype=float32), array([ 0.0411372, -0.0411372], dtype=float32)]
2022-08-03 15:12:52,392 | Receive Global MLModel message time spent: 0.0103 seconds
2022-08-03 15:12:52,393 | Send Local MLModel message time spent: 0.0001 seconds
2022-08-03 15:12:52,413 | iteration: 23
2022-08-03 15:12:52,418 | x_train: [[ 37.   104.     2.05 ...   0.65   5.17  38.5 ]
 [ 55.57 109.16  21.02 ...   0.96   8.08   2.38]
 [ 37.12  75.85   2.7  ...   0.81   7.13  30.39]
 ...
 [ 26.92  73.1    4.67 ...   0.65  13.8    7.26]
 [ 33.2   98.38  15.78 ...   0.67  15.33  56.78]
 [ 17.7   64.15   4.33 ...   0.39  12.33  19.03]]
2022-08-03 15:12:52,420 | y_train: [1 1 1 ... 1 1 1]
2022-08-03 15:12:52,420 | len(x_train): 1731
2022-08-03 15:12:52,421 | len(y_train): 1731
2022-08-03 15:12:54,014 | LogReg Training time spent: 1.6039 seconds
2022-08-03 15:12:54,019 | Receive Global MLModel message time spent: 0.0124 seconds
2022-08-03 15:12:54,020 | Send Local MLModel message time spent: 0.0002 seconds
2022-08-03 15:12:54,397 | Modelo gerado evaluate(): [array([[-0.4441969 , -0.37619084],
       [-0.48638257, -0.46119708],
       [ 0.10134591,  0.07641393],
       [ 0.35572   ,  0.32827985],
       [-0.23079425, -0.19179006],
       [ 0.00058351, -0.02380945],
       [ 0.21989597,  0.4523961 ],
       [ 0.02404331,  0.00093287],
       [-0.19825493, -0.20140202]], dtype=float32), array([ 0.04215645, -0.04215644], dtype=float32)]
2022-08-03 15:12:54,405 | Receive Global MLModel message time spent: 0.0139 seconds
2022-08-03 15:12:54,407 | Send Local MLModel message time spent: 0.0003 seconds
2022-08-03 15:12:54,422 | iteration: 24
2022-08-03 15:12:54,428 | x_train: [[202.79 356.56  26.39 ...   1.49  19.48  67.49]
 [ 92.75 160.25  15.88 ...   1.35   9.45  12.12]
 [ 46.46 117.18  23.57 ...   0.88  12.45  21.13]
 ...
 [ 56.72 113.05  52.73 ...   0.62  10.44  46.13]
 [ 77.94 171.62  99.14 ...   1.47  10.07   9.44]
 [213.58 316.16   2.72 ...   2.35   3.22  78.64]]
2022-08-03 15:12:54,429 | y_train: [1 1 1 ... 1 1 1]
2022-08-03 15:12:54,430 | len(x_train): 1731
2022-08-03 15:12:54,430 | len(y_train): 1731
2022-08-03 15:12:55,980 | LogReg Training time spent: 1.5603 seconds
2022-08-03 15:12:55,985 | Receive Global MLModel message time spent: 0.0072 seconds
2022-08-03 15:12:55,986 | Send Local MLModel message time spent: 0.0005 seconds
2022-08-03 15:12:56,350 | Modelo gerado evaluate(): [array([[-0.4426998 , -0.37687626],
       [-0.48654655, -0.46009552],
       [ 0.09789466,  0.07968931],
       [ 0.3543976 ,  0.32892558],
       [-0.22493784, -0.19722833],
       [ 0.00170511, -0.02490807],
       [ 0.21981207,  0.45181483],
       [ 0.02370674,  0.00124474],
       [-0.19741195, -0.20184956]], dtype=float32), array([ 0.04335583, -0.04335582], dtype=float32)]
2022-08-03 15:12:56,360 | Receive Global MLModel message time spent: 0.0102 seconds
2022-08-03 15:12:56,361 | Send Local MLModel message time spent: 0.0001 seconds
2022-08-03 15:12:56,383 | iteration: 25
2022-08-03 15:12:56,388 | x_train: [[ 20.17  38.     2.25 ...   0.3    5.29  26.7 ]
 [ 94.1  156.42  13.59 ...   0.93  12.54  19.69]
 [ 54.58 144.6   10.04 ...   0.64  32.4   54.08]
 ...
 [ 76.58 124.6   90.68 ...   1.68  12.43   4.77]
 [ 27.    88.25  11.98 ...   0.72  16.47  13.5 ]
 [ 53.25 110.75   6.88 ...   0.     2.93  40.88]]
2022-08-03 15:12:56,390 | y_train: [0 1 1 ... 1 1 1]
2022-08-03 15:12:56,390 | len(x_train): 1731
2022-08-03 15:12:56,391 | len(y_train): 1731
2022-08-03 15:12:57,307 | LogReg Training time spent: 0.9274 seconds
2022-08-03 15:12:57,313 | Receive Global MLModel message time spent: 0.0128 seconds
2022-08-03 15:12:57,314 | Send Local MLModel message time spent: 0.0001 seconds
2022-08-03 15:12:57,678 | Modelo gerado evaluate(): [array([[-0.44061157, -0.37815362],
       [-0.48659968, -0.45910573],
       [ 0.09513506,  0.0822732 ],
       [ 0.35235244,  0.33029467],
       [-0.2218297 , -0.19991878],
       [ 0.0001098 , -0.0232898 ],
       [ 0.21967497,  0.4512874 ],
       [ 0.02435254,  0.00057425],
       [-0.19970685, -0.1991596 ]], dtype=float32), array([ 0.04438801, -0.04438801], dtype=float32)]
2022-08-03 15:12:57,686 | Receive Global MLModel message time spent: 0.0101 seconds
2022-08-03 15:12:57,687 | Send Local MLModel message time spent: 0.0002 seconds
2022-08-03 15:12:57,705 | iteration: 26
2022-08-03 15:12:57,711 | x_train: [[ 15.2   28.3    5.36 ...   0.69  11.84   9.39]
 [  5.15  71.08  17.84 ...   0.85  10.94  32.52]
 [ 39.28  96.97  69.93 ...   0.2    8.55  19.96]
 ...
 [ 49.25  97.6    1.42 ...   0.74   6.32  61.83]
 [ 53.25  85.25   2.73 ...   0.63   3.88  67.7 ]
 [ 81.12 285.75  13.92 ...   0.35  55.65  17.02]]
2022-08-03 15:12:57,713 | y_train: [0 1 1 ... 1 1 1]
2022-08-03 15:12:57,713 | len(x_train): 1731
2022-08-03 15:12:57,714 | len(y_train): 1731
2022-08-03 15:12:58,707 | LogReg Training time spent: 1.0058 seconds
2022-08-03 15:12:58,713 | Receive Global MLModel message time spent: 0.0081 seconds
2022-08-03 15:12:58,714 | Send Local MLModel message time spent: 0.0001 seconds
2022-08-03 15:12:59,081 | Modelo gerado evaluate(): [array([[-0.43959275, -0.37836242],
       [-0.48693725, -0.45783255],
       [ 0.09184227,  0.08539047],
       [ 0.35273314,  0.32923856],
       [-0.21781059, -0.2035206 ],
       [-0.000059  , -0.02309807],
       [ 0.21957265,  0.45072585],
       [ 0.02457664,  0.00032548],
       [-0.19722085, -0.20125099]], dtype=float32), array([ 0.04543601, -0.04543601], dtype=float32)]
2022-08-03 15:12:59,088 | Receive Global MLModel message time spent: 0.0097 seconds
2022-08-03 15:12:59,089 | Send Local MLModel message time spent: 0.0001 seconds
2022-08-03 15:12:59,106 | iteration: 27
2022-08-03 15:12:59,111 | x_train: [[ 35.    68.    13.   ...   1.03  14.4    8.05]
 [ 33.25 110.75   7.03 ...   0.76   3.38  10.05]
 [ 13.87  27.47   3.71 ...   0.49   4.53  40.58]
 ...
 [ 13.56  35.67   3.68 ...   0.18   6.67   8.8 ]
 [134.82 342.77  17.21 ...   0.74  17.8    8.97]
 [ 60.5   94.25   1.32 ...   1.36   6.73  48.2 ]]
2022-08-03 15:12:59,113 | y_train: [1 1 0 ... 0 1 1]
2022-08-03 15:12:59,113 | len(x_train): 1731
2022-08-03 15:12:59,113 | len(y_train): 1731
2022-08-03 15:13:00,088 | LogReg Training time spent: 0.9846 seconds
2022-08-03 15:13:00,093 | Receive Global MLModel message time spent: 0.0086 seconds
2022-08-03 15:13:00,094 | Send Local MLModel message time spent: 0.0002 seconds
2022-08-03 15:13:00,484 | Modelo gerado evaluate(): [array([[-0.4397345 , -0.37741143],
       [-0.48803782, -0.45579717],
       [ 0.08876698,  0.0882904 ],
       [ 0.34960553,  0.33169138],
       [-0.21589236, -0.20502193],
       [-0.00168746, -0.0214467 ],
       [ 0.21942733,  0.45020798],
       [ 0.02419866,  0.00067882],
       [-0.19733918, -0.20073839]], dtype=float32), array([ 0.04638599, -0.04638599], dtype=float32)]
2022-08-03 15:13:00,494 | Receive Global MLModel message time spent: 0.0130 seconds
2022-08-03 15:13:00,495 | Send Local MLModel message time spent: 0.0002 seconds
2022-08-03 15:13:00,521 | iteration: 28
2022-08-03 15:13:00,526 | x_train: [[ 50.84  91.06  24.91 ...   1.69  17.81   8.69]
 [ 43.43 106.87  12.45 ...   1.02  10.78  72.58]
 [ 99.08 344.2   30.8  ...   2.43  25.4   32.95]
 ...
 [ 25.38  54.19   4.83 ...   0.47  17.    27.36]
 [137.94 287.16  40.95 ...   1.33  10.93  20.8 ]
 [ 66.88 134.45  15.83 ...   0.93  19.55  21.78]]
2022-08-03 15:13:00,528 | y_train: [1 1 1 ... 1 1 1]
2022-08-03 15:13:00,528 | len(x_train): 1731
2022-08-03 15:13:00,529 | len(y_train): 1731
2022-08-03 15:13:01,448 | LogReg Training time spent: 0.9298 seconds
2022-08-03 15:13:01,453 | Receive Global MLModel message time spent: 0.0171 seconds
2022-08-03 15:13:01,454 | Send Local MLModel message time spent: 0.0001 seconds
2022-08-03 15:13:01,818 | Modelo gerado evaluate(): [array([[-0.4371067 , -0.37923068],
       [-0.4861113 , -0.4567899 ],
       [ 0.08680583,  0.09007635],
       [ 0.34882578,  0.33179706],
       [-0.21285465, -0.20764314],
       [ 0.00000602, -0.02311729],
       [ 0.2193206 ,  0.4496522 ],
       [ 0.02424083,  0.00061203],
       [-0.19622183, -0.20146187]], dtype=float32), array([ 0.04746285, -0.04746285], dtype=float32)]
2022-08-03 15:13:01,828 | Receive Global MLModel message time spent: 0.0115 seconds
2022-08-03 15:13:01,829 | Send Local MLModel message time spent: 0.0001 seconds
2022-08-03 15:13:01,844 | iteration: 29
2022-08-03 15:13:01,850 | x_train: [[ 10.96  34.35   5.03 ...   0.17   5.62  22.61]
 [ 68.99 202.44  31.32 ...   1.28   9.83  62.75]
 [ 61.52 126.2   10.86 ...   0.95   8.35  47.18]
 ...
 [123.64 228.15  72.3  ...   1.43  15.45  18.13]
 [ 32.75  59.     3.8  ...   0.32   3.03  11.72]
 [ 34.75  90.8    1.26 ...   0.38   4.26  81.25]]
2022-08-03 15:13:01,851 | y_train: [1 1 1 ... 1 1 1]
2022-08-03 15:13:01,851 | len(x_train): 1731
2022-08-03 15:13:01,852 | len(y_train): 1731
2022-08-03 15:13:03,455 | LogReg Training time spent: 1.6142 seconds
2022-08-03 15:13:03,461 | Receive Global MLModel message time spent: 0.0058 seconds
2022-08-03 15:13:03,462 | Send Local MLModel message time spent: 0.0001 seconds
2022-08-03 15:13:03,841 | Modelo gerado evaluate(): [array([[-0.43604544, -0.37948424],
       [-0.48333207, -0.45863622],
       [ 0.0850104 ,  0.09169677],
       [ 0.34727988,  0.3326695 ],
       [-0.21042407, -0.20965767],
       [-0.00025764, -0.02283075],
       [ 0.21917877,  0.44913214],
       [ 0.02451424,  0.00031403],
       [-0.19806284, -0.1992274 ]], dtype=float32), array([ 0.04849251, -0.04849251], dtype=float32)]
2022-08-03 15:13:03,851 | Receive Global MLModel message time spent: 0.0163 seconds
2022-08-03 15:13:03,853 | Send Local MLModel message time spent: 0.0001 seconds
2022-08-03 15:13:03,873 | iteration: 30
2022-08-03 15:13:03,878 | x_train: [[147.57 201.    12.59 ...  12.99   6.83  21.11]
 [132.75 197.75  44.25 ...   1.44  10.67  12.72]
 [ 60.75 105.5    4.33 ...   0.82  15.3  118.37]
 ...
 [ 56.    94.   103.27 ...   2.    20.95  11.95]
 [ 71.83 152.35   6.7  ...   0.76   9.3   33.81]
 [ 68.84 190.7    8.87 ...   0.65  10.43  53.68]]
2022-08-03 15:13:03,880 | y_train: [1 1 1 ... 1 1 1]
2022-08-03 15:13:03,880 | len(x_train): 1731
2022-08-03 15:13:03,881 | len(y_train): 1731
2022-08-03 15:13:04,804 | LogReg Training time spent: 0.9337 seconds
2022-08-03 15:13:04,809 | Receive Global MLModel message time spent: 0.0119 seconds
2022-08-03 15:13:04,810 | Send Local MLModel message time spent: 0.0001 seconds
2022-08-03 15:13:05,173 | Modelo gerado evaluate(): [array([[-0.4349192 , -0.37980357],
       [-0.48150668, -0.45952958],
       [ 0.08305976,  0.09347259],
       [ 0.34526196,  0.33401468],
       [-0.20831016, -0.21135597],
       [ 0.00127662, -0.02434217],
       [ 0.2190122 ,  0.4486375 ],
       [ 0.02519643, -0.00039272],
       [-0.19670235, -0.20019479]], dtype=float32), array([ 0.04959075, -0.04959075], dtype=float32)]
2022-08-03 15:13:05,180 | Receive Global MLModel message time spent: 0.0095 seconds
2022-08-03 15:13:05,181 | Send Local MLModel message time spent: 0.0001 seconds
2022-08-03 15:13:05,197 | iteration: 31
2022-08-03 15:13:05,203 | x_train: [[ 65.   114.     3.88 ...   1.09   4.35  79.72]
 [ 65.29 146.05   2.79 ...   0.46  17.49  68.14]
 [ 53.99  85.48  22.58 ...   0.84  10.24  21.89]
 ...
 [ 30.14  45.92  10.87 ...   0.48   3.09   6.89]
 [ 19.    36.31   2.24 ...   0.3    4.66  26.85]
 [ 13.19  25.19   5.74 ...   0.44   3.97  18.22]]
2022-08-03 15:13:05,204 | y_train: [1 1 1 ... 0 1 0]
2022-08-03 15:13:05,204 | len(x_train): 1730
2022-08-03 15:13:05,205 | len(y_train): 1730
2022-08-03 15:13:06,132 | LogReg Training time spent: 0.9379 seconds
2022-08-03 15:13:06,137 | Receive Global MLModel message time spent: 0.0078 seconds
2022-08-03 15:13:06,138 | Send Local MLModel message time spent: 0.0002 seconds
2022-08-03 15:13:06,504 | Modelo gerado evaluate(): [array([[-0.4357182 , -0.37819844],
       [-0.48728597, -0.4528192 ],
       [ 0.08141926,  0.09493844],
       [ 0.34409913,  0.3345054 ],
       [-0.20613301, -0.21311791],
       [ 0.00091421, -0.02395694],
       [ 0.21882884,  0.44816032],
       [ 0.02354989,  0.00122927],
       [-0.19849871, -0.19800572]], dtype=float32), array([ 0.05052084, -0.05052084], dtype=float32)]
2022-08-03 15:13:06,511 | Receive Global MLModel message time spent: 0.0118 seconds
2022-08-03 15:13:06,512 | Send Local MLModel message time spent: 0.0001 seconds
2022-08-03 15:13:06,532 | iteration: 32
2022-08-03 15:13:06,537 | x_train: [[ 41.66 109.34  19.07 ...   0.93  11.1   18.74]
 [ 38.75  67.75   2.1  ...   0.75  12.55  43.4 ]
 [ 47.5  100.5    8.32 ...   0.3   19.7  112.75]
 ...
 [ 45.75  90.4    1.47 ...   0.6    8.47  42.08]
 [ 34.    84.     3.54 ...   0.69   3.52  20.2 ]
 [ 44.59  72.98   7.84 ...   0.64  11.53  36.8 ]]
2022-08-03 15:13:06,538 | y_train: [1 1 1 ... 1 1 1]
2022-08-03 15:13:06,539 | len(x_train): 1730
2022-08-03 15:13:06,539 | len(y_train): 1730
2022-08-03 15:13:07,517 | LogReg Training time spent: 0.9884 seconds
2022-08-03 15:13:07,522 | Receive Global MLModel message time spent: 0.0105 seconds
2022-08-03 15:13:07,523 | Send Local MLModel message time spent: 0.0001 seconds
2022-08-03 15:13:07,900 | Modelo gerado evaluate(): [array([[-0.4344546 , -0.37865672],
       [-0.4842172 , -0.45495784],
       [ 0.07923865,  0.09694457],
       [ 0.34346026,  0.33447284],
       [-0.20506275, -0.21377335],
       [ 0.00213959, -0.02515952],
       [ 0.218688  ,  0.44764122],
       [ 0.02650873, -0.00175409],
       [-0.19606212, -0.20005003]], dtype=float32), array([ 0.05158711, -0.05158711], dtype=float32)]
2022-08-03 15:13:07,911 | Receive Global MLModel message time spent: 0.0135 seconds
2022-08-03 15:13:07,913 | Send Local MLModel message time spent: 0.0001 seconds
2022-08-03 15:13:07,933 | iteration: 33
2022-08-03 15:13:07,938 | x_train: [[ 11.52  31.2    3.71 ...   0.42   5.56  24.35]
 [ 28.13  61.49   4.05 ...   0.34   6.48  88.25]
 [ 46.    97.25   8.57 ...   1.26   3.27  24.8 ]
 ...
 [ 32.55  78.64   8.65 ...   0.5   10.95   8.68]
 [  5.5   65.75  10.5  ...   0.11   8.28   6.03]
 [ 99.25 272.75   4.85 ...   0.8    1.75  37.05]]
2022-08-03 15:13:07,939 | y_train: [0 1 1 ... 1 0 1]
2022-08-03 15:13:07,940 | len(x_train): 1730
2022-08-03 15:13:07,940 | len(y_train): 1730
2022-08-03 15:13:08,881 | LogReg Training time spent: 0.9511 seconds
2022-08-03 15:13:08,886 | Receive Global MLModel message time spent: 0.0110 seconds
2022-08-03 15:13:08,887 | Send Local MLModel message time spent: 0.0001 seconds
2022-08-03 15:13:09,288 | Modelo gerado evaluate(): [array([[-0.43492866, -0.37737817],
       [-0.48567906, -0.4525668 ],
       [ 0.07889256,  0.09711633],
       [ 0.34273016,  0.3345321 ],
       [-0.20353526, -0.21488647],
       [ 0.0006769 , -0.02367405],
       [ 0.21851993,  0.44715002],
       [ 0.02456933,  0.00016083],
       [-0.19508487, -0.2006354 ]], dtype=float32), array([ 0.05254667, -0.05254667], dtype=float32)]
2022-08-03 15:13:09,296 | Receive Global MLModel message time spent: 0.0111 seconds
2022-08-03 15:13:09,297 | Send Local MLModel message time spent: 0.0001 seconds
2022-08-03 15:13:09,314 | iteration: 34
2022-08-03 15:13:09,319 | x_train: [[ 33.    75.25   9.47 ...   0.45  10.2   21.07]
 [ 51.5  103.75   2.12 ...   0.07   4.48 105.1 ]
 [ 80.5  131.     1.9  ...   1.4    4.67  68.5 ]
 ...
 [ 57.98 133.62  65.2  ...   2.87  12.66  32.62]
 [ 33.23  83.53  19.61 ...   0.69  16.55  28.12]
 [160.73 723.26  18.94 ...   0.96   9.04  39.23]]
2022-08-03 15:13:09,320 | y_train: [1 1 1 ... 1 1 1]
2022-08-03 15:13:09,321 | len(x_train): 1730
2022-08-03 15:13:09,321 | len(y_train): 1730
2022-08-03 15:13:10,267 | LogReg Training time spent: 0.9562 seconds
2022-08-03 15:13:10,272 | Receive Global MLModel message time spent: 0.0087 seconds
2022-08-03 15:13:10,274 | Send Local MLModel message time spent: 0.0005 seconds
2022-08-03 15:13:10,666 | Modelo gerado evaluate(): [array([[-0.43333986, -0.37816322],
       [-0.48467597, -0.45264158],
       [ 0.07717154,  0.0986632 ],
       [ 0.3426799 ,  0.3339123 ],
       [-0.20287833, -0.2151294 ],
       [ 0.00271595, -0.02569035],
       [ 0.21836825,  0.44664302],
       [ 0.02581384, -0.00110816],
       [-0.19426808, -0.20106064]], dtype=float32), array([ 0.05364344, -0.05364344], dtype=float32)]
2022-08-03 15:13:10,674 | Receive Global MLModel message time spent: 0.0103 seconds
2022-08-03 15:13:10,674 | Send Local MLModel message time spent: 0.0001 seconds
2022-08-03 15:13:10,689 | iteration: 35
2022-08-03 15:13:10,695 | x_train: [[ 40.51  88.67   8.73 ...   0.89  17.17  18.36]
 [ 37.25  80.5    2.57 ...   0.78   6.5   80.85]
 [ 42.8  123.31   6.31 ...   0.37  12.58  23.72]
 ...
 [190.59 327.9   17.24 ...   0.64   9.5   10.84]
 [ 17.25  40.69   3.91 ...   0.35  21.26  28.69]
 [ 13.45  20.83   2.42 ...   0.29   2.97  10.22]]
2022-08-03 15:13:10,696 | y_train: [1 1 1 ... 1 1 0]
2022-08-03 15:13:10,696 | len(x_train): 1730
2022-08-03 15:13:10,697 | len(y_train): 1730
2022-08-03 15:13:11,666 | LogReg Training time spent: 0.9797 seconds
2022-08-03 15:13:11,672 | Receive Global MLModel message time spent: 0.0065 seconds
2022-08-03 15:13:11,672 | Send Local MLModel message time spent: 0.0001 seconds
2022-08-03 15:13:12,043 | Modelo gerado evaluate(): [array([[-0.43215665, -0.37854353],
       [-0.48241392, -0.45397627],
       [ 0.07523953,  0.10042124],
       [ 0.34145096,  0.33447188],
       [-0.20294112, -0.21465302],
       [ 0.00232287, -0.02527453],
       [ 0.21818219,  0.44617113],
       [ 0.02574559, -0.00106435],
       [-0.19496107, -0.19997646]], dtype=float32), array([ 0.0547482, -0.0547482], dtype=float32)]
2022-08-03 15:13:12,051 | Receive Global MLModel message time spent: 0.0125 seconds
2022-08-03 15:13:12,051 | Send Local MLModel message time spent: 0.0001 seconds
2022-08-03 15:13:12,072 | iteration: 36
2022-08-03 15:13:12,077 | x_train: [[ 53.14  86.02  28.69 ...   0.98   6.8    7.29]
 [ 34.05  60.75   3.02 ...   0.48   7.94  43.64]
 [ 36.25  96.     8.42 ...   0.72   4.67  50.1 ]
 ...
 [ 35.31  92.58  12.24 ...   0.26   7.57  39.24]
 [ 28.67  64.69   4.77 ...   0.32   5.57  24.97]
 [ 84.   127.     4.65 ...   1.17   2.7   58.62]]
2022-08-03 15:13:12,079 | y_train: [1 1 1 ... 1 1 1]
2022-08-03 15:13:12,079 | len(x_train): 1730
2022-08-03 15:13:12,079 | len(y_train): 1730
2022-08-03 15:13:13,015 | LogReg Training time spent: 0.9465 seconds
2022-08-03 15:13:13,020 | Receive Global MLModel message time spent: 0.0118 seconds
2022-08-03 15:13:13,021 | Send Local MLModel message time spent: 0.0001 seconds
2022-08-03 15:13:13,392 | Modelo gerado evaluate(): [array([[-0.43148082, -0.3784172 ],
       [-0.48172405, -0.45373967],
       [ 0.07452065,  0.10096631],
       [ 0.34013486,  0.33511922],
       [-0.20166998, -0.21551101],
       [ 0.00349351, -0.02642247],
       [ 0.21803807,  0.4456579 ],
       [ 0.026038  , -0.00138118],
       [-0.19588469, -0.19866209]], dtype=float32), array([ 0.05573318, -0.05573318], dtype=float32)]
2022-08-03 15:13:13,400 | Receive Global MLModel message time spent: 0.0124 seconds
2022-08-03 15:13:13,401 | Send Local MLModel message time spent: 0.0001 seconds
2022-08-03 15:13:13,421 | iteration: 37
2022-08-03 15:13:13,426 | x_train: [[ 56.   148.25   7.82 ...   0.34   6.45  55.18]
 [ 40.04 108.06   8.71 ...   0.64  14.24  24.27]
 [ 22.72  50.04  23.04 ...   1.26  10.99  20.94]
 ...
 [ 56.    94.     8.3  ...   1.79  21.17  52.07]
 [ 54.5  112.    38.62 ...   1.94   4.8    6.33]
 [149.75 285.25   8.2  ...   1.71  53.35  46.75]]
2022-08-03 15:13:13,428 | y_train: [1 1 1 ... 1 1 1]
2022-08-03 15:13:13,428 | len(x_train): 1730
2022-08-03 15:13:13,429 | len(y_train): 1730
2022-08-03 15:13:14,365 | LogReg Training time spent: 0.9485 seconds
2022-08-03 15:13:14,374 | Receive Global MLModel message time spent: 0.0104 seconds
2022-08-03 15:13:14,375 | Send Local MLModel message time spent: 0.0001 seconds
2022-08-03 15:13:14,740 | Modelo gerado evaluate(): [array([[-0.43202344, -0.37707317],
       [-0.48158202, -0.45295617],
       [ 0.0736151 ,  0.10169824],
       [ 0.33967707,  0.33490896],
       [-0.2004703 , -0.21629788],
       [ 0.00104034, -0.02394661],
       [ 0.21778636,  0.44525293],
       [ 0.02465188, -0.00001946],
       [-0.19435616, -0.19980027]], dtype=float32), array([ 0.05672779, -0.05672779], dtype=float32)]
2022-08-03 15:13:14,747 | Receive Global MLModel message time spent: 0.0101 seconds
2022-08-03 15:13:14,748 | Send Local MLModel message time spent: 0.0001 seconds
2022-08-03 15:13:14,770 | iteration: 38
2022-08-03 15:13:14,775 | x_train: [[109.4  257.89  21.27 ...   1.4   34.36  29.31]
 [ 34.98  81.13   9.37 ...   0.94  12.56  33.08]
 [ 60.69 168.83   6.37 ...   0.72  14.57  18.69]
 ...
 [157.29 211.69   9.72 ...   2.38   9.5   41.48]
 [ 47.51  91.27   3.56 ...   0.63  11.37  12.12]
 [ 81.46 164.73   4.36 ...   0.59   6.98  95.  ]]
2022-08-03 15:13:14,776 | y_train: [1 1 1 ... 1 1 1]
2022-08-03 15:13:14,777 | len(x_train): 1730
2022-08-03 15:13:14,777 | len(y_train): 1730
2022-08-03 15:13:15,764 | LogReg Training time spent: 0.9970 seconds
2022-08-03 15:13:15,770 | Receive Global MLModel message time spent: 0.0129 seconds
2022-08-03 15:13:15,771 | Send Local MLModel message time spent: 0.0001 seconds
2022-08-03 15:13:16,141 | Modelo gerado evaluate(): [array([[-0.4303698 , -0.37792623],
       [-0.48160243, -0.4520111 ],
       [ 0.07371773,  0.10142214],
       [ 0.3398067 ,  0.33411187],
       [-0.1976987 , -0.21865714],
       [ 0.00196981, -0.02485342],
       [ 0.21764822,  0.44473502],
       [ 0.02434641,  0.00026164],
       [-0.1944625 , -0.19930397]], dtype=float32), array([ 0.05779316, -0.05779316], dtype=float32)]
2022-08-03 15:13:16,149 | Receive Global MLModel message time spent: 0.0103 seconds
2022-08-03 15:13:16,150 | Send Local MLModel message time spent: 0.0001 seconds
2022-08-03 15:13:16,169 | iteration: 39
2022-08-03 15:13:16,174 | x_train: [[ 33.75 118.35  22.34 ...   0.67   7.16  92.8 ]
 [ 60.5   94.     2.31 ...   0.66   5.04  89.51]
 [ 43.21  95.51   7.99 ...   0.84   7.52  19.31]
 ...
 [ 30.75  74.75   0.42 ...   0.69  12.32  84.75]
 [ 10.    25.75   7.6  ...   0.6   13.4   11.18]
 [ 65.54 152.12  36.15 ...   1.1   33.98  22.23]]
2022-08-03 15:13:16,176 | y_train: [1 1 1 ... 1 0 1]
2022-08-03 15:13:16,176 | len(x_train): 1730
2022-08-03 15:13:16,176 | len(y_train): 1730
2022-08-03 15:13:17,105 | LogReg Training time spent: 0.9396 seconds
2022-08-03 15:13:17,111 | Receive Global MLModel message time spent: 0.0105 seconds
2022-08-03 15:13:17,111 | Send Local MLModel message time spent: 0.0002 seconds
2022-08-03 15:13:17,478 | Modelo gerado evaluate(): [array([[-0.43073404, -0.37676224],
       [-0.48267862, -0.45001125],
       [ 0.0733058 ,  0.10166075],
       [ 0.33858383,  0.33466792],
       [-0.19661382, -0.21933006],
       [ 0.00103988, -0.02390086],
       [ 0.21747337,  0.4442545 ],
       [ 0.02304496,  0.00153874],
       [-0.19669062, -0.19668625]], dtype=float32), array([ 0.05877816, -0.05877816], dtype=float32)]
2022-08-03 15:13:17,486 | Receive Global MLModel message time spent: 0.0094 seconds
2022-08-03 15:13:17,487 | Send Local MLModel message time spent: 0.0001 seconds
2022-08-03 15:13:17,505 | iteration: 40
2022-08-03 15:13:17,510 | x_train: [[ 62.92 100.64  12.05 ...   0.72   9.12   4.45]
 [ 36.85  79.31  13.22 ...   0.57  13.36   1.92]
 [ 34.38  92.     1.11 ...   0.57  10.6   66.6 ]
 ...
 [ 37.25 128.5    3.32 ...   1.     6.88  28.3 ]
 [ 28.96  75.2    7.61 ...   0.35   3.34  37.71]
 [140.13 209.09  41.7  ...   1.13  10.28  17.51]]
2022-08-03 15:13:17,512 | y_train: [1 1 1 ... 1 1 1]
2022-08-03 15:13:17,512 | len(x_train): 1730
2022-08-03 15:13:17,513 | len(y_train): 1730
2022-08-03 15:13:18,435 | LogReg Training time spent: 0.9332 seconds
2022-08-03 15:13:18,440 | Receive Global MLModel message time spent: 0.0101 seconds
2022-08-03 15:13:18,441 | Send Local MLModel message time spent: 0.0001 seconds
2022-08-03 15:13:18,847 | Modelo gerado evaluate(): [array([[-0.4303775 , -0.3763199 ],
       [-0.48202705, -0.44974   ],
       [ 0.0727241 ,  0.10206934],
       [ 0.33662754,  0.33595806],
       [-0.1959671 , -0.21956521],
       [-0.00081947, -0.02201889],
       [ 0.21724692,  0.4438262 ],
       [ 0.02262731,  0.00193207],
       [-0.19484475, -0.19814289]], dtype=float32), array([ 0.05974642, -0.05974643], dtype=float32)]
2022-08-03 15:13:18,855 | Receive Global MLModel message time spent: 0.0140 seconds
2022-08-03 15:13:18,856 | Send Local MLModel message time spent: 0.0001 seconds
2022-08-03 15:13:18,874 | iteration: 41
2022-08-03 15:13:18,880 | x_train: [[ 43.75  76.25  17.53 ...   0.13   4.7   74.45]
 [ 49.25 140.75   5.12 ...   0.73   5.25   6.38]
 [139.34 213.13  17.15 ...   1.06  10.54  26.99]
 ...
 [ 46.14 134.53  16.94 ...   1.11  14.22  42.74]
 [ 49.29 138.11  20.84 ...   1.08  10.25  73.42]
 [ 42.33 104.3    1.84 ...   0.66   5.97  63.59]]
2022-08-03 15:13:18,881 | y_train: [1 1 1 ... 1 1 1]
2022-08-03 15:13:18,882 | len(x_train): 1730
2022-08-03 15:13:18,882 | len(y_train): 1730
2022-08-03 15:13:19,872 | LogReg Training time spent: 1.0012 seconds
2022-08-03 15:13:19,877 | Receive Global MLModel message time spent: 0.0090 seconds
2022-08-03 15:13:19,878 | Send Local MLModel message time spent: 0.0001 seconds
2022-08-03 15:13:20,267 | Modelo gerado evaluate(): [array([[-0.4305587 , -0.37534052],
       [-0.48180804, -0.44903713],
       [ 0.07137275,  0.10324772],
       [ 0.33568525,  0.33623484],
       [-0.19691727, -0.21820393],
       [-0.00076856, -0.02204719],
       [ 0.21704605,  0.44337296],
       [ 0.0233262 ,  0.00120888],
       [-0.19792032, -0.19467849]], dtype=float32), array([ 0.06069396, -0.06069396], dtype=float32)]
2022-08-03 15:13:20,274 | Receive Global MLModel message time spent: 0.0279 seconds
2022-08-03 15:13:20,275 | Send Local MLModel message time spent: 0.0001 seconds
2022-08-03 15:13:20,304 | iteration: 42
2022-08-03 15:13:20,309 | x_train: [[ 75.5  160.     2.27 ...   1.55  11.67  20.73]
 [ 83.4  205.14  20.62 ...   1.57  10.25  23.46]
 [ 56.15 106.12   1.01 ...   0.48   7.76  21.38]
 ...
 [ 50.19 117.21  11.29 ...   0.68  14.78  77.15]
 [ 13.85  32.33   9.21 ...   0.49   5.14  35.96]
 [ 28.21  83.19   8.96 ...   0.25   8.21  16.86]]
2022-08-03 15:13:20,311 | y_train: [1 1 1 ... 1 1 1]
2022-08-03 15:13:20,311 | len(x_train): 1730
2022-08-03 15:13:20,311 | len(y_train): 1730
2022-08-03 15:13:21,239 | LogReg Training time spent: 0.9386 seconds
2022-08-03 15:13:21,245 | Receive Global MLModel message time spent: 0.0200 seconds
2022-08-03 15:13:21,246 | Send Local MLModel message time spent: 0.0001 seconds
2022-08-03 15:13:21,617 | Modelo gerado evaluate(): [array([[-0.42971873, -0.37538317],
       [-0.48029768, -0.4496265 ],
       [ 0.06982073,  0.10462697],
       [ 0.3353034 ,  0.3359519 ],
       [-0.19608642, -0.21862401],
       [-0.00153783, -0.02125536],
       [ 0.21686772,  0.4428979 ],
       [ 0.02405289,  0.00045792],
       [-0.19757152, -0.19463886]], dtype=float32), array([ 0.06171488, -0.06171488], dtype=float32)]
2022-08-03 15:13:21,628 | Receive Global MLModel message time spent: 0.0123 seconds
2022-08-03 15:13:21,629 | Send Local MLModel message time spent: 0.0001 seconds
2022-08-03 15:13:21,649 | iteration: 43
2022-08-03 15:13:21,655 | x_train: [[  1.    32.25   0.78 ...   0.11  10.35  20.3 ]
 [  9.46  25.33   2.97 ...   0.32   5.82  59.3 ]
 [ 38.    54.     2.9  ...   0.37   2.65  20.07]
 ...
 [127.07 250.5   17.57 ...   1.13  16.21  58.16]
 [ 28.89  43.73  59.79 ...   0.56   9.07  10.97]
 [ 43.21  86.48  10.77 ...   0.73  11.36  17.21]]
2022-08-03 15:13:21,656 | y_train: [0 1 1 ... 1 1 1]
2022-08-03 15:13:21,657 | len(x_train): 1730
2022-08-03 15:13:21,657 | len(y_train): 1730
2022-08-03 15:13:23,213 | LogReg Training time spent: 1.5680 seconds
2022-08-03 15:13:23,218 | Receive Global MLModel message time spent: 0.0102 seconds
2022-08-03 15:13:23,219 | Send Local MLModel message time spent: 0.0002 seconds
2022-08-03 15:13:23,585 | Modelo gerado evaluate(): [array([[-0.42991704, -0.3743883 ],
       [-0.48214117, -0.44686297],
       [ 0.0691592 ,  0.10511591],
       [ 0.33588332,  0.33470783],
       [-0.19469823, -0.21960185],
       [-0.00053366, -0.02223697],
       [ 0.2166969 ,  0.44241592],
       [ 0.02569871, -0.00121216],
       [-0.19701074, -0.19481158]], dtype=float32), array([ 0.06267633, -0.06267633], dtype=float32)]
2022-08-03 15:13:23,592 | Receive Global MLModel message time spent: 0.0120 seconds
2022-08-03 15:13:23,593 | Send Local MLModel message time spent: 0.0002 seconds
2022-08-03 15:13:23,610 | iteration: 44
2022-08-03 15:13:23,616 | x_train: [[ 69.97 238.6   43.94 ...   0.89  10.84  21.23]
 [ 83.62 139.7   83.41 ...   1.78  14.28   8.88]
 [ 85.75 144.75  94.7  ...   1.5    8.48   7.02]
 ...
 [180.05 274.02  33.1  ...   1.47  17.81  57.04]
 [ 88.39 164.64  33.12 ...   1.32  17.65   9.63]
 [ 34.47  54.6   13.22 ...   0.64   6.38  22.37]]
2022-08-03 15:13:23,618 | y_train: [1 1 1 ... 1 1 1]
2022-08-03 15:13:23,619 | len(x_train): 1730
2022-08-03 15:13:23,619 | len(y_train): 1730
2022-08-03 15:13:24,592 | LogReg Training time spent: 0.9858 seconds
2022-08-03 15:13:24,597 | Receive Global MLModel message time spent: 0.0065 seconds
2022-08-03 15:13:24,598 | Send Local MLModel message time spent: 0.0001 seconds
2022-08-03 15:13:24,968 | Modelo gerado evaluate(): [array([[-0.42884338, -0.3746662 ],
       [-0.47879016, -0.44929478],
       [ 0.06910686,  0.10499582],
       [ 0.33556324,  0.3343644 ],
       [-0.19312343, -0.22076672],
       [ 0.00045611, -0.02320422],
       [ 0.21647885,  0.44198182],
       [ 0.02531568, -0.00085335],
       [-0.19666548, -0.19476916]], dtype=float32), array([ 0.06369397, -0.06369398], dtype=float32)]
2022-08-03 15:13:24,979 | Receive Global MLModel message time spent: 0.0108 seconds
2022-08-03 15:13:24,980 | Send Local MLModel message time spent: 0.0001 seconds
2022-08-03 15:13:25,026 | iteration: 45
2022-08-03 15:13:25,031 | x_train: [[ 59.12 111.65   3.55 ...   0.5    9.22  69.86]
 [ 57.42 145.45   6.12 ...   0.58  12.53  13.84]
 [ 35.65  98.88  13.38 ...   0.59   4.66  15.29]
 ...
 [ 63.75  94.    13.88 ...   1.    48.58  15.32]
 [114.55 216.33  51.16 ...   1.8    6.37  17.68]
 [108.71 145.85  13.43 ...   1.19   7.65  25.63]]
2022-08-03 15:13:25,033 | y_train: [1 1 1 ... 1 1 1]
2022-08-03 15:13:25,033 | len(x_train): 1730
2022-08-03 15:13:25,033 | len(y_train): 1730
2022-08-03 15:13:26,010 | LogReg Training time spent: 0.9869 seconds
2022-08-03 15:13:26,015 | Receive Global MLModel message time spent: 0.0370 seconds
2022-08-03 15:13:26,016 | Send Local MLModel message time spent: 0.0001 seconds
2022-08-03 15:13:26,377 | Modelo gerado evaluate(): [array([[-0.4292967 , -0.37341782],
       [-0.47982088, -0.4473458 ],
       [ 0.0678514 ,  0.10607902],
       [ 0.33408242,  0.3351824 ],
       [-0.19493781, -0.21854283],
       [-0.00000455, -0.02272105],
       [ 0.2162833 ,  0.44152585],
       [ 0.0255513 , -0.00111318],
       [-0.19559087, -0.19545645]], dtype=float32), array([ 0.06466311, -0.06466312], dtype=float32)]
2022-08-03 15:13:26,385 | Receive Global MLModel message time spent: 0.0100 seconds
2022-08-03 15:13:26,385 | Send Local MLModel message time spent: 0.0001 seconds
2022-08-03 15:13:26,405 | iteration: 46
2022-08-03 15:13:26,410 | x_train: [[ 77.33 163.25   6.35 ...   1.12  11.08  26.98]
 [ 83.86 156.3   68.94 ...   3.34  10.91   7.74]
 [ 18.56  37.64   0.33 ...   0.54  10.61  27.46]
 ...
 [ 71.58 152.62  10.43 ...   0.84  19.78  19.38]
 [ 79.5  136.75   1.87 ...   1.02   6.93  96.1 ]
 [ 18.08  52.8    6.14 ...   0.26   8.57  22.89]]
2022-08-03 15:13:26,412 | y_train: [1 1 1 ... 1 1 1]
2022-08-03 15:13:26,412 | len(x_train): 1730
2022-08-03 15:13:26,412 | len(y_train): 1730
2022-08-03 15:13:27,961 | LogReg Training time spent: 1.5589 seconds
2022-08-03 15:13:27,966 | Receive Global MLModel message time spent: 0.0114 seconds
2022-08-03 15:13:27,967 | Send Local MLModel message time spent: 0.0001 seconds
2022-08-03 15:13:28,331 | Modelo gerado evaluate(): [array([[-0.42722327, -0.37469697],
       [-0.47717878, -0.44907054],
       [ 0.06820813,  0.10555023],
       [ 0.33508807,  0.33351463],
       [-0.19225761, -0.22081393],
       [-0.00103879, -0.02166431],
       [ 0.21611296,  0.4410453 ],
       [ 0.02633423, -0.00192028],
       [-0.1948999 , -0.19576049]], dtype=float32), array([ 0.06572614, -0.06572615], dtype=float32)]
2022-08-03 15:13:28,338 | Receive Global MLModel message time spent: 0.0081 seconds
2022-08-03 15:13:28,339 | Send Local MLModel message time spent: 0.0001 seconds
2022-08-03 15:13:28,356 | iteration: 47
2022-08-03 15:13:28,362 | x_train: [[ 79.5   94.     2.98 ...   1.28  22.45  98.58]
 [ 30.7   53.09   4.73 ...   0.52  22.28  85.56]
 [ 38.73 118.68  25.18 ...   0.9    3.57   9.78]
 ...
 [ 20.66  98.05  15.2  ...   1.    16.65  32.52]
 [ 61.87 146.8   64.11 ...   2.07   8.16   8.15]
 [ 33.25  98.25  11.02 ...   0.55   9.35   1.1 ]]
2022-08-03 15:13:28,364 | y_train: [1 1 1 ... 1 1 1]
2022-08-03 15:13:28,364 | len(x_train): 1730
2022-08-03 15:13:28,364 | len(y_train): 1730
2022-08-03 15:13:29,351 | LogReg Training time spent: 0.9998 seconds
2022-08-03 15:13:29,357 | Receive Global MLModel message time spent: 0.0055 seconds
2022-08-03 15:13:29,358 | Send Local MLModel message time spent: 0.0001 seconds
2022-08-03 15:13:29,729 | Modelo gerado evaluate(): [array([[-0.4266095 , -0.3745174 ],
       [-0.47852415, -0.44680864],
       [ 0.06862586,  0.10496057],
       [ 0.33382788,  0.33411324],
       [-0.19136553, -0.22129732],
       [ 0.00091803, -0.02359867],
       [ 0.21593021,  0.4405779 ],
       [ 0.02720874, -0.00281894],
       [-0.19358036, -0.19669347]], dtype=float32), array([ 0.06669953, -0.06669954], dtype=float32)]
2022-08-03 15:13:29,737 | Receive Global MLModel message time spent: 0.0111 seconds
2022-08-03 15:13:29,738 | Send Local MLModel message time spent: 0.0001 seconds
2022-08-03 15:13:29,754 | iteration: 48
2022-08-03 15:13:29,760 | x_train: [[ 34.84  94.09  19.84 ...   0.64   6.65  30.67]
 [ 81.92 182.65  35.46 ...   1.34  21.55  12.  ]
 [ 21.12  72.16   0.83 ...   0.55  14.09  14.07]
 ...
 [  8.65  20.05   4.96 ...   0.36   2.25  18.2 ]
 [ 22.34  68.84  19.48 ...   0.75   6.79  22.14]
 [ 13.84  30.15   3.17 ...   0.4    4.92  30.43]]
2022-08-03 15:13:29,761 | y_train: [1 1 1 ... 0 1 0]
2022-08-03 15:13:29,761 | len(x_train): 1730
2022-08-03 15:13:29,762 | len(y_train): 1730
2022-08-03 15:13:31,314 | LogReg Training time spent: 1.5624 seconds
2022-08-03 15:13:31,321 | Receive Global MLModel message time spent: 0.0087 seconds
2022-08-03 15:13:31,322 | Send Local MLModel message time spent: 0.0002 seconds
2022-08-03 15:13:31,738 | Modelo gerado evaluate(): [array([[-0.42574972, -0.37458456],
       [-0.4776827 , -0.4467345 ],
       [ 0.06852279,  0.1048919 ],
       [ 0.3335972 ,  0.33368307],
       [-0.19114879, -0.22110574],
       [ 0.00169619, -0.02435439],
       [ 0.21571894,  0.4401396 ],
       [ 0.02854493, -0.00417926],
       [-0.19308071, -0.19680698]], dtype=float32), array([ 0.06774338, -0.06774338], dtype=float32)]
2022-08-03 15:13:31,746 | Receive Global MLModel message time spent: 0.0263 seconds
2022-08-03 15:13:31,747 | Send Local MLModel message time spent: 0.0001 seconds
2022-08-03 15:13:31,765 | iteration: 49
2022-08-03 15:13:31,771 | x_train: [[ 46.78  52.25  44.72 ...   0.59   5.55  23.83]
 [ 59.75 141.02   8.71 ...   0.69  17.55  89.81]
 [ 46.45  90.98   3.2  ...   0.73   4.42  43.14]
 ...
 [ 66.09 162.17   5.24 ...   0.87  16.38  92.56]
 [ 56.29 115.28   5.12 ...   0.99  10.2   29.81]
 [ 88.25 193.75  11.68 ...   1.51  14.95  30.77]]
2022-08-03 15:13:31,772 | y_train: [1 1 1 ... 1 1 1]
2022-08-03 15:13:31,773 | len(x_train): 1730
2022-08-03 15:13:31,773 | len(y_train): 1730
2022-08-03 15:13:32,745 | LogReg Training time spent: 0.9835 seconds
2022-08-03 15:13:32,750 | Receive Global MLModel message time spent: 0.0093 seconds
2022-08-03 15:13:32,751 | Send Local MLModel message time spent: 0.0001 seconds
2022-08-03 15:13:33,109 | Modelo gerado evaluate(): [array([[-0.42556208, -0.37398028],
       [-0.4765986 , -0.44690397],
       [ 0.06726097,  0.10598214],
       [ 0.33188048,  0.33473954],
       [-0.19134437, -0.2205023 ],
       [ 0.00324324, -0.02587902],
       [ 0.21554083,  0.43966883],
       [ 0.02757887, -0.00323731],
       [-0.19496296, -0.19453895]], dtype=float32), array([ 0.06865642, -0.06865643], dtype=float32)]
2022-08-03 15:13:33,116 | Receive Global MLModel message time spent: 0.0102 seconds
2022-08-03 15:13:33,117 | Send Local MLModel message time spent: 0.0001 seconds
2022-08-03 15:13:33,132 | Receive Global MLModel message time spent: 0.0137 seconds
2022-08-03 15:13:33,133 | Send Local MLModel message time spent: 0.0001 seconds
2022-08-03 15:13:33,142 | Insecure gRPC channel closed
2022-08-03 15:13:33,143 | Disconnect and shut down
2022-08-03 15:13:33,144 | Train history: [0.8888888955116272, 0.8741168975830078, 0.8914579153060913, 0.9094412326812744, 0.9017341136932373, 0.9017341136932373, 0.9087989926338196, 0.8921002149581909, 0.9107257723808289, 0.9030186533927917, 0.9043031334877014, 0.8985227942466736, 0.904945433139801, 0.9152215719223022, 0.9242132306098938, 0.9177906513214111, 0.9267822504043579, 0.9113680124282837, 0.9010918140411377, 0.9210019111633301, 0.913294792175293, 0.9171483516693115, 0.9165061116218567, 0.9197174310684204, 0.9068722128868103, 0.9165061116218567, 0.9203596711158752, 0.9242132306098938, 0.9171483516693115, 0.9254977703094482, 0.9139370322227478, 0.9222864508628845, 0.9261400103569031, 0.9306358098983765, 0.9113680124282837, 0.9216442108154297, 0.9325626492500305, 0.9197174310684204, 0.9216442108154297, 0.9319203495979309, 0.9274245500564575, 0.9287090301513672, 0.9165061116218567, 0.9242132306098938, 0.9152215719223022, 0.9139370322227478, 0.9030186533927917, 0.9139370322227478, 0.9210019111633301, 0.9299935698509216]

2022-08-03 15:13:33,145 | Test history: [0.8965517282485962, 0.8850574493408203, 0.8793103694915771, 0.9195402264595032, 0.8678160905838013, 0.9482758641242981, 0.8563218116760254, 0.9195402264595032, 0.8908045887947083, 0.9080459475517273, 0.9195402264595032, 0.8678160905838013, 0.9252873659133911, 0.9022988677024841, 0.9195402264595032, 0.9252873659133911, 0.8908045887947083, 0.9022988677024841, 0.9367815852165222, 0.8965517282485962, 0.9022988677024841, 0.9137930870056152, 0.9252873659133911, 0.8850574493408203, 0.931034505367279, 0.9195402264595032, 0.9137930870056152, 0.9195402264595032, 0.8563218116760254, 0.8678160905838013, 0.9252873659133911, 0.8554913401603699, 0.884393036365509, 0.9421965479850769, 0.9017341136932373, 0.8959537744522095, 0.8959537744522095, 0.9421965479850769, 0.9190751314163208, 0.9075144529342651, 0.9075144529342651, 0.9537572264671326, 0.8786126971244812, 0.9421965479850769, 0.9075144529342651, 0.884393036365509, 0.8901734352111816, 0.8786126971244812, 0.9248554706573486, 0.9075144529342651]

2022-08-03 15:21:50,162 | Regresso Logstica multiclasse
2022-08-03 15:21:53,158 | LogReg MLModel message to device time spent: 0.3368 seconds
