2022-08-03 14:00:38,540 | 2022-08-03_14-00-38
2022-08-03 14:00:38,541 | part_0.615_9_2_ECOD.log
2022-08-03 14:00:38,574 | ChannelConnectivity.IDLE
2022-08-03 14:00:38,576 | ChannelConnectivity.CONNECTING
2022-08-03 14:00:38,579 | Opened (insecure) gRPC connection
2022-08-03 14:00:38,591 | ChannelConnectivity.READY
2022-08-03 14:00:38,618 | iteration: 0
2022-08-03 14:00:38,627 | x_train: [[145.   181.     5.5  ...   0.88  13.2   20.35]
 [ 79.75 132.     3.23 ...   0.64   9.1   76.05]
 [ 49.25  80.75   0.83 ...   1.63  20.15  45.3 ]
 ...
 [ 59.   118.     2.1  ...   0.99  11.6   95.7 ]
 [  6.5   31.     1.6  ...   0.23   2.8   31.4 ]
 [148.64 164.6   58.98 ...   3.55  12.18  10.11]]
2022-08-03 14:00:38,628 | y_train: [1 1 1 ... 1 0 1]
2022-08-03 14:00:38,629 | len(x_train): 1150
2022-08-03 14:00:38,629 | len(y_train): 1150
2022-08-03 14:00:42,720 | LogReg Training time spent: 4.1054 seconds
2022-08-03 14:00:42,725 | Receive Global MLModel message time spent: 0.0269 seconds
2022-08-03 14:00:42,726 | Send Local MLModel message time spent: 0.0002 seconds
2022-08-03 14:00:43,096 | Modelo gerado evaluate(): [array([[ 0.27416462, -0.26606008],
       [-0.40597698,  0.57109344],
       [-0.20178948, -0.04254558],
       [ 0.41827235,  0.23659168],
       [-0.62919766, -0.43908483],
       [ 0.45061982,  0.00418815],
       [ 0.20922448, -0.37036806],
       [ 0.5438919 , -0.36021   ],
       [ 0.11371601, -0.13211687]], dtype=float32), array([-0.00568255,  0.00568255], dtype=float32)]
2022-08-03 14:00:43,103 | Receive Global MLModel message time spent: 0.0150 seconds
2022-08-03 14:00:43,104 | Send Local MLModel message time spent: 0.0001 seconds
2022-08-03 14:00:43,155 | iteration: 1
2022-08-03 14:00:43,161 | x_train: [[ 19.15  42.12   3.12 ...   0.26   8.54  12.2 ]
 [ 39.79 130.16   3.2  ...   0.88   8.9   23.12]
 [ 54.31  91.5    1.86 ...   0.49   3.75  38.6 ]
 ...
 [ 79.5  119.     2.2  ...   0.68   8.62  67.3 ]
 [ 42.42  86.19  11.51 ...   0.92   3.37   6.46]
 [ 17.73  23.13   5.64 ...   0.57   7.19   3.12]]
2022-08-03 14:00:43,162 | y_train: [0 1 1 ... 1 1 0]
2022-08-03 14:00:43,163 | len(x_train): 1150
2022-08-03 14:00:43,163 | len(y_train): 1150
2022-08-03 14:00:43,956 | LogReg Training time spent: 0.8038 seconds
2022-08-03 14:00:43,961 | Receive Global MLModel message time spent: 0.0429 seconds
2022-08-03 14:00:43,963 | Send Local MLModel message time spent: 0.0001 seconds
2022-08-03 14:00:44,335 | Modelo gerado evaluate(): [array([[ 0.25128016, -0.24318108],
       [-0.3942146 ,  0.5592211 ],
       [-0.19934064, -0.0448316 ],
       [ 0.41659662,  0.23783095],
       [-0.621691  , -0.4458795 ],
       [ 0.43754148,  0.0169634 ],
       [ 0.2086927 , -0.36972886],
       [ 0.5311226 , -0.34756318],
       [ 0.09982599, -0.1182146 ]], dtype=float32), array([-0.00488384,  0.00488384], dtype=float32)]
2022-08-03 14:00:44,342 | Receive Global MLModel message time spent: 0.0227 seconds
2022-08-03 14:00:44,343 | Send Local MLModel message time spent: 0.0001 seconds
2022-08-03 14:00:44,362 | iteration: 2
2022-08-03 14:00:44,367 | x_train: [[ 56.    94.     9.85 ...   0.72  34.17  35.2 ]
 [ 17.67  42.12   6.41 ...   0.2    6.95  19.19]
 [ 47.26 190.83  14.09 ...   0.53   3.77  12.69]
 ...
 [ 80.49 179.34  14.94 ...   0.19   9.49  40.07]
 [ 35.18  53.53  24.67 ...   1.06   5.27  15.45]
 [ 27.5   74.19   4.87 ...   0.3    3.89  33.79]]
2022-08-03 14:00:44,369 | y_train: [1 0 1 ... 1 1 1]
2022-08-03 14:00:44,369 | len(x_train): 1150
2022-08-03 14:00:44,369 | len(y_train): 1150
2022-08-03 14:00:45,158 | LogReg Training time spent: 0.7988 seconds
2022-08-03 14:00:45,163 | Receive Global MLModel message time spent: 0.0107 seconds
2022-08-03 14:00:45,164 | Send Local MLModel message time spent: 0.0001 seconds
2022-08-03 14:00:45,560 | Modelo gerado evaluate(): [array([[ 0.24102935, -0.23293565],
       [-0.37404355,  0.5389401 ],
       [-0.19717953, -0.04682999],
       [ 0.4189999 ,  0.23499154],
       [-0.61200833, -0.4548506 ],
       [ 0.4276679 ,  0.02653402],
       [ 0.20759463, -0.36852348],
       [ 0.51830894, -0.3348719 ],
       [ 0.08974671, -0.10812307]], dtype=float32), array([-0.00389999,  0.00389999], dtype=float32)]
2022-08-03 14:00:45,567 | Receive Global MLModel message time spent: 0.0117 seconds
2022-08-03 14:00:45,568 | Send Local MLModel message time spent: 0.0001 seconds
2022-08-03 14:00:45,587 | iteration: 3
2022-08-03 14:00:45,592 | x_train: [[ 29.76  61.65  14.8  ...   0.48   4.09   3.51]
 [ 66.47 125.79   5.05 ...   1.24   9.83  61.22]
 [ 58.5   97.25   1.7  ...   1.13   7.1   80.5 ]
 ...
 [ 62.   151.     3.25 ...   0.08   8.1   37.72]
 [ 58.25  88.5    1.43 ...   0.68  16.62  47.07]
 [ 75.5  125.25   0.52 ...   0.     6.35  41.17]]
2022-08-03 14:00:45,593 | y_train: [1 1 1 ... 1 1 1]
2022-08-03 14:00:45,594 | len(x_train): 1150
2022-08-03 14:00:45,594 | len(y_train): 1150
2022-08-03 14:00:46,502 | LogReg Training time spent: 0.9183 seconds
2022-08-03 14:00:46,507 | Receive Global MLModel message time spent: 0.0108 seconds
2022-08-03 14:00:46,508 | Send Local MLModel message time spent: 0.0001 seconds
2022-08-03 14:00:46,872 | Modelo gerado evaluate(): [array([[ 0.22526085, -0.21717255],
       [-0.3521741 ,  0.5169607 ],
       [-0.19438736, -0.04945954],
       [ 0.4219382 ,  0.23161736],
       [-0.6012818 , -0.46486613],
       [ 0.418519  ,  0.03538023],
       [ 0.20643972, -0.36726135],
       [ 0.50225675, -0.31894192],
       [ 0.08195408, -0.10031819]], dtype=float32), array([-0.0028236,  0.0028236], dtype=float32)]
2022-08-03 14:00:46,879 | Receive Global MLModel message time spent: 0.0120 seconds
2022-08-03 14:00:46,880 | Send Local MLModel message time spent: 0.0001 seconds
2022-08-03 14:00:46,895 | iteration: 4
2022-08-03 14:00:46,900 | x_train: [[ 24.93  99.94  12.23 ...   0.81   2.73  17.03]
 [ 47.12 100.5    2.6  ...   0.34  19.64  31.31]
 [ 76.25 127.25   1.75 ...   0.1    8.88  59.78]
 ...
 [ 32.87  63.17   5.46 ...   0.49   7.21  52.02]
 [ 37.83  66.88   5.83 ...   0.56   4.13  20.4 ]
 [ 27.75  80.75   8.1  ...   0.9    9.25  10.57]]
2022-08-03 14:00:46,902 | y_train: [1 1 1 ... 1 1 1]
2022-08-03 14:00:46,902 | len(x_train): 1150
2022-08-03 14:00:46,903 | len(y_train): 1150
2022-08-03 14:00:47,748 | LogReg Training time spent: 0.8561 seconds
2022-08-03 14:00:47,753 | Receive Global MLModel message time spent: 0.0068 seconds
2022-08-03 14:00:47,754 | Send Local MLModel message time spent: 0.0001 seconds
2022-08-03 14:00:48,119 | Modelo gerado evaluate(): [array([[ 0.21789736, -0.20981444],
       [-0.32150766,  0.48618448],
       [-0.19043742, -0.05324696],
       [ 0.42398024,  0.22913976],
       [-0.58853024, -0.4769071 ],
       [ 0.40845796,  0.04513875],
       [ 0.20598109, -0.36669555],
       [ 0.48811352, -0.30492082],
       [ 0.07598013, -0.09433202]], dtype=float32), array([-0.00165121,  0.00165121], dtype=float32)]
2022-08-03 14:00:48,126 | Receive Global MLModel message time spent: 0.0118 seconds
2022-08-03 14:00:48,127 | Send Local MLModel message time spent: 0.0001 seconds
2022-08-03 14:00:48,180 | iteration: 5
2022-08-03 14:00:48,185 | x_train: [[43.74 76.25 20.73 ...  0.91  8.77 27.83]
 [30.   52.5   3.14 ...  0.26  7.16 53.3 ]
 [11.74 16.63 16.34 ...  0.92  8.29 12.86]
 ...
 [22.85 66.44  2.37 ...  0.31  5.83 26.53]
 [38.25 90.31  1.34 ...  0.63  4.79 31.9 ]
 [34.42 71.12  4.26 ...  0.36  2.79 50.02]]
2022-08-03 14:00:48,186 | y_train: [1 1 1 ... 1 1 1]
2022-08-03 14:00:48,187 | len(x_train): 1150
2022-08-03 14:00:48,187 | len(y_train): 1150
2022-08-03 14:00:49,047 | LogReg Training time spent: 0.8706 seconds
2022-08-03 14:00:49,053 | Receive Global MLModel message time spent: 0.0444 seconds
2022-08-03 14:00:49,054 | Send Local MLModel message time spent: 0.0005 seconds
2022-08-03 14:00:49,436 | Modelo gerado evaluate(): [array([[ 0.20029037, -0.19221282],
       [-0.30449653,  0.4690636 ],
       [-0.18790513, -0.05561686],
       [ 0.42186913,  0.23081562],
       [-0.5780293 , -0.48669803],
       [ 0.3986358 ,  0.05465863],
       [ 0.20529889, -0.3659062 ],
       [ 0.47065648, -0.28758585],
       [ 0.06792028, -0.08625995]], dtype=float32), array([-0.00067651,  0.00067651], dtype=float32)]
2022-08-03 14:00:49,444 | Receive Global MLModel message time spent: 0.0279 seconds
2022-08-03 14:00:49,445 | Send Local MLModel message time spent: 0.0002 seconds
2022-08-03 14:00:49,464 | iteration: 6
2022-08-03 14:00:49,470 | x_train: [[ 60.    95.25   3.05 ...   1.03   1.9   19.2 ]
 [ 69.58 163.46   9.43 ...   0.58  15.83  87.45]
 [ 23.25  62.5   29.68 ...   0.94  26.57  14.35]
 ...
 [ 20.4   97.14  14.61 ...   0.67  10.67  27.98]
 [ 81.25 119.5    2.6  ...   0.1    5.3   10.78]
 [151.48  41.58  10.27 ...   0.52   2.86  13.39]]
2022-08-03 14:00:49,471 | y_train: [1 1 1 ... 1 1 1]
2022-08-03 14:00:49,472 | len(x_train): 1150
2022-08-03 14:00:49,472 | len(y_train): 1150
2022-08-03 14:00:50,276 | LogReg Training time spent: 0.8150 seconds
2022-08-03 14:00:50,282 | Receive Global MLModel message time spent: 0.0107 seconds
2022-08-03 14:00:50,283 | Send Local MLModel message time spent: 0.0001 seconds
2022-08-03 14:00:50,645 | Modelo gerado evaluate(): [array([[ 0.18190809, -0.17383593],
       [-0.29192653,  0.45638394],
       [-0.18658993, -0.05676977],
       [ 0.4150033 ,  0.23724644],
       [-0.5728387 , -0.49117914],
       [ 0.38619843,  0.06679396],
       [ 0.20471092, -0.36521125],
       [ 0.45287943, -0.26993084],
       [ 0.0576282 , -0.07595564]], dtype=float32), array([ 0.00008077, -0.00008077], dtype=float32)]
2022-08-03 14:00:50,656 | Receive Global MLModel message time spent: 0.0126 seconds
2022-08-03 14:00:50,657 | Send Local MLModel message time spent: 0.0001 seconds
2022-08-03 14:00:50,676 | iteration: 7
2022-08-03 14:00:50,681 | x_train: [[121.54 310.16  97.2  ...   2.05  18.49  23.49]
 [126.17 194.14  14.86 ...   1.27  14.09  45.61]
 [ 30.62 119.1    2.76 ...   0.48   4.87  59.23]
 ...
 [ 51.01 139.28   4.02 ...   0.86  22.34 101.99]
 [104.25 132.25  14.34 ...   0.46  11.66   5.  ]
 [ 11.5   16.31   4.01 ...   0.32   4.91  21.51]]
2022-08-03 14:00:50,683 | y_train: [1 1 1 ... 1 1 1]
2022-08-03 14:00:50,683 | len(x_train): 1150
2022-08-03 14:00:50,684 | len(y_train): 1150
2022-08-03 14:00:51,586 | LogReg Training time spent: 0.9127 seconds
2022-08-03 14:00:51,591 | Receive Global MLModel message time spent: 0.0101 seconds
2022-08-03 14:00:51,592 | Send Local MLModel message time spent: 0.0001 seconds
2022-08-03 14:00:51,952 | Modelo gerado evaluate(): [array([[ 0.16554421, -0.15747742],
       [-0.2697934 ,  0.4341412 ],
       [-0.18369223, -0.05950527],
       [ 0.4150054 ,  0.2368096 ],
       [-0.56239855, -0.5009102 ],
       [ 0.3825341 ,  0.07015642],
       [ 0.20408715, -0.36448058],
       [ 0.4328795 , -0.25005287],
       [ 0.05472729, -0.07304251]], dtype=float32), array([ 0.00123938, -0.00123938], dtype=float32)]
2022-08-03 14:00:51,963 | Receive Global MLModel message time spent: 0.0104 seconds
2022-08-03 14:00:51,964 | Send Local MLModel message time spent: 0.0001 seconds
2022-08-03 14:00:51,986 | iteration: 8
2022-08-03 14:00:51,991 | x_train: [[ 31.05  31.     2.11 ...   0.3    7.62  31.36]
 [ 31.5   61.5   33.28 ...   1.02  18.6    2.05]
 [ 39.82  63.48  13.33 ...   0.5    6.33  23.12]
 ...
 [ 43.   104.     3.7  ...   0.91   7.82  73.95]
 [ 42.5  104.    11.05 ...   1.12   4.     5.12]
 [ 91.29 157.18   9.59 ...   0.61  12.46  45.75]]
2022-08-03 14:00:51,993 | y_train: [1 1 1 ... 1 1 1]
2022-08-03 14:00:51,993 | len(x_train): 1150
2022-08-03 14:00:51,994 | len(y_train): 1150
2022-08-03 14:00:52,840 | LogReg Training time spent: 0.8573 seconds
2022-08-03 14:00:52,846 | Receive Global MLModel message time spent: 0.0131 seconds
2022-08-03 14:00:52,847 | Send Local MLModel message time spent: 0.0001 seconds
2022-08-03 14:00:53,221 | Modelo gerado evaluate(): [array([[ 0.15731491, -0.14925349],
       [-0.24782073,  0.412059  ],
       [-0.17997949, -0.06305593],
       [ 0.41157243,  0.23980817],
       [-0.55266577, -0.5099342 ],
       [ 0.37494308,  0.07744575],
       [ 0.20362985, -0.3639164 ],
       [ 0.4198878 , -0.23718305],
       [ 0.04988624, -0.06818925]], dtype=float32), array([ 0.00221906, -0.00221906], dtype=float32)]
2022-08-03 14:00:53,228 | Receive Global MLModel message time spent: 0.0155 seconds
2022-08-03 14:00:53,229 | Send Local MLModel message time spent: 0.0001 seconds
2022-08-03 14:00:53,246 | iteration: 9
2022-08-03 14:00:53,251 | x_train: [[ 80.82 171.71  26.36 ...   0.56   2.45  12.37]
 [ 54.5  131.25   8.68 ...   0.2   11.7   38.97]
 [ 10.58  27.58   2.24 ...   0.19   3.48  26.95]
 ...
 [ 11.23  35.79   1.6  ...   0.44   8.04  37.07]
 [ 21.71  42.4    2.27 ...   0.42   4.74  19.37]
 [ 81.   168.95  18.89 ...   1.19  23.68  27.82]]
2022-08-03 14:00:53,253 | y_train: [1 1 0 ... 1 0 1]
2022-08-03 14:00:53,253 | len(x_train): 1150
2022-08-03 14:00:53,253 | len(y_train): 1150
2022-08-03 14:00:54,082 | LogReg Training time spent: 0.8390 seconds
2022-08-03 14:00:54,087 | Receive Global MLModel message time spent: 0.0082 seconds
2022-08-03 14:00:54,088 | Send Local MLModel message time spent: 0.0001 seconds
2022-08-03 14:00:54,446 | Modelo gerado evaluate(): [array([[ 0.13420478, -0.12614873],
       [-0.2363559 ,  0.40048468],
       [-0.18162392, -0.06124954],
       [ 0.40217403,  0.24877255],
       [-0.5514475 , -0.51044416],
       [ 0.36589846,  0.08618888],
       [ 0.20282827, -0.363008  ],
       [ 0.4018755 , -0.21929255],
       [ 0.04327494, -0.06156575]], dtype=float32), array([ 0.00289755, -0.00289755], dtype=float32)]
2022-08-03 14:00:54,453 | Receive Global MLModel message time spent: 0.0078 seconds
2022-08-03 14:00:54,453 | Send Local MLModel message time spent: 0.0001 seconds
2022-08-03 14:00:54,479 | iteration: 10
2022-08-03 14:00:54,484 | x_train: [[177.89 243.04  12.53 ...   1.1   11.39  19.93]
 [ 56.    94.     8.25 ...   0.69  39.62  76.27]
 [ 65.12 127.35   2.1  ...   0.7   14.24  49.74]
 ...
 [149.78 697.     8.57 ...   0.88  13.91  49.67]
 [ 29.56  58.77   8.49 ...   0.6    6.29  18.32]
 [182.44 292.    13.95 ...  10.14   5.42  11.7 ]]
2022-08-03 14:00:54,486 | y_train: [1 1 1 ... 1 1 1]
2022-08-03 14:00:54,486 | len(x_train): 1150
2022-08-03 14:00:54,486 | len(y_train): 1150
2022-08-03 14:00:55,323 | LogReg Training time spent: 0.8477 seconds
2022-08-03 14:00:55,328 | Receive Global MLModel message time spent: 0.0172 seconds
2022-08-03 14:00:55,329 | Send Local MLModel message time spent: 0.0001 seconds
2022-08-03 14:00:55,691 | Modelo gerado evaluate(): [array([[ 0.10744779, -0.09939711],
       [-0.21966949,  0.3836889 ],
       [-0.17991835, -0.06279325],
       [ 0.39701647,  0.2534963 ],
       [-0.5446789 , -0.51650494],
       [ 0.3577932 ,  0.09399281],
       [ 0.20213605, -0.36220902],
       [ 0.38279003, -0.20032877],
       [ 0.04300899, -0.06128762]], dtype=float32), array([ 0.00394751, -0.00394751], dtype=float32)]
2022-08-03 14:00:55,699 | Receive Global MLModel message time spent: 0.0157 seconds
2022-08-03 14:00:55,699 | Send Local MLModel message time spent: 0.0001 seconds
2022-08-03 14:00:55,730 | iteration: 11
2022-08-03 14:00:55,735 | x_train: [[ 21.33  46.2    6.74 ...   0.4    3.73  13.9 ]
 [ 33.88  99.25   5.19 ...   0.72  66.1   64.83]
 [ 27.15  46.5    4.05 ...   0.6    5.06  29.89]
 ...
 [ 82.74 166.41  20.77 ...   1.24  14.53  38.95]
 [ 77.88 122.05   2.75 ...   0.71   4.91  41.63]
 [ 34.   158.     6.47 ...   0.63  18.62  33.15]]
2022-08-03 14:00:55,737 | y_train: [0 1 1 ... 1 1 1]
2022-08-03 14:00:55,737 | len(x_train): 1150
2022-08-03 14:00:55,737 | len(y_train): 1150
2022-08-03 14:00:56,641 | LogReg Training time spent: 0.9147 seconds
2022-08-03 14:00:56,648 | Receive Global MLModel message time spent: 0.0224 seconds
2022-08-03 14:00:56,649 | Send Local MLModel message time spent: 0.0001 seconds
2022-08-03 14:00:57,013 | Modelo gerado evaluate(): [array([[ 0.0962456 , -0.0882003 ],
       [-0.19364017,  0.3575503 ],
       [-0.17725039, -0.06529943],
       [ 0.398415  ,  0.25166425],
       [-0.53460467, -0.52587193],
       [ 0.35280186,  0.0986831 ],
       [ 0.20168926, -0.3616555 ],
       [ 0.3669822 , -0.18464257],
       [ 0.04118728, -0.05945373]], dtype=float32), array([ 0.0050207, -0.0050207], dtype=float32)]
2022-08-03 14:00:57,020 | Receive Global MLModel message time spent: 0.0123 seconds
2022-08-03 14:00:57,021 | Send Local MLModel message time spent: 0.0002 seconds
2022-08-03 14:00:57,042 | iteration: 12
2022-08-03 14:00:57,048 | x_train: [[ 56.    94.    91.23 ...   1.94  14.2   51.75]
 [ 90.45 205.49  53.67 ...   3.01  12.15   5.14]
 [ 22.39  40.45   5.42 ...   0.61   8.45   7.23]
 ...
 [ 34.3   67.2    4.84 ...   0.38   7.42  61.32]
 [ 84.38 174.9    3.16 ...   1.21   6.7   18.75]
 [ 13.25  43.25   2.   ...   0.11  10.5   19.95]]
2022-08-03 14:00:57,049 | y_train: [1 1 0 ... 1 1 0]
2022-08-03 14:00:57,050 | len(x_train): 1150
2022-08-03 14:00:57,050 | len(y_train): 1150
2022-08-03 14:00:57,854 | LogReg Training time spent: 0.8144 seconds
2022-08-03 14:00:57,859 | Receive Global MLModel message time spent: 0.0129 seconds
2022-08-03 14:00:57,860 | Send Local MLModel message time spent: 0.0001 seconds
2022-08-03 14:00:58,222 | Modelo gerado evaluate(): [array([[ 0.08663274, -0.07859281],
       [-0.16904058,  0.33284152],
       [-0.17421132, -0.06817687],
       [ 0.39651605,  0.25313002],
       [-0.52446246, -0.5353074 ],
       [ 0.34381047,  0.10737354],
       [ 0.2011082 , -0.36096781],
       [ 0.3510096 , -0.16879153],
       [ 0.03828838, -0.05654265]], dtype=float32), array([ 0.00609759, -0.00609759], dtype=float32)]
2022-08-03 14:00:58,232 | Receive Global MLModel message time spent: 0.0107 seconds
2022-08-03 14:00:58,233 | Send Local MLModel message time spent: 0.0001 seconds
2022-08-03 14:00:58,255 | iteration: 13
2022-08-03 14:00:58,261 | x_train: [[219.21 428.01  72.8  ...   2.33   5.87  17.86]
 [112.5  320.62   4.45 ...   0.37  32.41  17.98]
 [ 37.88  75.7   10.44 ...   0.37   3.76  36.76]
 ...
 [ 97.21 144.15   5.3  ...   0.72   7.39   8.04]
 [ 35.11 105.31  20.46 ...   0.76   5.95  72.15]
 [ 22.    69.25   9.88 ...   0.11   0.3   14.43]]
2022-08-03 14:00:58,262 | y_train: [1 1 1 ... 1 1 1]
2022-08-03 14:00:58,263 | len(x_train): 1150
2022-08-03 14:00:58,263 | len(y_train): 1150
2022-08-03 14:00:59,169 | LogReg Training time spent: 0.9163 seconds
2022-08-03 14:00:59,174 | Receive Global MLModel message time spent: 0.0138 seconds
2022-08-03 14:00:59,175 | Send Local MLModel message time spent: 0.0001 seconds
2022-08-03 14:00:59,537 | Modelo gerado evaluate(): [array([[ 0.08051998, -0.07248539],
       [-0.14462368,  0.30831546],
       [-0.17317788, -0.06904877],
       [ 0.39482605,  0.25438708],
       [-0.5188592 , -0.54020435],
       [ 0.3344104 ,  0.11647294],
       [ 0.20049527, -0.36024836],
       [ 0.33601132, -0.15391463],
       [ 0.03111375, -0.04935585]], dtype=float32), array([ 0.00704658, -0.00704658], dtype=float32)]
2022-08-03 14:00:59,544 | Receive Global MLModel message time spent: 0.0143 seconds
2022-08-03 14:00:59,545 | Send Local MLModel message time spent: 0.0001 seconds
2022-08-03 14:00:59,583 | iteration: 14
2022-08-03 14:00:59,588 | x_train: [[ 41.37 110.73  17.28 ...   0.48   3.52  16.96]
 [102.62 203.68  33.23 ...  14.86   3.17  44.25]
 [ 25.92  36.55   2.68 ...   0.49   2.85  24.91]
 ...
 [ 36.88  59.75   3.15 ...   0.     4.42  21.35]
 [147.5  264.25  24.4  ...   1.26  18.03   4.87]
 [ 55.   119.5    9.78 ...   0.15  18.38  56.4 ]]
2022-08-03 14:00:59,589 | y_train: [1 1 1 ... 1 1 1]
2022-08-03 14:00:59,590 | len(x_train): 1150
2022-08-03 14:00:59,590 | len(y_train): 1150
2022-08-03 14:01:00,429 | LogReg Training time spent: 0.8497 seconds
2022-08-03 14:01:00,434 | Receive Global MLModel message time spent: 0.0287 seconds
2022-08-03 14:01:00,435 | Send Local MLModel message time spent: 0.0001 seconds
2022-08-03 14:01:00,797 | Modelo gerado evaluate(): [array([[ 0.07074151, -0.06271228],
       [-0.13105817,  0.2946408 ],
       [-0.17276005, -0.06930517],
       [ 0.38707447,  0.261706  ],
       [-0.51648897, -0.54186887],
       [ 0.3251065 ,  0.12547636],
       [ 0.19980215, -0.35944873],
       [ 0.31950766, -0.13753228],
       [ 0.02411612, -0.04234606]], dtype=float32), array([ 0.00784868, -0.00784868], dtype=float32)]
2022-08-03 14:01:00,805 | Receive Global MLModel message time spent: 0.0101 seconds
2022-08-03 14:01:00,806 | Send Local MLModel message time spent: 0.0001 seconds
2022-08-03 14:01:00,825 | iteration: 15
2022-08-03 14:01:00,830 | x_train: [[ 85.7  150.38   7.77 ...   0.6    5.37  18.76]
 [ 25.5   90.     5.75 ...   0.55  14.12   1.62]
 [112.4  156.51  14.81 ...   0.05  23.56  44.29]
 ...
 [ 15.5   72.75   9.88 ...   0.57  10.85  14.55]
 [ 87.75 158.25   2.73 ...   0.98  11.2   85.88]
 [ 12.25  21.05   3.28 ...   0.27   4.11  13.08]]
2022-08-03 14:01:00,831 | y_train: [1 1 1 ... 1 1 0]
2022-08-03 14:01:00,832 | len(x_train): 1150
2022-08-03 14:01:00,832 | len(y_train): 1150
2022-08-03 14:01:01,639 | LogReg Training time spent: 0.8180 seconds
2022-08-03 14:01:01,645 | Receive Global MLModel message time spent: 0.0096 seconds
2022-08-03 14:01:01,646 | Send Local MLModel message time spent: 0.0001 seconds
2022-08-03 14:01:02,007 | Modelo gerado evaluate(): [array([[ 0.05411394, -0.04609006],
       [-0.11262821,  0.27610183],
       [-0.17298344, -0.06892046],
       [ 0.37690994,  0.27143812],
       [-0.5132107 , -0.5444417 ],
       [ 0.3139293 ,  0.13635327],
       [ 0.19912378, -0.35866398],
       [ 0.30415675, -0.12230264],
       [ 0.02144824, -0.03966603]], dtype=float32), array([ 0.008736, -0.008736], dtype=float32)]
2022-08-03 14:01:02,017 | Receive Global MLModel message time spent: 0.0098 seconds
2022-08-03 14:01:02,018 | Send Local MLModel message time spent: 0.0001 seconds
2022-08-03 14:01:02,039 | iteration: 16
2022-08-03 14:01:02,045 | x_train: [[ 17.83  40.05   6.61 ...   0.34  14.86  80.74]
 [ 79.67 177.2   11.72 ...   1.16  20.07  22.16]
 [ 11.78  16.42   4.81 ...   0.58  10.93  22.08]
 ...
 [ 49.63  77.99   5.32 ...   0.67   4.9   22.11]
 [ 67.25 109.75   2.7  ...   0.86   9.18  99.8 ]
 [ 23.88  33.     3.72 ...   0.46   5.08  21.34]]
2022-08-03 14:01:02,046 | y_train: [1 1 1 ... 1 1 1]
2022-08-03 14:01:02,047 | len(x_train): 1150
2022-08-03 14:01:02,047 | len(y_train): 1150
2022-08-03 14:01:02,845 | LogReg Training time spent: 0.8086 seconds
2022-08-03 14:01:02,850 | Receive Global MLModel message time spent: 0.0129 seconds
2022-08-03 14:01:02,851 | Send Local MLModel message time spent: 0.0002 seconds
2022-08-03 14:01:03,212 | Modelo gerado evaluate(): [array([[ 0.04154709, -0.03352855],
       [-0.09681121,  0.26017588],
       [-0.17022759, -0.07151509],
       [ 0.3702309 ,  0.277685  ],
       [-0.50712883, -0.5498187 ],
       [ 0.3071042 ,  0.14287826],
       [ 0.19880466, -0.35823852],
       [ 0.28655314, -0.10482023],
       [ 0.01611583, -0.03432148]], dtype=float32), array([ 0.00957323, -0.00957323], dtype=float32)]
2022-08-03 14:01:03,219 | Receive Global MLModel message time spent: 0.0114 seconds
2022-08-03 14:01:03,220 | Send Local MLModel message time spent: 0.0002 seconds
2022-08-03 14:01:03,234 | iteration: 17
2022-08-03 14:01:03,240 | x_train: [[ 30.7   61.62  15.98 ...   0.34   3.96  13.1 ]
 [ 41.83  96.88  24.2  ...   1.13   9.15  11.17]
 [ 20.    43.     3.45 ...   0.14  13.65  22.45]
 ...
 [ 53.06 130.9   37.34 ...   1.32  10.06  15.81]
 [ 25.38  40.8    3.44 ...   0.37   3.81  26.72]
 [ 57.33 105.75  38.3  ...   1.38  12.1   37.92]]
2022-08-03 14:01:03,241 | y_train: [1 1 0 ... 1 1 1]
2022-08-03 14:01:03,241 | len(x_train): 1150
2022-08-03 14:01:03,242 | len(y_train): 1150
2022-08-03 14:01:04,144 | LogReg Training time spent: 0.9135 seconds
2022-08-03 14:01:04,149 | Receive Global MLModel message time spent: 0.0055 seconds
2022-08-03 14:01:04,151 | Send Local MLModel message time spent: 0.0005 seconds
2022-08-03 14:01:04,514 | Modelo gerado evaluate(): [array([[ 0.03709828, -0.02908509],
       [-0.07796951,  0.24122527],
       [-0.16908649, -0.07249507],
       [ 0.3643027 ,  0.28318143],
       [-0.5023418 , -0.5539013 ],
       [ 0.29971218,  0.14997038],
       [ 0.19826345, -0.357591  ],
       [ 0.26809525, -0.08648347],
       [ 0.01373719, -0.03193071]], dtype=float32), array([ 0.01045156, -0.01045156], dtype=float32)]
2022-08-03 14:01:04,522 | Receive Global MLModel message time spent: 0.0118 seconds
2022-08-03 14:01:04,523 | Send Local MLModel message time spent: 0.0004 seconds
2022-08-03 14:01:04,542 | iteration: 18
2022-08-03 14:01:04,547 | x_train: [[ 33.19  54.61  13.33 ...   2.09  26.43  23.3 ]
 [ 11.75  27.25   4.78 ...   0.58  11.    19.55]
 [ 25.    65.75  11.98 ...   0.11   9.5    2.9 ]
 ...
 [ 68.58 131.1    1.78 ...   1.     8.64  38.08]
 [ 27.72  66.23   7.44 ...   0.32  18.83  71.06]
 [ 43.96 117.05   1.59 ...   0.97   7.57  49.62]]
2022-08-03 14:01:04,549 | y_train: [1 0 0 ... 1 1 1]
2022-08-03 14:01:04,549 | len(x_train): 1150
2022-08-03 14:01:04,549 | len(y_train): 1150
2022-08-03 14:01:05,456 | LogReg Training time spent: 0.9168 seconds
2022-08-03 14:01:05,460 | Receive Global MLModel message time spent: 0.0102 seconds
2022-08-03 14:01:05,461 | Send Local MLModel message time spent: 0.0002 seconds
2022-08-03 14:01:05,822 | Modelo gerado evaluate(): [array([[ 0.02505447, -0.01704662],
       [-0.0672733 ,  0.23042026],
       [-0.16852643, -0.07289412],
       [ 0.35425133,  0.29280132],
       [-0.4991401 , -0.55639905],
       [ 0.2883049 ,  0.16107796],
       [ 0.19806346, -0.35728475],
       [ 0.24640515, -0.06491443],
       [ 0.010279  , -0.02846039]], dtype=float32), array([ 0.01124821, -0.01124822], dtype=float32)]
2022-08-03 14:01:05,828 | Receive Global MLModel message time spent: 0.0089 seconds
2022-08-03 14:01:05,829 | Send Local MLModel message time spent: 0.0001 seconds
2022-08-03 14:01:05,855 | iteration: 19
2022-08-03 14:01:05,861 | x_train: [[ 44.75 110.     3.68 ...   0.3    9.95  23.42]
 [ 65.19 163.74   4.68 ...   0.68   5.78  74.26]
 [ 32.62  53.83   5.01 ...   0.5    8.92  70.48]
 ...
 [ 23.6   50.63   5.62 ...   0.38   2.2   10.3 ]
 [ 37.5   84.     4.72 ...   0.72   9.48  21.95]
 [ 11.88  25.     5.44 ...   0.32  13.48   8.67]]
2022-08-03 14:01:05,862 | y_train: [1 1 1 ... 1 1 0]
2022-08-03 14:01:05,863 | len(x_train): 1150
2022-08-03 14:01:05,863 | len(y_train): 1150
2022-08-03 14:01:06,713 | LogReg Training time spent: 0.8618 seconds
2022-08-03 14:01:06,719 | Receive Global MLModel message time spent: 0.0167 seconds
2022-08-03 14:01:06,720 | Send Local MLModel message time spent: 0.0002 seconds
2022-08-03 14:01:07,095 | Modelo gerado evaluate(): [array([[ 0.02180518, -0.01380267],
       [-0.04601597,  0.2090542 ],
       [-0.16750015, -0.0737595 ],
       [ 0.35166436,  0.29495707],
       [-0.49408868, -0.560747  ],
       [ 0.2809395 ,  0.1681439 ],
       [ 0.19761243, -0.3567277 ],
       [ 0.2272468 , -0.04587704],
       [ 0.01107386, -0.02924313]], dtype=float32), array([ 0.01225486, -0.01225486], dtype=float32)]
2022-08-03 14:01:07,103 | Receive Global MLModel message time spent: 0.0099 seconds
2022-08-03 14:01:07,104 | Send Local MLModel message time spent: 0.0002 seconds
2022-08-03 14:01:07,123 | iteration: 20
2022-08-03 14:01:07,129 | x_train: [[ 37.    87.75  33.55 ...   3.58   8.55  44.85]
 [ 74.96 176.75   2.55 ...   0.67  18.72  54.77]
 [ 33.25  80.5    7.07 ...   0.57  44.55  43.35]
 ...
 [ 31.42  43.81   5.56 ...   0.47   2.28  11.34]
 [ 14.47  28.19   3.97 ...   0.31   8.13  51.5 ]
 [ 61.13 168.07   6.36 ...   0.61   9.37  70.18]]
2022-08-03 14:01:07,130 | y_train: [1 1 1 ... 1 1 1]
2022-08-03 14:01:07,131 | len(x_train): 1150
2022-08-03 14:01:07,131 | len(y_train): 1150
2022-08-03 14:01:07,990 | LogReg Training time spent: 0.8708 seconds
2022-08-03 14:01:07,995 | Receive Global MLModel message time spent: 0.0099 seconds
2022-08-03 14:01:07,996 | Send Local MLModel message time spent: 0.0001 seconds
2022-08-03 14:01:08,357 | Modelo gerado evaluate(): [array([[ 0.01328037, -0.0052832 ],
       [-0.02727443,  0.19020401],
       [-0.16524613, -0.07585272],
       [ 0.346608  ,  0.29958242],
       [-0.49144176, -0.56269085],
       [ 0.27495852,  0.1738256 ],
       [ 0.1968923 , -0.35590154],
       [ 0.2114313 , -0.03018238],
       [ 0.00844058, -0.02659775]], dtype=float32), array([ 0.0130437, -0.0130437], dtype=float32)]
2022-08-03 14:01:08,367 | Receive Global MLModel message time spent: 0.0086 seconds
2022-08-03 14:01:08,369 | Send Local MLModel message time spent: 0.0001 seconds
2022-08-03 14:01:08,386 | iteration: 21
2022-08-03 14:01:08,391 | x_train: [[ 35.75  87.     1.85 ...   0.59  10.83  75.38]
 [ 36.12 101.44   0.94 ...   0.36   6.    69.17]
 [ 70.   133.5    3.   ...   1.56   5.81  52.28]
 ...
 [154.53 443.52  22.2  ...   7.08  17.2   81.28]
 [ 55.65  92.88   7.94 ...   0.43   7.74  23.59]
 [ 39.1  118.44   2.98 ...   0.59   4.73  35.88]]
2022-08-03 14:01:08,393 | y_train: [1 1 1 ... 1 1 1]
2022-08-03 14:01:08,393 | len(x_train): 1150
2022-08-03 14:01:08,393 | len(y_train): 1150
2022-08-03 14:01:09,198 | LogReg Training time spent: 0.8148 seconds
2022-08-03 14:01:09,203 | Receive Global MLModel message time spent: 0.0086 seconds
2022-08-03 14:01:09,204 | Send Local MLModel message time spent: 0.0001 seconds
2022-08-03 14:01:09,564 | Modelo gerado evaluate(): [array([[ 0.00665802,  0.00133382],
       [-0.00944961,  0.17227061],
       [-0.16424745, -0.07669072],
       [ 0.34082383,  0.3049359 ],
       [-0.48933616, -0.564094  ],
       [ 0.26991275,  0.17857225],
       [ 0.1962092 , -0.3551125 ],
       [ 0.19646476, -0.01533663],
       [ 0.00762613, -0.0257712 ]], dtype=float32), array([ 0.0138292, -0.0138292], dtype=float32)]
2022-08-03 14:01:09,572 | Receive Global MLModel message time spent: 0.0125 seconds
2022-08-03 14:01:09,573 | Send Local MLModel message time spent: 0.0001 seconds
2022-08-03 14:01:09,592 | iteration: 22
2022-08-03 14:01:09,597 | x_train: [[ 72.55 137.4   33.47 ...   1.12   2.94  16.42]
 [ 42.3   58.62   5.69 ...   0.62   3.29  12.72]
 [ 31.25  55.     1.65 ...   0.71  12.35  39.4 ]
 ...
 [ 39.33 105.75   7.86 ...   0.58   6.85  33.76]
 [ 50.75 115.     8.07 ...   0.7    1.42  13.56]
 [ 64.74 150.96  10.89 ...   0.99   8.56  73.73]]
2022-08-03 14:01:09,598 | y_train: [1 1 1 ... 1 1 1]
2022-08-03 14:01:09,599 | len(x_train): 1150
2022-08-03 14:01:09,599 | len(y_train): 1150
2022-08-03 14:01:10,503 | LogReg Training time spent: 0.9148 seconds
2022-08-03 14:01:10,508 | Receive Global MLModel message time spent: 0.0103 seconds
2022-08-03 14:01:10,509 | Send Local MLModel message time spent: 0.0001 seconds
2022-08-03 14:01:10,871 | Modelo gerado evaluate(): [array([[ 0.00182381,  0.00616271],
       [ 0.00091282,  0.16179964],
       [-0.16454837, -0.07622921],
       [ 0.3355081 ,  0.30982122],
       [-0.48894095, -0.5637871 ],
       [ 0.26405683,  0.18412928],
       [ 0.19585425, -0.35465163],
       [ 0.17696849,  0.00403893],
       [ 0.00541736, -0.02355033]], dtype=float32), array([ 0.0145879, -0.0145879], dtype=float32)]
2022-08-03 14:01:10,878 | Receive Global MLModel message time spent: 0.0130 seconds
2022-08-03 14:01:10,879 | Send Local MLModel message time spent: 0.0001 seconds
2022-08-03 14:01:10,899 | iteration: 23
2022-08-03 14:01:10,905 | x_train: [[ 36.63 118.39  10.62 ...   0.89  12.62  40.93]
 [ 19.67  49.48   3.13 ...   0.57  10.29  13.13]
 [ 56.91 177.36   8.59 ...   0.74  12.85  50.56]
 ...
 [ 25.33  49.25   2.35 ...   0.48   4.07  14.3 ]
 [ 36.75  98.5   14.27 ...   0.7    9.55   2.9 ]
 [ 29.34  49.7    0.7  ...   0.51  14.44  26.98]]
2022-08-03 14:01:10,906 | y_train: [1 1 1 ... 1 1 0]
2022-08-03 14:01:10,907 | len(x_train): 1150
2022-08-03 14:01:10,907 | len(y_train): 1150
2022-08-03 14:01:11,794 | LogReg Training time spent: 0.8994 seconds
2022-08-03 14:01:11,800 | Receive Global MLModel message time spent: 0.0104 seconds
2022-08-03 14:01:11,800 | Send Local MLModel message time spent: 0.0001 seconds
2022-08-03 14:01:12,163 | Modelo gerado evaluate(): [array([[-0.0001408 ,  0.00812199],
       [ 0.01674115,  0.14586288],
       [-0.16446991, -0.07614721],
       [ 0.33187565,  0.3130236 ],
       [-0.4889515 , -0.5630749 ],
       [ 0.2591788 ,  0.18870863],
       [ 0.19516693, -0.3538585 ],
       [ 0.16548637,  0.0154004 ],
       [ 0.00378587, -0.02190676]], dtype=float32), array([ 0.01537998, -0.01537998], dtype=float32)]
2022-08-03 14:01:12,170 | Receive Global MLModel message time spent: 0.0103 seconds
2022-08-03 14:01:12,171 | Send Local MLModel message time spent: 0.0001 seconds
2022-08-03 14:01:12,195 | iteration: 24
2022-08-03 14:01:12,201 | x_train: [[ 88.78 194.76  53.08 ...   2.51  12.27  44.52]
 [108.31 179.3   29.52 ...   1.54  21.12  20.64]
 [ 22.06  42.4   10.93 ...   0.45   3.31  41.07]
 ...
 [ 39.41 109.96  21.16 ...   1.01   9.71  17.65]
 [ 59.95 157.15   4.38 ...   0.8    4.81  17.26]
 [ 27.25  78.     5.52 ...   0.71  19.15  80.82]]
2022-08-03 14:01:12,202 | y_train: [1 1 1 ... 1 1 1]
2022-08-03 14:01:12,203 | len(x_train): 1150
2022-08-03 14:01:12,203 | len(y_train): 1150
2022-08-03 14:01:13,004 | LogReg Training time spent: 0.8116 seconds
2022-08-03 14:01:13,009 | Receive Global MLModel message time spent: 0.0161 seconds
2022-08-03 14:01:13,010 | Send Local MLModel message time spent: 0.0002 seconds
2022-08-03 14:01:13,389 | Modelo gerado evaluate(): [array([[-0.00775848,  0.01573436],
       [ 0.01984864,  0.142647  ],
       [-0.16764875, -0.07280802],
       [ 0.32391354,  0.32055598],
       [-0.49448982, -0.5568355 ],
       [ 0.24824771,  0.19934118],
       [ 0.19384158, -0.35242736],
       [ 0.14951482,  0.03125139],
       [-0.00546042, -0.0126484 ]], dtype=float32), array([ 0.01584439, -0.01584439], dtype=float32)]
2022-08-03 14:01:13,396 | Receive Global MLModel message time spent: 0.0251 seconds
2022-08-03 14:01:13,397 | Send Local MLModel message time spent: 0.0001 seconds
2022-08-03 14:01:13,413 | iteration: 25
2022-08-03 14:01:13,419 | x_train: [[ 19.3   44.56   5.8  ...   0.9    8.43  17.25]
 [276.65 442.68  11.46 ...   1.91  13.23  61.78]
 [ 31.79  57.5   13.06 ...   1.68  30.74  28.54]
 ...
 [ 97.49 127.3    6.11 ...   8.03  25.24  35.55]
 [ 45.91  76.38  14.9  ...   0.6   11.84   1.  ]
 [ 39.7   80.38  10.08 ...   0.47   6.35  25.67]]
2022-08-03 14:01:13,420 | y_train: [1 1 1 ... 1 1 1]
2022-08-03 14:01:13,421 | len(x_train): 1150
2022-08-03 14:01:13,421 | len(y_train): 1150
2022-08-03 14:01:14,242 | LogReg Training time spent: 0.8331 seconds
2022-08-03 14:01:14,248 | Receive Global MLModel message time spent: 0.0062 seconds
2022-08-03 14:01:14,249 | Send Local MLModel message time spent: 0.0002 seconds
2022-08-03 14:01:14,611 | Modelo gerado evaluate(): [array([[-0.00796285,  0.01593341],
       [ 0.03645805,  0.12592927],
       [-0.16682892, -0.07346761],
       [ 0.32319337,  0.32084662],
       [-0.4919514 , -0.55867326],
       [ 0.24241598,  0.20487456],
       [ 0.19307452, -0.3515547 ],
       [ 0.14119403,  0.03945171],
       [-0.00421878, -0.01387796]], dtype=float32), array([ 0.01661264, -0.01661264], dtype=float32)]
2022-08-03 14:01:14,623 | Receive Global MLModel message time spent: 0.0087 seconds
2022-08-03 14:01:14,625 | Send Local MLModel message time spent: 0.0001 seconds
2022-08-03 14:01:14,642 | iteration: 26
2022-08-03 14:01:14,648 | x_train: [[ 65.32  95.66  11.51 ...   0.7    4.74  34.66]
 [ 39.25  71.     3.67 ...   0.34   5.49  51.77]
 [ 48.5  104.5    3.42 ...   0.55   5.85  30.17]
 ...
 [141.83 233.81  65.44 ...   1.29  17.32  21.4 ]
 [ 29.75  85.25   2.5  ...   0.56  70.85  17.82]
 [ 46.5   85.5    4.17 ...   0.78  33.3   80.55]]
2022-08-03 14:01:14,649 | y_train: [1 1 1 ... 1 1 1]
2022-08-03 14:01:14,650 | len(x_train): 1150
2022-08-03 14:01:14,650 | len(y_train): 1150
2022-08-03 14:01:15,536 | LogReg Training time spent: 0.8979 seconds
2022-08-03 14:01:15,541 | Receive Global MLModel message time spent: 0.0069 seconds
2022-08-03 14:01:15,542 | Send Local MLModel message time spent: 0.0001 seconds
2022-08-03 14:01:15,930 | Modelo gerado evaluate(): [array([[-0.01073674,  0.01870199],
       [ 0.0494965 ,  0.1127826 ],
       [-0.16559535, -0.07454105],
       [ 0.32319018,  0.3204205 ],
       [-0.49095175, -0.55897284],
       [ 0.23834234,  0.20865014],
       [ 0.19193873, -0.35031328],
       [ 0.1338058 ,  0.04671957],
       [-0.00335883, -0.01472585]], dtype=float32), array([ 0.0173243, -0.0173243], dtype=float32)]
2022-08-03 14:01:15,938 | Receive Global MLModel message time spent: 0.0192 seconds
2022-08-03 14:01:15,939 | Send Local MLModel message time spent: 0.0001 seconds
2022-08-03 14:01:15,955 | iteration: 27
2022-08-03 14:01:15,960 | x_train: [[ 26.19  58.38   3.85 ...   7.84  13.14  51.1 ]
 [ 52.9  148.56   5.96 ...   0.78  20.88  15.17]
 [144.35 687.88  11.97 ...   0.72   6.88  46.65]
 ...
 [ 24.99  57.73   5.89 ...   0.72  10.55  39.21]
 [ 33.92  68.7    3.73 ...   0.43   4.59  10.43]
 [ 73.44 227.14  11.23 ...   0.73   6.21  17.18]]
2022-08-03 14:01:15,962 | y_train: [1 1 1 ... 1 1 1]
2022-08-03 14:01:15,962 | len(x_train): 1150
2022-08-03 14:01:15,962 | len(y_train): 1150
2022-08-03 14:01:16,765 | LogReg Training time spent: 0.8129 seconds
2022-08-03 14:01:16,770 | Receive Global MLModel message time spent: 0.0071 seconds
2022-08-03 14:01:16,771 | Send Local MLModel message time spent: 0.0001 seconds
2022-08-03 14:01:17,152 | Modelo gerado evaluate(): [array([[-0.01808684,  0.02604678],
       [ 0.04914131,  0.11302964],
       [-0.1643688 , -0.07560759],
       [ 0.31760314,  0.32557863],
       [-0.4931552 , -0.5560696 ],
       [ 0.23505555,  0.21163899],
       [ 0.19039512, -0.34866416],
       [ 0.12412196,  0.05628309],
       [-0.00671331, -0.01135932]], dtype=float32), array([ 0.01792385, -0.01792384], dtype=float32)]
2022-08-03 14:01:17,160 | Receive Global MLModel message time spent: 0.0185 seconds
2022-08-03 14:01:17,160 | Send Local MLModel message time spent: 0.0001 seconds
2022-08-03 14:01:17,181 | iteration: 28
2022-08-03 14:01:17,186 | x_train: [[ 38.5   87.     0.85 ...   0.39  13.1   76.45]
 [ 23.31  87.12   1.78 ...   0.33   6.72  20.81]
 [ 14.47  38.23  72.52 ...   0.69   2.28  32.74]
 ...
 [ 42.38 137.5    1.25 ...   0.13   5.2   55.95]
 [ 86.75 121.    10.52 ...   0.33  47.1   31.62]
 [ 16.84  37.     1.29 ...   0.43   5.96  10.34]]
2022-08-03 14:01:17,188 | y_train: [1 1 0 ... 1 1 0]
2022-08-03 14:01:17,188 | len(x_train): 1150
2022-08-03 14:01:17,188 | len(y_train): 1150
2022-08-03 14:01:17,988 | LogReg Training time spent: 0.8099 seconds
2022-08-03 14:01:17,993 | Receive Global MLModel message time spent: 0.0128 seconds
2022-08-03 14:01:17,995 | Send Local MLModel message time spent: 0.0004 seconds
2022-08-03 14:01:18,352 | Modelo gerado evaluate(): [array([[-0.02102428,  0.02897892],
       [ 0.0555438 ,  0.10651907],
       [-0.16275287, -0.07706358],
       [ 0.31831908,  0.32443407],
       [-0.4926443 , -0.55588126],
       [ 0.2349881 ,  0.21140875],
       [ 0.18884782, -0.34701133],
       [ 0.119628  ,  0.0606568 ],
       [-0.00670203, -0.01135856]], dtype=float32), array([ 0.01871398, -0.01871398], dtype=float32)]
2022-08-03 14:01:18,360 | Receive Global MLModel message time spent: 0.0115 seconds
2022-08-03 14:01:18,361 | Send Local MLModel message time spent: 0.0001 seconds
2022-08-03 14:01:18,379 | iteration: 29
2022-08-03 14:01:18,384 | x_train: [[152.   291.42  27.72 ...   1.36  22.08  45.68]
 [ 37.69 128.14  45.61 ...   0.     2.96  18.64]
 [ 45.38  93.75  60.46 ...   1.02   5.41   8.8 ]
 ...
 [ 88.   178.5   11.73 ...   1.43   3.2   20.38]
 [ 32.    77.5    3.95 ...   0.6   36.02  19.6 ]
 [104.01 261.46  37.15 ...   1.77  16.08  24.31]]
2022-08-03 14:01:18,386 | y_train: [1 1 1 ... 1 1 1]
2022-08-03 14:01:18,386 | len(x_train): 1150
2022-08-03 14:01:18,386 | len(y_train): 1150
2022-08-03 14:01:19,242 | LogReg Training time spent: 0.8659 seconds
2022-08-03 14:01:19,247 | Receive Global MLModel message time spent: 0.0102 seconds
2022-08-03 14:01:19,248 | Send Local MLModel message time spent: 0.0001 seconds
2022-08-03 14:01:19,625 | Modelo gerado evaluate(): [array([[-0.02317165,  0.03112099],
       [ 0.05732521,  0.10462966],
       [-0.16346428, -0.07619233],
       [ 0.3155661 ,  0.32675868],
       [-0.49522015, -0.55260664],
       [ 0.233996  ,  0.21210335],
       [ 0.18802565, -0.3460837 ],
       [ 0.11743362,  0.06273105],
       [-0.00609136, -0.01195719]], dtype=float32), array([ 0.01939668, -0.01939667], dtype=float32)]
2022-08-03 14:01:19,633 | Receive Global MLModel message time spent: 0.0120 seconds
2022-08-03 14:01:19,634 | Send Local MLModel message time spent: 0.0001 seconds
2022-08-03 14:01:19,654 | iteration: 30
2022-08-03 14:01:19,660 | x_train: [[ 26.36  77.07   3.89 ...   1.25   2.27  21.21]
 [ 43.88  65.76   9.61 ...   0.27   6.19  30.26]
 [ 50.16  64.47  14.   ...   1.46   0.26  10.77]
 ...
 [ 81.75 156.5    2.6  ...   1.03   9.    32.17]
 [ 42.75 128.25  11.57 ...  10.65  19.07  14.  ]
 [ 75.94 180.84  12.64 ...   0.76   8.23  32.55]]
2022-08-03 14:01:19,661 | y_train: [1 1 1 ... 1 1 1]
2022-08-03 14:01:19,662 | len(x_train): 1149
2022-08-03 14:01:19,662 | len(y_train): 1149
2022-08-03 14:01:20,479 | LogReg Training time spent: 0.8286 seconds
2022-08-03 14:01:20,484 | Receive Global MLModel message time spent: 0.0112 seconds
2022-08-03 14:01:20,485 | Send Local MLModel message time spent: 0.0001 seconds
2022-08-03 14:01:20,849 | Modelo gerado evaluate(): [array([[-0.02407172,  0.03201576],
       [ 0.06024018,  0.10160676],
       [-0.16191784, -0.07757907],
       [ 0.31546456,  0.3264322 ],
       [-0.49461463, -0.5525139 ],
       [ 0.23424669,  0.21155538],
       [ 0.18690452, -0.3448572 ],
       [ 0.11499622,  0.06504838],
       [-0.0060172 , -0.01201932]], dtype=float32), array([ 0.02015216, -0.02015215], dtype=float32)]
2022-08-03 14:01:20,856 | Receive Global MLModel message time spent: 0.0131 seconds
2022-08-03 14:01:20,857 | Send Local MLModel message time spent: 0.0001 seconds
2022-08-03 14:01:20,873 | iteration: 31
2022-08-03 14:01:20,878 | x_train: [[ 46.25  76.31   5.76 ...   0.53   3.78  23.91]
 [ 27.26  58.39   5.7  ...   0.38   3.25  17.57]
 [ 66.5   94.     5.63 ...   1.5   43.15  97.75]
 ...
 [ 13.89  16.87   5.98 ...   0.38   1.62  25.15]
 [ 67.5  107.     1.38 ...   0.1   15.33 142.1 ]
 [ 70.38 246.77  21.84 ...   0.99  12.18  54.97]]
2022-08-03 14:01:20,880 | y_train: [1 1 1 ... 0 1 1]
2022-08-03 14:01:20,880 | len(x_train): 1149
2022-08-03 14:01:20,881 | len(y_train): 1149
2022-08-03 14:01:21,788 | LogReg Training time spent: 0.9183 seconds
2022-08-03 14:01:21,794 | Receive Global MLModel message time spent: 0.0083 seconds
2022-08-03 14:01:21,795 | Send Local MLModel message time spent: 0.0001 seconds
2022-08-03 14:01:22,156 | Modelo gerado evaluate(): [array([[-0.02473026,  0.03266901],
       [ 0.06260394,  0.09913515],
       [-0.16132468, -0.07801264],
       [ 0.3157263 ,  0.32574263],
       [-0.49503303, -0.55139774],
       [ 0.2337871 ,  0.21171787],
       [ 0.18600729, -0.3438547 ],
       [ 0.11355721,  0.06636739],
       [-0.00526007, -0.01276443]], dtype=float32), array([ 0.02080858, -0.02080857], dtype=float32)]
2022-08-03 14:01:22,163 | Receive Global MLModel message time spent: 0.0108 seconds
2022-08-03 14:01:22,164 | Send Local MLModel message time spent: 0.0001 seconds
2022-08-03 14:01:22,405 | iteration: 32
2022-08-03 14:01:22,410 | x_train: [[ 37.92  92.4    4.24 ...   1.12   9.37  36.8 ]
 [ 95.96 209.61  22.43 ...   1.21  35.22  10.5 ]
 [ 43.62  86.89   4.71 ...   0.84  10.63  32.54]
 ...
 [ 98.74 325.21  65.97 ...   2.22  16.64  32.3 ]
 [ 31.    58.25   1.19 ...   0.39   5.77  17.19]
 [ 73.62 157.55   5.12 ...   0.94   9.61  28.18]]
2022-08-03 14:01:22,412 | y_train: [1 1 1 ... 1 1 1]
2022-08-03 14:01:22,412 | len(x_train): 1149
2022-08-03 14:01:22,413 | len(y_train): 1149
2022-08-03 14:01:23,245 | LogReg Training time spent: 0.8431 seconds
2022-08-03 14:01:23,250 | Receive Global MLModel message time spent: 0.2332 seconds
2022-08-03 14:01:23,250 | Send Local MLModel message time spent: 0.0001 seconds
2022-08-03 14:01:23,626 | Modelo gerado evaluate(): [array([[-0.02635134,  0.03428479],
       [ 0.06397397,  0.09765734],
       [-0.16169557, -0.07748222],
       [ 0.31548208,  0.32555935],
       [-0.495466  , -0.5502673 ],
       [ 0.23497456,  0.21023348],
       [ 0.1851844 , -0.34292662],
       [ 0.11184229,  0.06796239],
       [-0.00745969, -0.0105528 ]], dtype=float32), array([ 0.02143755, -0.02143754], dtype=float32)]
2022-08-03 14:01:23,633 | Receive Global MLModel message time spent: 0.0229 seconds
2022-08-03 14:01:23,634 | Send Local MLModel message time spent: 0.0001 seconds
2022-08-03 14:01:23,656 | iteration: 33
2022-08-03 14:01:23,662 | x_train: [[151.31 246.33  33.71 ...   1.31  11.75  17.83]
 [ 95.35 192.37   8.53 ...   1.    15.77  71.  ]
 [ 25.75  74.     1.35 ...   0.31   5.5   29.8 ]
 ...
 [ 22.59  40.96   3.28 ...   0.39   4.56  42.24]
 [ 56.    94.    96.83 ...   2.16  36.77   9.6 ]
 [ 60.25 145.5    6.   ...   0.77  11.28  12.25]]
2022-08-03 14:01:23,664 | y_train: [1 1 1 ... 1 1 1]
2022-08-03 14:01:23,664 | len(x_train): 1149
2022-08-03 14:01:23,664 | len(y_train): 1149
2022-08-03 14:01:24,544 | LogReg Training time spent: 0.8911 seconds
2022-08-03 14:01:24,549 | Receive Global MLModel message time spent: 0.0138 seconds
2022-08-03 14:01:24,550 | Send Local MLModel message time spent: 0.0001 seconds
2022-08-03 14:01:24,919 | Modelo gerado evaluate(): [array([[-0.02899943,  0.03692759],
       [ 0.06174923,  0.09977435],
       [-0.15922293, -0.07979546],
       [ 0.31486318,  0.32575104],
       [-0.4952473 , -0.5497891 ],
       [ 0.23336774,  0.2115436 ],
       [ 0.18435459, -0.3419917 ],
       [ 0.10942355,  0.07026131],
       [-0.0094419 , -0.00855858]], dtype=float32), array([ 0.02210178, -0.02210177], dtype=float32)]
2022-08-03 14:01:24,927 | Receive Global MLModel message time spent: 0.0136 seconds
2022-08-03 14:01:24,928 | Send Local MLModel message time spent: 0.0001 seconds
2022-08-03 14:01:24,945 | iteration: 34
2022-08-03 14:01:24,951 | x_train: [[166.87 323.66  22.15 ...   0.88  12.11  50.16]
 [ 75.71 146.48  29.24 ...   0.87  14.57  24.49]
 [ 67.99 120.34   7.96 ...  10.35   7.45  45.72]
 ...
 [ 16.9   53.39  75.3  ...   0.51   8.72  16.92]
 [ 58.85 146.65  10.96 ...   0.67  16.72  21.58]
 [ 91.88 251.    26.84 ...   0.34  28.02   6.82]]
2022-08-03 14:01:24,953 | y_train: [1 1 1 ... 1 1 1]
2022-08-03 14:01:24,953 | len(x_train): 1149
2022-08-03 14:01:24,954 | len(y_train): 1149
2022-08-03 14:01:25,762 | LogReg Training time spent: 0.8199 seconds
2022-08-03 14:01:25,767 | Receive Global MLModel message time spent: 0.0080 seconds
2022-08-03 14:01:25,768 | Send Local MLModel message time spent: 0.0001 seconds
2022-08-03 14:01:26,132 | Modelo gerado evaluate(): [array([[-0.02998954,  0.03791241],
       [ 0.06153912,  0.09987682],
       [-0.15905967, -0.07979944],
       [ 0.31376868,  0.3264186 ],
       [-0.49742234, -0.54691756],
       [ 0.23199908,  0.21261573],
       [ 0.18360414, -0.34113622],
       [ 0.1092455 ,  0.0703196 ],
       [-0.00968036, -0.00830812]], dtype=float32), array([ 0.02274404, -0.02274403], dtype=float32)]
2022-08-03 14:01:26,139 | Receive Global MLModel message time spent: 0.0111 seconds
2022-08-03 14:01:26,140 | Send Local MLModel message time spent: 0.0001 seconds
2022-08-03 14:01:26,161 | iteration: 35
2022-08-03 14:01:26,167 | x_train: [[ 31.65 102.     5.01 ...   0.27   5.95   6.99]
 [ 60.04 136.5   18.6  ...   1.06  19.41  17.76]
 [ 30.24  52.16   6.18 ...   0.82  13.25  43.06]
 ...
 [ 19.    35.     4.72 ...   0.29   3.22   6.65]
 [ 18.    76.9   63.23 ...   1.13   3.06   8.53]
 [ 22.05  47.38   9.55 ...   0.39   5.55  16.67]]
2022-08-03 14:01:26,168 | y_train: [1 1 1 ... 1 1 0]
2022-08-03 14:01:26,169 | len(x_train): 1149
2022-08-03 14:01:26,169 | len(y_train): 1149
2022-08-03 14:01:27,014 | LogReg Training time spent: 0.8570 seconds
2022-08-03 14:01:27,019 | Receive Global MLModel message time spent: 0.0114 seconds
2022-08-03 14:01:27,020 | Send Local MLModel message time spent: 0.0001 seconds
2022-08-03 14:01:27,391 | Modelo gerado evaluate(): [array([[-0.03219897,  0.04011656],
       [ 0.06126505,  0.10004333],
       [-0.15900443, -0.07969548],
       [ 0.3115522 ,  0.32820845],
       [-0.50000805, -0.54363585],
       [ 0.23061903,  0.21369945],
       [ 0.18241377, -0.33984083],
       [ 0.10889103,  0.07055441],
       [-0.00916726, -0.00880924]], dtype=float32), array([ 0.02339645, -0.02339644], dtype=float32)]
2022-08-03 14:01:27,399 | Receive Global MLModel message time spent: 0.0192 seconds
2022-08-03 14:01:27,400 | Send Local MLModel message time spent: 0.0001 seconds
2022-08-03 14:01:27,417 | iteration: 36
2022-08-03 14:01:27,422 | x_train: [[ 29.    67.     2.95 ...   0.71  26.1   59.2 ]
 [ 93.    94.    37.88 ...   1.2   13.33  16.27]
 [ 13.69  39.15  83.48 ...   0.44   2.68  12.25]
 ...
 [ 38.5   67.5    2.17 ...   0.75  15.57  40.85]
 [ 58.81  88.62   3.62 ...   0.35   6.24  18.12]
 [ 70.63 169.02  26.49 ...   1.02   4.36   9.26]]
2022-08-03 14:01:27,424 | y_train: [1 1 1 ... 1 1 1]
2022-08-03 14:01:27,424 | len(x_train): 1149
2022-08-03 14:01:27,425 | len(y_train): 1149
2022-08-03 14:01:28,269 | LogReg Training time spent: 0.8549 seconds
2022-08-03 14:01:28,274 | Receive Global MLModel message time spent: 0.0090 seconds
2022-08-03 14:01:28,275 | Send Local MLModel message time spent: 0.0001 seconds
2022-08-03 14:01:28,641 | Modelo gerado evaluate(): [array([[-0.03078402,  0.03869634],
       [ 0.06685865,  0.09434224],
       [-0.15698214, -0.08155871],
       [ 0.31470668,  0.32462758],
       [-0.4969047 , -0.54604363],
       [ 0.2350847 ,  0.20893766],
       [ 0.18161991, -0.33894205],
       [ 0.1090856 ,  0.07024022],
       [-0.00671779, -0.01124672]], dtype=float32), array([ 0.02412324, -0.02412323], dtype=float32)]
2022-08-03 14:01:28,651 | Receive Global MLModel message time spent: 0.0142 seconds
2022-08-03 14:01:28,652 | Send Local MLModel message time spent: 0.0001 seconds
2022-08-03 14:01:28,676 | iteration: 37
2022-08-03 14:01:28,681 | x_train: [[ 46.    86.25   5.   ...   1.29   3.52  66.4 ]
 [ 31.    72.     8.05 ...   0.78   7.     7.55]
 [ 62.75 129.     3.12 ...   0.65   8.32 117.75]
 ...
 [ 84.5   94.    12.28 ...   0.33  25.95  33.  ]
 [ 16.08  69.9    7.22 ...   0.29   9.16  43.07]
 [ 13.37  34.71   3.98 ...   0.35   4.32  27.14]]
2022-08-03 14:01:28,682 | y_train: [1 1 1 ... 1 1 1]
2022-08-03 14:01:28,683 | len(x_train): 1149
2022-08-03 14:01:28,683 | len(y_train): 1149
2022-08-03 14:01:29,480 | LogReg Training time spent: 0.8074 seconds
2022-08-03 14:01:29,485 | Receive Global MLModel message time spent: 0.0146 seconds
2022-08-03 14:01:29,486 | Send Local MLModel message time spent: 0.0001 seconds
2022-08-03 14:01:29,846 | Modelo gerado evaluate(): [array([[-0.03319255,  0.04109959],
       [ 0.06366536,  0.09742809],
       [-0.15659422, -0.08178765],
       [ 0.3142221 ,  0.32468605],
       [-0.49700758, -0.5452457 ],
       [ 0.23405807,  0.20966832],
       [ 0.1807319 , -0.3379492 ],
       [ 0.10765393,  0.07155237],
       [-0.00844248, -0.00951006]], dtype=float32), array([ 0.02467924, -0.02467923], dtype=float32)]
2022-08-03 14:01:29,855 | Receive Global MLModel message time spent: 0.0089 seconds
2022-08-03 14:01:29,856 | Send Local MLModel message time spent: 0.0001 seconds
2022-08-03 14:01:29,876 | iteration: 38
2022-08-03 14:01:29,882 | x_train: [[ 20.62  37.67   3.8  ...   0.27   3.53  43.33]
 [175.91 284.28  13.65 ...   1.28  15.54  45.41]
 [160.36 200.9   85.02 ...   1.37  11.04   4.8 ]
 ...
 [ 21.75  97.75   1.1  ...   0.11   9.82  44.9 ]
 [ 37.    93.     5.47 ...   0.75   8.    30.5 ]
 [ 73.   164.25  11.6  ...   0.77  15.25  27.08]]
2022-08-03 14:01:29,883 | y_train: [1 1 1 ... 1 1 1]
2022-08-03 14:01:29,884 | len(x_train): 1149
2022-08-03 14:01:29,884 | len(y_train): 1149
2022-08-03 14:01:30,823 | LogReg Training time spent: 0.9509 seconds
2022-08-03 14:01:30,828 | Receive Global MLModel message time spent: 0.0103 seconds
2022-08-03 14:01:30,828 | Send Local MLModel message time spent: 0.0002 seconds
2022-08-03 14:01:31,189 | Modelo gerado evaluate(): [array([[-0.03421913,  0.0421209 ],
       [ 0.06296501,  0.09802109],
       [-0.15680523, -0.08141777],
       [ 0.3147744 ,  0.32370794],
       [-0.49659538, -0.54496336],
       [ 0.23180254,  0.21162811],
       [ 0.18003303, -0.33714554],
       [ 0.10706397,  0.07202291],
       [-0.00716588, -0.0107747 ]], dtype=float32), array([ 0.02535919, -0.02535919], dtype=float32)]
2022-08-03 14:01:31,196 | Receive Global MLModel message time spent: 0.0096 seconds
2022-08-03 14:01:31,197 | Send Local MLModel message time spent: 0.0001 seconds
2022-08-03 14:01:31,222 | iteration: 39
2022-08-03 14:01:31,227 | x_train: [[ 24.92  83.19   4.57 ...   0.37   8.33  15.65]
 [ 99.5  181.5   10.67 ...   0.    25.15   5.17]
 [ 41.27 117.34   9.02 ...   1.03   8.25  55.86]
 ...
 [ 19.08  33.6    1.67 ...   0.72   5.67  35.02]
 [  7.    66.     9.5  ...   1.02   7.72  16.9 ]
 [ 81.92 139.25   3.82 ...   0.8    9.73  36.61]]
2022-08-03 14:01:31,229 | y_train: [1 1 1 ... 1 1 1]
2022-08-03 14:01:31,229 | len(x_train): 1149
2022-08-03 14:01:31,230 | len(y_train): 1149
2022-08-03 14:01:32,032 | LogReg Training time spent: 0.8127 seconds
2022-08-03 14:01:32,037 | Receive Global MLModel message time spent: 0.0168 seconds
2022-08-03 14:01:32,038 | Send Local MLModel message time spent: 0.0001 seconds
2022-08-03 14:01:32,399 | Modelo gerado evaluate(): [array([[-0.03324632,  0.04114283],
       [ 0.06484205,  0.09603676],
       [-0.15648943, -0.08157482],
       [ 0.31526783,  0.32278898],
       [-0.49638543, -0.5444792 ],
       [ 0.2299218 ,  0.21321332],
       [ 0.17930254, -0.33631036],
       [ 0.10581011,  0.07315741],
       [-0.00797262, -0.009956  ]], dtype=float32), array([ 0.02600215, -0.02600215], dtype=float32)]
2022-08-03 14:01:32,406 | Receive Global MLModel message time spent: 0.0112 seconds
2022-08-03 14:01:32,407 | Send Local MLModel message time spent: 0.0001 seconds
2022-08-03 14:01:32,424 | iteration: 40
2022-08-03 14:01:32,429 | x_train: [[ 94.1  196.39  22.15 ...   2.14   6.35  15.78]
 [ 52.    88.75   4.68 ...   0.69   3.75  22.35]
 [ 41.3  102.68  67.99 ...   0.2    6.42  24.47]
 ...
 [ 19.    85.75   0.98 ...   0.11   4.9   33.3 ]
 [ 59.    99.5    2.33 ...   1.03   9.55  79.62]
 [  2.75  23.25   1.   ...   0.11   6.75  14.18]]
2022-08-03 14:01:32,431 | y_train: [1 1 1 ... 0 1 0]
2022-08-03 14:01:32,431 | len(x_train): 1149
2022-08-03 14:01:32,432 | len(y_train): 1149
2022-08-03 14:01:33,232 | LogReg Training time spent: 0.8110 seconds
2022-08-03 14:01:33,237 | Receive Global MLModel message time spent: 0.0089 seconds
2022-08-03 14:01:33,238 | Send Local MLModel message time spent: 0.0001 seconds
2022-08-03 14:01:33,638 | Modelo gerado evaluate(): [array([[-0.03374593,  0.04163717],
       [ 0.06553555,  0.09523605],
       [-0.15621771, -0.08168788],
       [ 0.31417674,  0.32345486],
       [-0.49633834, -0.54383266],
       [ 0.2314717 ,  0.21136811],
       [ 0.17838508, -0.33528823],
       [ 0.10476893,  0.07407931],
       [-0.00853401, -0.00938266]], dtype=float32), array([ 0.02670972, -0.02670972], dtype=float32)]
2022-08-03 14:01:33,645 | Receive Global MLModel message time spent: 0.0511 seconds
2022-08-03 14:01:33,646 | Send Local MLModel message time spent: 0.0001 seconds
2022-08-03 14:01:33,662 | iteration: 41
2022-08-03 14:01:33,667 | x_train: [[ 22.02  60.12   4.26 ...   0.38  12.27  86.59]
 [ 95.13 206.95   9.25 ...   0.66  23.38  92.1 ]
 [ 22.88  98.65   4.41 ...   0.41   5.66  30.26]
 ...
 [ 65.    94.    10.47 ...   0.38  33.8   45.35]
 [ 17.04  47.95  22.37 ...   0.3    5.43  18.72]
 [ 58.   138.    57.73 ...   1.22  16.3    1.9 ]]
2022-08-03 14:01:33,668 | y_train: [1 1 1 ... 1 0 1]
2022-08-03 14:01:33,669 | len(x_train): 1149
2022-08-03 14:01:33,669 | len(y_train): 1149
2022-08-03 14:01:34,503 | LogReg Training time spent: 0.8440 seconds
2022-08-03 14:01:34,508 | Receive Global MLModel message time spent: 0.0070 seconds
2022-08-03 14:01:34,509 | Send Local MLModel message time spent: 0.0001 seconds
2022-08-03 14:01:34,872 | Modelo gerado evaluate(): [array([[-0.03294947,  0.04083546],
       [ 0.06730014,  0.09336431],
       [-0.15554316, -0.08220387],
       [ 0.31453604,  0.3226706 ],
       [-0.49672028, -0.54275745],
       [ 0.23201345,  0.21053123],
       [ 0.1773821 , -0.33418065],
       [ 0.10361761,  0.07511143],
       [-0.00750245, -0.01040228]], dtype=float32), array([ 0.02745996, -0.02745995], dtype=float32)]
2022-08-03 14:01:34,879 | Receive Global MLModel message time spent: 0.0097 seconds
2022-08-03 14:01:34,880 | Send Local MLModel message time spent: 0.0001 seconds
2022-08-03 14:01:34,899 | iteration: 42
2022-08-03 14:01:34,904 | x_train: [[ 77.    94.    10.15 ...   1.2   11.1    5.28]
 [ 31.67 114.35   1.62 ...   0.27   7.14  56.32]
 [ 35.14 110.27   5.98 ...   0.94  10.02  80.78]
 ...
 [ 22.34  49.8    8.07 ...   0.58   2.46  12.88]
 [ 80.   128.     0.6  ...   0.83  13.55  92.92]
 [ 98.75 221.75   3.8  ...   0.62  16.78  28.25]]
2022-08-03 14:01:34,906 | y_train: [1 1 1 ... 0 1 1]
2022-08-03 14:01:34,906 | len(x_train): 1149
2022-08-03 14:01:34,907 | len(y_train): 1149
2022-08-03 14:01:35,705 | LogReg Training time spent: 0.8088 seconds
2022-08-03 14:01:35,710 | Receive Global MLModel message time spent: 0.0110 seconds
2022-08-03 14:01:35,711 | Send Local MLModel message time spent: 0.0001 seconds
2022-08-03 14:01:36,086 | Modelo gerado evaluate(): [array([[-0.03247593,  0.04035666],
       [ 0.06580181,  0.09475557],
       [-0.15431626, -0.08327234],
       [ 0.31437686,  0.32240513],
       [-0.4953296 , -0.54345536],
       [ 0.23192753,  0.21032219],
       [ 0.17645042, -0.3331445 ],
       [ 0.1030109 ,  0.07559904],
       [-0.00781004, -0.01008276]], dtype=float32), array([ 0.02816184, -0.02816183], dtype=float32)]
2022-08-03 14:01:36,093 | Receive Global MLModel message time spent: 0.0259 seconds
2022-08-03 14:01:36,094 | Send Local MLModel message time spent: 0.0001 seconds
2022-08-03 14:01:36,115 | iteration: 43
2022-08-03 14:01:36,120 | x_train: [[ 98.25 137.75   0.38 ...   0.1   12.12  89.2 ]
 [ 56.29 133.8    3.51 ...   0.85  12.3   26.21]
 [ 13.19  25.19   5.74 ...   0.44   3.97  18.22]
 ...
 [ 57.45 141.45   9.03 ...   0.61  36.38  12.35]
 [ 21.25  48.     7.5  ...   0.48   4.4   12.2 ]
 [ 31.75  51.9    1.33 ...   0.34   6.45  41.1 ]]
2022-08-03 14:01:36,122 | y_train: [1 1 0 ... 1 1 1]
2022-08-03 14:01:36,123 | len(x_train): 1149
2022-08-03 14:01:36,123 | len(y_train): 1149
2022-08-03 14:01:36,941 | LogReg Training time spent: 0.8302 seconds
2022-08-03 14:01:36,946 | Receive Global MLModel message time spent: 0.0120 seconds
2022-08-03 14:01:36,947 | Send Local MLModel message time spent: 0.0001 seconds
2022-08-03 14:01:37,311 | Modelo gerado evaluate(): [array([[-0.03363831,  0.04151379],
       [ 0.06659169,  0.09385869],
       [-0.15433303, -0.08309724],
       [ 0.31438568,  0.3219719 ],
       [-0.49668542, -0.5414072 ],
       [ 0.23154229,  0.21041267],
       [ 0.17539762, -0.3319873 ],
       [ 0.10272928,  0.07576162],
       [-0.00636858, -0.01151229]], dtype=float32), array([ 0.02881505, -0.02881504], dtype=float32)]
2022-08-03 14:01:37,318 | Receive Global MLModel message time spent: 0.0176 seconds
2022-08-03 14:01:37,319 | Send Local MLModel message time spent: 0.0001 seconds
2022-08-03 14:01:37,336 | iteration: 44
2022-08-03 14:01:37,341 | x_train: [[ 22.71  44.2    3.91 ...   0.43   6.4   49.62]
 [ 82.44 185.26  95.18 ...   2.14   9.41   9.73]
 [ 47.7  105.05   2.02 ...   0.64   5.53  28.2 ]
 ...
 [ 72.25 109.25   4.17 ...   1.35  15.1   41.77]
 [ 14.96  46.3    4.63 ...   0.21   5.96   8.61]
 [ 89.54 102.25   4.19 ...   0.88   7.94  30.41]]
2022-08-03 14:01:37,343 | y_train: [0 1 1 ... 1 1 1]
2022-08-03 14:01:37,343 | len(x_train): 1149
2022-08-03 14:01:37,344 | len(y_train): 1149
2022-08-03 14:01:38,181 | LogReg Training time spent: 0.8479 seconds
2022-08-03 14:01:38,186 | Receive Global MLModel message time spent: 0.0085 seconds
2022-08-03 14:01:38,187 | Send Local MLModel message time spent: 0.0001 seconds
2022-08-03 14:01:39,335 | Modelo gerado evaluate(): [array([[-0.03289588,  0.04076611],
       [ 0.06801655,  0.09232689],
       [-0.15411068, -0.08316135],
       [ 0.31728366,  0.3186498 ],
       [-0.4968954 , -0.5405054 ],
       [ 0.23213293,  0.20952749],
       [ 0.17454076, -0.3310261 ],
       [ 0.10242211,  0.07594985],
       [-0.00627203, -0.01159693]], dtype=float32), array([ 0.02958022, -0.02958021], dtype=float32)]
2022-08-03 14:01:39,343 | Receive Global MLModel message time spent: 0.0173 seconds
2022-08-03 14:01:39,344 | Send Local MLModel message time spent: 0.0001 seconds
2022-08-03 14:01:39,361 | iteration: 45
2022-08-03 14:01:39,366 | x_train: [[ 93.18 112.78  13.21 ...   0.57   4.08   8.32]
 [120.86 232.38  61.67 ...   1.37  11.93  20.67]
 [ 69.25 200.38  11.34 ...   0.23  27.52  18.23]
 ...
 [ 94.55 175.51   7.22 ...   0.76  12.1   61.67]
 [ 11.95  16.44   3.58 ...   0.28   7.38  13.35]
 [116.77 317.87  45.75 ...   1.27  32.25  22.49]]
2022-08-03 14:01:39,367 | y_train: [1 1 1 ... 1 1 1]
2022-08-03 14:01:39,368 | len(x_train): 1149
2022-08-03 14:01:39,368 | len(y_train): 1149
2022-08-03 14:01:40,218 | LogReg Training time spent: 0.8602 seconds
2022-08-03 14:01:40,228 | Receive Global MLModel message time spent: 0.0083 seconds
2022-08-03 14:01:40,229 | Send Local MLModel message time spent: 0.0001 seconds
2022-08-03 14:01:40,596 | Modelo gerado evaluate(): [array([[-0.03415293,  0.0420179 ],
       [ 0.06603356,  0.09420303],
       [-0.152561  , -0.08455291],
       [ 0.3151472 ,  0.32036245],
       [-0.4983608 , -0.5383486 ],
       [ 0.23297939,  0.20838672],
       [ 0.17383575, -0.33021677],
       [ 0.10254174,  0.07571134],
       [-0.0061866 , -0.01167045]], dtype=float32), array([ 0.0302559 , -0.03025589], dtype=float32)]
2022-08-03 14:01:40,604 | Receive Global MLModel message time spent: 0.0111 seconds
2022-08-03 14:01:40,605 | Send Local MLModel message time spent: 0.0002 seconds
2022-08-03 14:01:40,625 | iteration: 46
2022-08-03 14:01:40,630 | x_train: [[ 83.75 146.25   3.   ...   1.36   8.05  72.83]
 [ 13.23  26.24   9.99 ...   0.26   3.16  14.51]
 [ 78.59 145.49   9.09 ...   0.9   21.43  14.39]
 ...
 [ 79.03 166.47   4.83 ...   1.39   0.71  18.18]
 [ 86.25 130.86  17.6  ...   0.95   9.2   15.22]
 [ 12.36  25.16  17.14 ...   0.48   6.92  43.77]]
2022-08-03 14:01:40,631 | y_train: [1 1 1 ... 1 1 1]
2022-08-03 14:01:40,632 | len(x_train): 1149
2022-08-03 14:01:40,632 | len(y_train): 1149
2022-08-03 14:01:41,538 | LogReg Training time spent: 0.9165 seconds
2022-08-03 14:01:41,543 | Receive Global MLModel message time spent: 0.0108 seconds
2022-08-03 14:01:41,544 | Send Local MLModel message time spent: 0.0001 seconds
2022-08-03 14:01:41,904 | Modelo gerado evaluate(): [array([[-0.03429311,  0.04215284],
       [ 0.06462127,  0.09550852],
       [-0.1521318 , -0.08482406],
       [ 0.31514424,  0.31994185],
       [-0.49730006, -0.5387185 ],
       [ 0.23239301,  0.20867898],
       [ 0.17307492, -0.3293517 ],
       [ 0.10273831,  0.07539597],
       [-0.00724887, -0.01059628]], dtype=float32), array([ 0.03095335, -0.03095335], dtype=float32)]
2022-08-03 14:01:41,915 | Receive Global MLModel message time spent: 0.0114 seconds
2022-08-03 14:01:41,916 | Send Local MLModel message time spent: 0.0001 seconds
2022-08-03 14:01:41,936 | iteration: 47
2022-08-03 14:01:41,941 | x_train: [[187.17 242.67  26.62 ...   1.69  10.03   8.52]
 [ 90.   127.25   1.68 ...   0.92  11.65  31.25]
 [ 33.3   82.55   8.26 ...   0.83   9.06  41.61]
 ...
 [118.   194.     7.5  ...   0.     7.1   26.2 ]
 [ 73.75  89.    13.37 ...   0.45   8.4    3.03]
 [ 83.64 177.55  20.2  ...   1.69   7.33  24.04]]
2022-08-03 14:01:41,942 | y_train: [1 1 1 ... 1 1 1]
2022-08-03 14:01:41,943 | len(x_train): 1149
2022-08-03 14:01:41,943 | len(y_train): 1149
2022-08-03 14:01:42,839 | LogReg Training time spent: 0.9065 seconds
2022-08-03 14:01:42,844 | Receive Global MLModel message time spent: 0.0113 seconds
2022-08-03 14:01:42,845 | Send Local MLModel message time spent: 0.0001 seconds
2022-08-03 14:01:43,213 | Modelo gerado evaluate(): [array([[-0.03470285,  0.04255735],
       [ 0.06516316,  0.09485993],
       [-0.15250404, -0.0842939 ],
       [ 0.3157308 ,  0.31893206],
       [-0.49719855, -0.53812957],
       [ 0.2317545 ,  0.20902352],
       [ 0.17195797, -0.32813066],
       [ 0.10359405,  0.0744215 ],
       [-0.00805811, -0.00977515]], dtype=float32), array([ 0.03161504, -0.03161503], dtype=float32)]
2022-08-03 14:01:43,220 | Receive Global MLModel message time spent: 0.0135 seconds
2022-08-03 14:01:43,220 | Send Local MLModel message time spent: 0.0001 seconds
2022-08-03 14:01:43,241 | iteration: 48
2022-08-03 14:01:43,247 | x_train: [[102.67 170.99  16.17 ...   1.12  11.94  46.01]
 [ 22.86  47.64   3.9  ...   0.34   5.09  26.33]
 [ 95.96 166.16  12.26 ...   0.81  12.    45.39]
 ...
 [ 73.04 155.2    4.5  ...   1.1   11.04  26.07]
 [ 64.88 192.01   8.39 ...   0.84  17.55 104.77]
 [ 88.1  174.89  15.54 ...   0.38   5.89  29.83]]
2022-08-03 14:01:43,248 | y_train: [1 1 1 ... 1 1 1]
2022-08-03 14:01:43,248 | len(x_train): 1149
2022-08-03 14:01:43,249 | len(y_train): 1149
2022-08-03 14:01:44,159 | LogReg Training time spent: 0.9208 seconds
2022-08-03 14:01:44,164 | Receive Global MLModel message time spent: 0.0129 seconds
2022-08-03 14:01:44,165 | Send Local MLModel message time spent: 0.0001 seconds
2022-08-03 14:01:44,557 | Modelo gerado evaluate(): [array([[-0.03335601,  0.04120526],
       [ 0.06761826,  0.09229818],
       [-0.15132584, -0.08531432],
       [ 0.31744245,  0.31679747],
       [-0.49595356, -0.53868455],
       [ 0.23245901,  0.20802528],
       [ 0.17097469, -0.32704332],
       [ 0.10450392,  0.07339297],
       [-0.00717965, -0.01064172]], dtype=float32), array([ 0.03235385, -0.03235384], dtype=float32)]
2022-08-03 14:01:44,568 | Receive Global MLModel message time spent: 0.0132 seconds
2022-08-03 14:01:44,569 | Send Local MLModel message time spent: 0.0001 seconds
2022-08-03 14:01:44,592 | iteration: 49
2022-08-03 14:01:44,597 | x_train: [[ 88.16 162.38  14.06 ...   0.27   7.11  53.15]
 [ 35.75  78.     9.47 ...   0.68   6.73  18.65]
 [ 69.89 157.52  53.87 ...   1.81  12.03  18.22]
 ...
 [ 36.38  72.6   15.43 ...   0.93  17.41  92.75]
 [ 52.5  140.07  10.56 ...   0.98   7.78   6.13]
 [ 17.5   44.75   3.8  ...   0.59  10.73  45.35]]
2022-08-03 14:01:44,598 | y_train: [1 1 1 ... 1 1 1]
2022-08-03 14:01:44,599 | len(x_train): 1149
2022-08-03 14:01:44,599 | len(y_train): 1149
2022-08-03 14:01:45,503 | LogReg Training time spent: 0.9148 seconds
2022-08-03 14:01:45,509 | Receive Global MLModel message time spent: 0.0145 seconds
2022-08-03 14:01:45,510 | Send Local MLModel message time spent: 0.0001 seconds
2022-08-03 14:01:45,867 | Modelo gerado evaluate(): [array([[-0.03344375,  0.04128777],
       [ 0.06769946,  0.0921104 ],
       [-0.15116744, -0.08531502],
       [ 0.31676003,  0.31705725],
       [-0.49642655, -0.5375221 ],
       [ 0.2342289 ,  0.20596181],
       [ 0.17040972, -0.3263743 ],
       [ 0.10316181,  0.07461654],
       [-0.00661571, -0.01119379]], dtype=float32), array([ 0.03306005, -0.03306004], dtype=float32)]
2022-08-03 14:01:45,875 | Receive Global MLModel message time spent: 0.0084 seconds
2022-08-03 14:01:45,876 | Send Local MLModel message time spent: 0.0001 seconds
2022-08-03 14:01:45,926 | Receive Global MLModel message time spent: 0.0481 seconds
2022-08-03 14:01:45,926 | Send Local MLModel message time spent: 0.0001 seconds
2022-08-03 14:01:45,933 | Insecure gRPC channel closed
2022-08-03 14:01:45,934 | Disconnect and shut down
2022-08-03 14:01:45,936 | Train history: [0.7439613342285156, 0.9091787338256836, 0.9082125425338745, 0.886956512928009, 0.8937197923660278, 0.8908212780952454, 0.895652174949646, 0.886956512928009, 0.9014492630958557, 0.9091787338256836, 0.8811594247817993, 0.9198067784309387, 0.904347836971283, 0.9024154543876648, 0.9236714839935303, 0.895652174949646, 0.904347836971283, 0.9024154543876648, 0.9004830718040466, 0.8946859836578369, 0.905314028263092, 0.9091787338256836, 0.9072463512420654, 0.9004830718040466, 0.9227052927017212, 0.9198067784309387, 0.914009690284729, 0.914009690284729, 0.9101449251174927, 0.9207729697227478, 0.914893627166748, 0.9052224159240723, 0.9100580215454102, 0.9061895608901978, 0.9197292327880859, 0.9168278574943542, 0.9197292327880859, 0.9119922518730164, 0.914893627166748, 0.9168278574943542, 0.9110251665115356, 0.9139264822006226, 0.9061895608901978, 0.9342359900474548, 0.9090909361839294, 0.908123791217804, 0.9139264822006226, 0.9226305484771729, 0.9100580215454102, 0.9206963181495667]

2022-08-03 14:01:45,937 | Test history: [0.8608695864677429, 0.895652174949646, 0.904347836971283, 0.904347836971283, 0.9304347634315491, 0.9217391014099121, 0.904347836971283, 0.886956512928009, 0.895652174949646, 0.904347836971283, 0.8782608509063721, 0.9217391014099121, 0.904347836971283, 0.9130434989929199, 0.886956512928009, 0.843478262424469, 0.8782608509063721, 0.904347836971283, 0.895652174949646, 0.886956512928009, 0.904347836971283, 0.9217391014099121, 0.95652174949646, 0.9130434989929199, 0.904347836971283, 0.8695651888847351, 0.9217391014099121, 0.9130434989929199, 0.9304347634315491, 0.9217391014099121, 0.9304347634315491, 0.9217391014099121, 0.9217391014099121, 0.939130425453186, 0.947826087474823, 0.9304347634315491, 0.886956512928009, 0.895652174949646, 0.904347836971283, 0.9304347634315491, 0.904347836971283, 0.9130434989929199, 0.9130434989929199, 0.904347836971283, 0.9217391014099121, 0.95652174949646, 0.939130425453186, 0.8782608509063721, 0.9217391014099121, 0.8695651888847351]

2022-08-03 14:03:02,496 | Regresso Logstica multiclasse
2022-08-03 14:03:06,501 | LogReg MLModel message to device time spent: 0.5349 seconds
