2022-08-03 13:58:14,594 | 2022-08-03_13-58-14
2022-08-03 13:58:14,595 | part_0.155_9_2_ECOD.log
2022-08-03 13:58:14,635 | ChannelConnectivity.IDLE
2022-08-03 13:58:14,639 | ChannelConnectivity.CONNECTING
2022-08-03 13:58:14,641 | Opened (insecure) gRPC connection
2022-08-03 13:58:14,662 | ChannelConnectivity.READY
2022-08-03 13:58:14,680 | iteration: 0
2022-08-03 13:58:14,686 | x_train: [[ 30.    98.25   0.68 ...   0.25  10.75  51.48]
 [ 67.5  168.75   2.2  ...   1.46   4.4   36.95]
 [ 53.99 105.59   4.56 ...   0.61   4.07  63.96]
 ...
 [ 78.75 127.     7.35 ...   0.    11.62  33.45]
 [ 91.71 189.03   9.07 ...   0.92  22.25  81.39]
 [ 32.5  132.75  12.75 ...   1.17  10.87   8.83]]
2022-08-03 13:58:14,692 | y_train: [1 1 1 1 1 1 1 1 1 1 1 1 1 0 1 1 1 1 1 1 1 1 1 1 1 1 1 0 1 1 1 1 1 1 1 1 1
 1 1 1 1 1 0 1 1 1 1 1 1 1 1 1 1 1 1 1 1 1 1 1 1 1 1 1 1 1 1 1 1 1 1 1 1 1
 1 1 1 1 1 1 1 1 1 1 0 1 1 1 1 1 1 1 1 1 1 1 1 1 1 1 1 1 1 1 1 1 1 1 1 1 1
 1 1 1 1 1 1 1 0 1 1 1 1 1 1 1 1 1 0 1 1 1 1 1 1 1 1 1 1 1 1 1 1 1 1 1 1 1
 1 0 1 0 1 1 1 1 1 1 1 1 1 1 0 1 1 1 1 1 1 1 1 1 1 1 1 1 1 0 1 0 1 1 1 1 1
 0 1 1 1 1 1 1 1 1 1 1 1 0 1 1 1 1 1 1 1 1 1 0 1 1 1 1 0 1 1 1 1 1 1 1 1 1
 0 1 1 1 1 1 0 1 1 1 1 1 1 1 1 1 1 1 1 1 1 1 1 1 1 1 1 1 1 1 1 1 1 1 1 1 1
 1 1 1 1 0 1 1 1 1 1 1 1 1 1 1 1 1 1 1 1 1 1 1 1 1 1 1 1 1 1 1]
2022-08-03 13:58:14,692 | len(x_train): 290
2022-08-03 13:58:14,692 | len(y_train): 290
2022-08-03 13:58:20,583 | LogReg Training time spent: 5.9061 seconds
2022-08-03 13:58:20,588 | Receive Global MLModel message time spent: 0.0297 seconds
2022-08-03 13:58:20,589 | Send Local MLModel message time spent: 0.0001 seconds
2022-08-03 13:58:20,953 | Modelo gerado evaluate(): [array([[ 0.26908234,  0.27481946],
       [-0.5570598 , -0.2946161 ],
       [ 0.04318662, -0.03849344],
       [-0.626296  ,  0.09232131],
       [ 0.51887834, -0.10425659],
       [-0.12946343,  0.3678335 ],
       [ 0.60299903,  0.36516353],
       [ 0.02680713, -0.6697264 ],
       [-0.4011968 , -0.58614117]], dtype=float32), array([-0.00178658,  0.00178658], dtype=float32)]
2022-08-03 13:58:20,963 | Receive Global MLModel message time spent: 0.0115 seconds
2022-08-03 13:58:20,964 | Send Local MLModel message time spent: 0.0001 seconds
2022-08-03 13:58:20,993 | iteration: 1
2022-08-03 13:58:20,999 | x_train: [[ 36.54  73.52   4.63 ...   0.5   11.47  32.45]
 [ 54.25 112.5    4.87 ...   0.63  27.68  18.95]
 [ 47.75  30.     7.02 ...   8.17   3.    18.1 ]
 ...
 [ 47.06  61.79   7.75 ...   0.41   4.27  22.3 ]
 [ 56.    94.     5.17 ...   1.42  14.    63.45]
 [131.23 252.06  18.97 ...   1.15   7.47   3.78]]
2022-08-03 13:58:21,004 | y_train: [1 1 1 1 1 1 1 0 1 1 1 1 1 1 1 1 0 1 1 1 1 1 0 0 1 0 1 1 1 1 1 1 1 1 1 1 1
 1 0 0 1 1 1 1 1 1 1 1 1 1 1 1 0 1 1 1 1 0 0 1 1 1 1 1 1 1 1 1 1 1 1 1 1 0
 1 1 1 1 1 1 0 1 1 1 1 1 1 1 0 1 1 1 0 1 1 1 0 1 1 1 1 1 1 1 1 1 1 1 1 1 1
 1 1 1 0 1 1 1 1 1 1 1 1 1 1 1 0 1 1 1 1 1 1 1 1 1 1 1 1 1 1 1 1 1 1 1 1 1
 1 1 1 1 1 1 1 1 1 1 0 1 1 1 0 1 1 1 1 1 1 1 1 1 1 1 1 1 1 1 1 1 1 0 1 1 1
 1 1 1 1 1 1 1 1 1 1 1 1 1 1 1 1 1 0 1 1 1 1 1 1 1 1 1 0 1 1 1 1 1 1 1 1 1
 1 1 1 1 1 1 1 0 1 1 1 1 1 1 1 1 0 1 1 1 0 1 1 1 1 1 1 1 1 1 1 1 1 1 1 1 1
 1 1 1 0 1 1 1 1 1 1 1 1 1 1 1 1 1 1 1 1 1 1 0 1 1 1 1 1 1 1 1]
2022-08-03 13:58:21,005 | len(x_train): 290
2022-08-03 13:58:21,005 | len(y_train): 290
2022-08-03 13:58:21,622 | LogReg Training time spent: 0.6322 seconds
2022-08-03 13:58:21,627 | Receive Global MLModel message time spent: 0.0182 seconds
2022-08-03 13:58:21,628 | Send Local MLModel message time spent: 0.0001 seconds
2022-08-03 13:58:21,985 | Modelo gerado evaluate(): [array([[ 0.2632992 ,  0.28050372],
       [-0.5628337 , -0.2886874 ],
       [ 0.03126393, -0.02657159],
       [-0.6248588 ,  0.09098113],
       [ 0.50760114, -0.09305476],
       [-0.12486116,  0.36318788],
       [ 0.60276055,  0.36522603],
       [ 0.02393291, -0.6667353 ],
       [-0.40378645, -0.583372  ]], dtype=float32), array([-0.00154412,  0.00154412], dtype=float32)]
2022-08-03 13:58:21,993 | Receive Global MLModel message time spent: 0.0110 seconds
2022-08-03 13:58:21,993 | Send Local MLModel message time spent: 0.0001 seconds
2022-08-03 13:58:22,011 | iteration: 2
2022-08-03 13:58:22,016 | x_train: [[131.35 242.61   9.6  ...   1.95   4.87  18.42]
 [112.14 178.12  16.75 ...   1.1   14.42  49.85]
 [ 29.45 102.94   1.62 ...   0.52   9.09  50.23]
 ...
 [ 26.02  43.61 132.21 ...   0.51  10.4   34.01]
 [ 78.53 237.14  37.74 ...   2.16  31.14  22.01]
 [ 48.75 132.     8.07 ...   0.66  12.65  15.08]]
2022-08-03 13:58:22,021 | y_train: [1 1 1 1 1 0 1 1 0 1 1 1 0 1 1 1 1 1 1 1 1 1 1 1 1 1 1 1 1 1 0 0 1 1 1 0 1
 1 1 1 1 1 1 1 1 1 1 1 0 1 0 1 1 1 1 1 1 1 0 1 1 1 1 1 1 1 1 1 1 1 1 1 1 1
 1 1 1 1 1 1 1 1 1 1 1 1 1 1 1 1 1 1 1 1 1 1 1 1 1 1 1 0 1 1 1 1 1 1 0 1 1
 1 1 1 1 1 1 1 1 1 1 0 1 1 1 1 1 1 1 1 1 1 1 1 1 1 0 1 0 1 1 1 1 1 1 1 1 1
 1 1 1 1 0 1 1 1 1 1 1 1 1 1 1 1 1 1 1 0 1 1 1 1 1 1 1 1 1 1 1 1 1 1 0 1 1
 1 1 1 1 1 1 1 1 1 1 1 1 1 1 1 1 1 1 1 1 1 1 1 1 1 1 1 1 1 1 0 1 1 0 1 1 1
 0 1 1 1 1 1 1 1 1 1 1 1 1 1 1 1 1 1 0 1 1 1 1 1 1 0 1 1 1 1 1 1 1 1 1 0 1
 1 1 1 1 1 1 1 1 1 1 1 1 1 1 0 1 1 1 1 0 1 1 0 1 1 0 1 1 1 1 1]
2022-08-03 13:58:22,022 | len(x_train): 290
2022-08-03 13:58:22,022 | len(y_train): 290
2022-08-03 13:58:22,639 | LogReg Training time spent: 0.6317 seconds
2022-08-03 13:58:22,644 | Receive Global MLModel message time spent: 0.0090 seconds
2022-08-03 13:58:22,645 | Send Local MLModel message time spent: 0.0001 seconds
2022-08-03 13:58:23,037 | Modelo gerado evaluate(): [array([[ 0.25751203,  0.286192  ],
       [-0.567834  , -0.28353223],
       [ 0.01581847, -0.01112698],
       [-0.6228814 ,  0.08910079],
       [ 0.4943486 , -0.07987761],
       [-0.11898729,  0.3572707 ],
       [ 0.60259914,  0.36521143],
       [ 0.02136387, -0.66404945],
       [-0.41024518, -0.5767338 ]], dtype=float32), array([-0.0012266,  0.0012266], dtype=float32)]
2022-08-03 13:58:23,045 | Receive Global MLModel message time spent: 0.0101 seconds
2022-08-03 13:58:23,046 | Send Local MLModel message time spent: 0.0001 seconds
2022-08-03 13:58:23,060 | iteration: 3
2022-08-03 13:58:23,066 | x_train: [[ 48.75 138.     1.78 ...   0.3    6.78  17.15]
 [  1.46  63.9   17.68 ...   0.74   6.81  32.52]
 [ 24.5   41.5    1.88 ...   0.    14.93  17.82]
 ...
 [ 14.4   47.4    3.14 ...   0.51   5.7   17.99]
 [ 28.44  76.64  13.66 ...   1.08   9.27  17.13]
 [  5.    14.    11.65 ...   0.23  23.48   8.35]]
2022-08-03 13:58:23,070 | y_train: [1 1 0 1 1 1 1 0 1 1 1 1 1 0 1 1 1 1 1 1 1 1 1 1 1 1 1 1 1 1 1 1 1 1 0 1 1
 1 1 1 1 1 1 1 1 1 1 1 1 0 1 1 0 1 1 1 0 1 1 1 1 1 1 1 1 0 1 1 1 0 1 1 1 1
 1 1 1 1 1 1 1 1 1 1 1 1 1 1 1 1 1 1 1 1 1 1 1 1 1 1 1 0 0 1 1 1 1 1 1 1 0
 1 0 1 1 1 1 1 1 1 1 0 1 1 1 1 1 1 1 1 1 1 1 1 1 1 1 1 1 1 1 1 0 1 1 0 1 1
 1 1 1 0 1 0 1 1 1 1 1 1 0 1 1 1 1 1 1 0 0 1 1 1 1 1 1 1 1 1 1 1 0 1 1 1 1
 1 1 1 1 1 1 1 1 1 1 1 1 1 1 1 0 1 1 1 1 1 1 1 1 1 1 0 1 1 1 1 1 1 1 1 1 1
 1 1 1 0 1 1 1 1 1 1 0 1 1 1 1 1 1 1 1 1 0 1 1 1 1 1 1 1 0 1 0 1 1 1 1 1 1
 1 1 1 1 1 1 1 1 0 1 1 1 1 1 1 1 1 1 1 1 1 0 1 1 1 1 1 1 0 1 0]
2022-08-03 13:58:23,071 | len(x_train): 290
2022-08-03 13:58:23,071 | len(y_train): 290
2022-08-03 13:58:23,692 | LogReg Training time spent: 0.6351 seconds
2022-08-03 13:58:23,697 | Receive Global MLModel message time spent: 0.0061 seconds
2022-08-03 13:58:23,698 | Send Local MLModel message time spent: 0.0002 seconds
2022-08-03 13:58:24,063 | Modelo gerado evaluate(): [array([[ 0.26071194,  0.28289324],
       [-0.5574704 , -0.29374108],
       [ 0.01130189, -0.00661125],
       [-0.61590433,  0.08222073],
       [ 0.49415633, -0.0797607 ],
       [-0.10720816,  0.3454482 ],
       [ 0.602578  ,  0.3650567 ],
       [ 0.02155959, -0.6641283 ],
       [-0.40719628, -0.57960325]], dtype=float32), array([-0.0007097,  0.0007097], dtype=float32)]
2022-08-03 13:58:24,072 | Receive Global MLModel message time spent: 0.0146 seconds
2022-08-03 13:58:24,073 | Send Local MLModel message time spent: 0.0001 seconds
2022-08-03 13:58:24,089 | iteration: 4
2022-08-03 13:58:24,095 | x_train: [[ 86.12 154.85   8.5  ...   0.6   14.95  29.42]
 [ 22.5   34.95   1.14 ...   0.78   4.61  45.16]
 [ 25.75  56.79  15.13 ...   1.28   8.92  15.46]
 ...
 [ 60.75 111.75   5.82 ...   0.     5.58  63.38]
 [ 42.97  70.88   5.56 ...   0.62   3.98   8.3 ]
 [  8.5   22.25   4.37 ...   0.16   2.27  21.35]]
2022-08-03 13:58:24,101 | y_train: [1 1 1 1 1 1 0 1 1 1 1 1 1 1 0 1 1 1 1 1 1 1 1 1 1 1 1 1 1 1 1 1 1 1 0 1 1
 1 1 1 1 1 1 1 1 1 1 1 1 1 1 1 1 1 1 1 1 1 1 1 1 1 1 1 1 1 1 1 1 1 1 1 1 1
 1 1 1 0 1 1 1 1 1 1 1 1 1 1 1 1 1 1 1 1 1 1 1 0 1 1 1 1 1 1 1 0 1 1 1 1 1
 1 1 1 1 1 1 1 1 1 1 1 1 1 1 1 1 1 1 1 1 1 1 1 1 1 1 1 1 0 1 1 1 1 1 0 1 1
 1 1 1 1 1 1 1 1 1 1 1 1 1 1 1 1 1 1 1 1 1 1 1 1 1 1 1 1 1 1 1 1 1 1 1 1 1
 1 1 1 1 1 1 1 1 1 1 1 1 1 1 1 1 1 1 1 1 1 1 1 1 1 0 1 1 1 1 1 1 1 1 1 1 1
 1 0 1 0 1 1 1 1 1 1 1 1 1 1 1 1 0 1 1 1 1 0 1 0 1 1 1 1 1 1 1 1 0 1 1 1 1
 1 1 1 1 1 1 1 1 1 1 1 1 1 1 1 0 1 1 1 1 1 1 1 1 1 1 1 1 1 1 0]
2022-08-03 13:58:24,101 | len(x_train): 290
2022-08-03 13:58:24,101 | len(y_train): 290
2022-08-03 13:58:24,754 | LogReg Training time spent: 0.6688 seconds
2022-08-03 13:58:24,765 | Receive Global MLModel message time spent: 0.0076 seconds
2022-08-03 13:58:24,766 | Send Local MLModel message time spent: 0.0001 seconds
2022-08-03 13:58:25,125 | Modelo gerado evaluate(): [array([[ 0.25955552,  0.28395084],
       [-0.557535  , -0.29352167],
       [ 0.00314637,  0.00154341],
       [-0.6116187 ,  0.07803214],
       [ 0.48907086, -0.07475059],
       [-0.10323116,  0.3414279 ],
       [ 0.6024102 ,  0.36504856],
       [ 0.01973173, -0.6621836 ],
       [-0.4115778 , -0.57504237]], dtype=float32), array([-0.00043868,  0.00043868], dtype=float32)]
2022-08-03 13:58:25,132 | Receive Global MLModel message time spent: 0.0110 seconds
2022-08-03 13:58:25,133 | Send Local MLModel message time spent: 0.0001 seconds
2022-08-03 13:58:25,149 | iteration: 5
2022-08-03 13:58:25,155 | x_train: [[ 46.86 133.88  19.31 ...   0.     5.95  27.18]
 [ 27.33  65.19   4.07 ...   0.46   4.36  26.98]
 [ 35.    82.8    1.96 ...   0.55   6.47  69.59]
 ...
 [ 70.79 115.3   12.15 ...   0.72  22.86  31.78]
 [ 50.16 107.84  38.07 ...   1.64  11.31  14.12]
 [ 10.39  23.26   4.88 ...   0.4    4.51  52.73]]
2022-08-03 13:58:25,160 | y_train: [1 1 1 1 1 1 1 0 1 1 1 1 0 1 1 1 0 1 1 1 1 1 1 1 0 1 1 1 1 1 0 1 1 1 1 1 1
 1 1 1 1 1 0 1 0 1 1 1 1 1 1 1 1 1 1 1 1 1 1 1 0 1 1 1 0 1 1 1 1 1 1 1 1 1
 1 1 1 0 1 0 1 1 1 1 1 1 1 1 1 1 1 1 1 1 0 1 0 1 1 1 1 1 1 1 1 1 1 1 1 1 1
 1 0 1 1 1 1 1 1 1 1 1 1 1 1 1 1 1 1 1 1 0 1 1 1 0 1 1 1 1 1 1 1 1 1 1 1 1
 1 1 1 1 1 1 1 0 1 1 1 1 1 1 1 1 1 0 1 1 1 1 1 1 1 1 1 1 1 1 1 1 1 1 1 1 1
 1 1 1 0 1 1 1 1 1 1 1 0 1 1 1 1 1 1 1 0 1 0 1 1 1 1 1 1 1 1 1 1 1 1 1 1 1
 1 1 0 1 1 1 1 1 1 1 1 0 1 1 1 1 1 1 1 1 1 1 1 1 1 1 1 1 1 1 1 1 1 1 1 1 1
 1 1 1 1 1 1 1 1 1 0 1 1 1 1 1 1 1 1 1 1 1 1 1 1 1 1 1 1 1 1 1]
2022-08-03 13:58:25,160 | len(x_train): 290
2022-08-03 13:58:25,161 | len(y_train): 290
2022-08-03 13:58:25,818 | LogReg Training time spent: 0.6731 seconds
2022-08-03 13:58:25,823 | Receive Global MLModel message time spent: 0.0064 seconds
2022-08-03 13:58:25,824 | Send Local MLModel message time spent: 0.0001 seconds
2022-08-03 13:58:26,229 | Modelo gerado evaluate(): [array([[ 0.2573985 ,  0.28600904],
       [-0.55623245, -0.29466954],
       [-0.00119847,  0.00588739],
       [-0.60827637,  0.07478681],
       [ 0.4860964 , -0.07185148],
       [-0.09914006,  0.33729345],
       [ 0.60226583,  0.365017  ],
       [ 0.01621758, -0.65855265],
       [-0.41374302, -0.5726978 ]], dtype=float32), array([-0.00016822,  0.00016822], dtype=float32)]
2022-08-03 13:58:26,237 | Receive Global MLModel message time spent: 0.0129 seconds
2022-08-03 13:58:26,237 | Send Local MLModel message time spent: 0.0001 seconds
2022-08-03 13:58:26,256 | iteration: 6
2022-08-03 13:58:26,262 | x_train: [[ 55.23 130.48  25.55 ...   0.04   6.69  22.31]
 [ 77.75 129.75   3.47 ...   1.55   2.93  83.3 ]
 [ 82.5  182.83  11.08 ...   0.57   8.39  27.76]
 ...
 [ 41.53 120.53  50.77 ...   0.7    8.91  18.09]
 [ 58.79 160.6    3.61 ...   1.45   7.79  34.86]
 [ 56.16 138.7   39.88 ...   1.17   8.72   2.18]]
2022-08-03 13:58:26,267 | y_train: [1 1 1 1 1 0 1 1 1 1 1 1 1 1 1 1 1 1 1 1 0 1 1 1 1 1 1 1 1 1 1 1 1 1 1 1 1
 1 0 0 1 1 1 1 1 1 1 1 1 1 1 1 1 1 1 1 1 1 1 1 1 1 1 1 1 1 1 1 1 1 1 1 1 1
 1 1 1 0 1 0 1 1 1 1 1 1 1 1 1 1 1 1 1 1 1 1 1 1 1 1 1 1 1 1 1 1 1 1 1 1 1
 1 1 1 1 1 1 1 1 1 1 1 1 1 1 1 1 1 1 0 1 1 1 1 0 1 1 1 1 1 1 1 1 1 0 1 1 1
 1 1 1 1 1 1 1 1 1 1 1 1 1 1 1 1 1 1 1 1 1 1 1 0 1 1 1 1 1 1 1 1 1 1 1 1 1
 1 1 1 1 1 1 1 1 1 1 1 1 1 1 1 1 1 1 0 1 1 1 1 1 0 1 1 1 0 1 1 1 1 1 0 1 1
 1 1 0 1 1 1 0 1 1 1 1 1 1 1 1 1 1 1 1 1 1 1 1 1 1 1 1 1 1 1 1 1 1 1 0 1 1
 1 1 1 1 0 1 1 1 1 1 1 1 1 1 1 1 1 1 1 1 1 1 0 1 1 1 1 0 1 1 1]
2022-08-03 13:58:26,267 | len(x_train): 290
2022-08-03 13:58:26,268 | len(y_train): 290
2022-08-03 13:58:26,889 | LogReg Training time spent: 0.6361 seconds
2022-08-03 13:58:26,894 | Receive Global MLModel message time spent: 0.0107 seconds
2022-08-03 13:58:26,895 | Send Local MLModel message time spent: 0.0001 seconds
2022-08-03 13:58:27,268 | Modelo gerado evaluate(): [array([[ 0.25670332,  0.2866054 ],
       [-0.55422634, -0.29652098],
       [-0.00701944,  0.01170752],
       [-0.60537094,  0.07197832],
       [ 0.48098636, -0.06681677],
       [-0.09418163,  0.33229172],
       [ 0.60218626,  0.36492074],
       [ 0.01406144, -0.6562797 ],
       [-0.41330844, -0.57295305]], dtype=float32), array([ 0.00011621, -0.00011621], dtype=float32)]
2022-08-03 13:58:27,275 | Receive Global MLModel message time spent: 0.0151 seconds
2022-08-03 13:58:27,275 | Send Local MLModel message time spent: 0.0001 seconds
2022-08-03 13:58:27,291 | iteration: 7
2022-08-03 13:58:27,297 | x_train: [[ 25.5   48.45   1.34 ...   0.78  10.97  43.79]
 [  9.19  19.17   1.71 ...   0.35   4.42  16.72]
 [ 18.56  49.78  22.75 ...   0.85   2.42  20.39]
 ...
 [ 13.45  35.93   4.06 ...   0.36   8.78  54.83]
 [ 48.25  65.47  13.88 ...   0.24   3.79  55.59]
 [203.76 245.6   51.3  ...   2.69   8.72  13.26]]
2022-08-03 13:58:27,302 | y_train: [1 0 1 1 1 1 1 1 0 1 1 1 1 1 1 1 1 1 1 1 1 1 1 1 1 1 1 1 1 1 1 1 1 1 1 1 1
 1 1 1 0 1 0 0 1 1 1 0 1 1 1 1 1 0 1 1 0 1 1 1 1 1 0 0 1 1 1 1 1 1 1 1 1 1
 1 0 0 1 1 1 1 1 1 1 1 1 1 1 1 0 1 1 1 1 1 1 1 1 1 1 1 0 1 1 1 1 0 0 0 1 1
 1 1 1 1 1 1 1 1 1 1 1 1 1 1 1 1 1 1 1 1 1 1 1 1 1 1 1 1 1 1 1 1 1 0 1 1 1
 1 1 1 1 1 1 1 0 1 1 1 0 1 1 1 1 1 1 1 1 1 1 1 1 1 1 1 1 1 1 0 1 0 1 1 1 1
 1 1 1 1 1 1 1 1 1 1 1 1 0 1 1 1 1 1 1 1 1 1 1 1 1 1 1 1 1 1 0 1 0 1 1 1 1
 0 1 1 1 1 1 1 1 1 1 1 1 1 1 1 1 1 1 1 1 1 1 1 1 1 1 1 1 1 1 0 1 1 1 1 1 1
 1 1 1 1 1 1 1 0 1 0 1 1 1 0 1 1 1 1 1 1 1 1 1 1 1 1 1 1 1 1 1]
2022-08-03 13:58:27,303 | len(x_train): 290
2022-08-03 13:58:27,303 | len(y_train): 290
2022-08-03 13:58:27,919 | LogReg Training time spent: 0.6321 seconds
2022-08-03 13:58:27,925 | Receive Global MLModel message time spent: 0.0066 seconds
2022-08-03 13:58:27,926 | Send Local MLModel message time spent: 0.0001 seconds
2022-08-03 13:58:28,285 | Modelo gerado evaluate(): [array([[ 0.25955725,  0.28365272],
       [-0.54581124, -0.30478144],
       [-0.01088247,  0.01556969],
       [-0.6005106 ,  0.06721491],
       [ 0.4800266 , -0.06593233],
       [-0.08698854,  0.32505536],
       [ 0.6021619 ,  0.3647693 ],
       [ 0.01329358, -0.65539503],
       [-0.4121778 , -0.57390434]], dtype=float32), array([ 0.0004815, -0.0004815], dtype=float32)]
2022-08-03 13:58:28,292 | Receive Global MLModel message time spent: 0.0110 seconds
2022-08-03 13:58:28,293 | Send Local MLModel message time spent: 0.0001 seconds
2022-08-03 13:58:28,312 | iteration: 8
2022-08-03 13:58:28,318 | x_train: [[ 22.12  43.75   2.99 ...   0.23   4.93  18.12]
 [ 77.04 145.69  45.61 ...   1.25  13.35  19.88]
 [ 15.66  29.52  14.42 ...   0.7    3.96   7.93]
 ...
 [135.02 215.16  11.44 ...   1.1   12.87  24.29]
 [ 34.83  65.32   3.81 ...   0.8    4.64 100.54]
 [ 14.35  39.05  22.88 ...   0.48   2.39  20.97]]
2022-08-03 13:58:28,323 | y_train: [0 1 0 1 1 0 1 1 1 1 1 1 1 1 1 1 1 1 1 1 1 1 1 1 1 1 1 1 1 1 1 1 1 1 1 1 1
 1 1 1 1 1 1 1 1 1 1 1 1 1 1 1 1 1 1 1 1 1 1 1 1 1 1 1 1 1 1 1 1 1 1 1 1 1
 1 1 0 1 1 1 1 1 1 1 1 1 1 0 1 0 1 1 1 1 1 1 0 1 1 1 1 1 0 1 1 1 1 1 1 1 1
 1 1 1 1 1 1 1 1 1 1 1 1 1 1 1 1 1 0 1 1 1 0 1 1 1 1 1 1 1 1 1 1 1 1 1 1 1
 0 1 1 1 1 1 1 0 1 1 0 1 1 1 1 1 1 1 1 1 1 1 1 1 0 1 1 1 1 1 1 1 1 1 1 1 1
 1 1 1 1 1 1 1 0 0 1 1 1 0 1 1 0 1 1 1 1 1 1 1 1 1 1 1 1 1 1 1 1 1 1 1 1 1
 1 0 1 1 1 1 1 1 1 1 1 1 1 0 1 1 1 1 1 1 1 1 1 1 1 0 1 1 1 1 1 1 1 1 1 1 1
 1 1 1 1 1 1 1 1 0 1 1 1 1 1 1 1 1 1 1 0 0 1 1 1 1 1 1 1 1 1 1]
2022-08-03 13:58:28,323 | len(x_train): 290
2022-08-03 13:58:28,323 | len(y_train): 290
2022-08-03 13:58:28,939 | LogReg Training time spent: 0.6303 seconds
2022-08-03 13:58:28,944 | Receive Global MLModel message time spent: 0.0113 seconds
2022-08-03 13:58:28,945 | Send Local MLModel message time spent: 0.0001 seconds
2022-08-03 13:58:29,387 | Modelo gerado evaluate(): [array([[ 0.2603514 ,  0.28275982],
       [-0.5410783 , -0.30935973],
       [-0.01626467,  0.02095104],
       [-0.5944665 ,  0.06126774],
       [ 0.4773951 , -0.0633761 ],
       [-0.08151575,  0.3195393 ],
       [ 0.6020947 ,  0.3646607 ],
       [ 0.01076576, -0.6527505 ],
       [-0.41206622, -0.5738367 ]], dtype=float32), array([ 0.00085415, -0.00085415], dtype=float32)]
2022-08-03 13:58:29,396 | Receive Global MLModel message time spent: 0.0498 seconds
2022-08-03 13:58:29,397 | Send Local MLModel message time spent: 0.0001 seconds
2022-08-03 13:58:29,415 | iteration: 9
2022-08-03 13:58:29,421 | x_train: [[ 96.17 391.67  80.09 ...   2.16  17.76  20.66]
 [ 88.01 144.45  75.88 ...   1.8   14.24   7.87]
 [ 59.25  84.25   1.55 ...   0.86   8.1   23.45]
 ...
 [ 47.   116.62   3.78 ...   0.1    8.66  84.95]
 [ 64.75 122.25   2.8  ...   0.86  11.45  98.03]
 [ 28.77  99.91  72.79 ...   0.57   3.3   14.25]]
2022-08-03 13:58:29,426 | y_train: [1 1 1 1 1 1 1 1 1 1 1 1 1 1 1 1 1 1 1 1 1 1 1 1 1 1 1 1 1 1 1 1 1 1 1 1 1
 1 1 1 1 1 1 1 1 1 1 1 1 1 1 1 1 1 1 0 0 1 1 0 1 1 1 1 1 1 1 1 1 1 1 1 1 1
 1 1 1 1 1 1 1 1 1 1 1 1 1 1 0 1 1 1 0 1 1 1 1 1 1 1 1 1 1 1 1 1 0 1 1 1 1
 1 1 1 1 1 1 1 1 1 1 1 1 1 1 1 1 1 1 1 1 1 1 1 1 1 1 1 1 1 1 1 1 1 1 1 1 1
 1 1 1 1 1 1 1 1 1 1 1 1 1 0 1 0 1 0 1 1 0 1 0 1 1 1 1 1 1 1 0 1 1 1 1 1 1
 1 1 0 1 1 0 1 0 1 1 1 1 1 1 0 1 1 1 1 1 1 1 0 1 1 1 1 1 1 0 1 1 1 1 1 1 1
 1 1 1 1 1 1 1 0 1 1 1 1 1 1 1 1 1 1 1 1 1 1 1 1 1 1 1 1 1 1 1 1 1 1 1 1 1
 0 1 1 1 1 1 1 1 1 0 1 1 1 1 1 1 1 0 0 1 1 1 1 1 1 1 1 1 1 1 1]
2022-08-03 13:58:29,426 | len(x_train): 290
2022-08-03 13:58:29,427 | len(y_train): 290
2022-08-03 13:58:30,052 | LogReg Training time spent: 0.6406 seconds
2022-08-03 13:58:30,057 | Receive Global MLModel message time spent: 0.0078 seconds
2022-08-03 13:58:30,058 | Send Local MLModel message time spent: 0.0002 seconds
2022-08-03 13:58:30,422 | Modelo gerado evaluate(): [array([[ 0.2579361 ,  0.28507635],
       [-0.542484  , -0.3077995 ],
       [-0.021862  ,  0.02654752],
       [-0.58886373,  0.05576187],
       [ 0.47268414, -0.05874041],
       [-0.07735463,  0.31533492],
       [ 0.60186756,  0.3647121 ],
       [ 0.00591807, -0.6477861 ],
       [-0.41616887, -0.56955475]], dtype=float32), array([ 0.00118444, -0.00118444], dtype=float32)]
2022-08-03 13:58:30,431 | Receive Global MLModel message time spent: 0.0119 seconds
2022-08-03 13:58:30,432 | Send Local MLModel message time spent: 0.0001 seconds
2022-08-03 13:58:30,463 | iteration: 10
2022-08-03 13:58:30,468 | x_train: [[ 69.12 122.75   3.08 ...   1.12   4.2   47.28]
 [ 19.    73.     1.5  ...   0.52  10.47  23.75]
 [ 83.   118.5    3.55 ...   0.76  22.23  53.22]
 ...
 [ 74.59 170.6    4.64 ...   0.56   9.22  75.13]
 [112.99 155.88  16.92 ...   1.09   8.08  16.47]
 [102.75 160.75  27.38 ...   1.56   0.5   17.55]]
2022-08-03 13:58:30,473 | y_train: [1 1 1 1 1 1 1 1 1 1 1 1 1 1 1 1 1 1 1 0 1 1 1 1 0 1 1 1 1 1 1 0 1 1 1 1 1
 1 1 1 1 1 0 1 1 1 1 1 1 1 1 1 1 1 1 1 1 1 1 1 1 1 1 1 1 1 1 1 1 1 1 1 0 1
 1 1 1 1 0 1 1 1 1 1 1 1 1 1 1 1 1 1 1 1 1 1 1 0 1 1 1 0 1 1 1 1 1 1 1 1 1
 1 1 1 1 1 1 1 1 1 1 1 1 0 1 1 1 1 1 1 1 0 1 1 1 1 1 1 1 1 1 1 1 1 1 1 1 1
 1 1 1 1 0 1 1 1 1 1 1 1 1 1 1 1 1 1 1 1 1 1 1 1 1 1 1 1 1 1 1 1 1 1 1 1 1
 1 1 1 1 1 1 0 1 1 1 1 1 0 1 1 1 1 1 1 1 0 1 1 1 1 1 1 1 1 1 1 1 1 1 1 1 1
 1 0 1 0 1 1 1 1 1 1 1 1 1 1 1 0 1 1 1 1 1 1 1 1 0 1 1 0 1 1 1 1 1 1 1 1 1
 1 1 1 1 1 1 1 1 1 1 1 1 1 1 1 1 0 1 1 1 1 1 1 1 1 1 1 1 1 1 1]
2022-08-03 13:58:30,473 | len(x_train): 290
2022-08-03 13:58:30,474 | len(y_train): 290
2022-08-03 13:58:31,095 | LogReg Training time spent: 0.6354 seconds
2022-08-03 13:58:31,101 | Receive Global MLModel message time spent: 0.0222 seconds
2022-08-03 13:58:31,101 | Send Local MLModel message time spent: 0.0001 seconds
2022-08-03 13:58:31,460 | Modelo gerado evaluate(): [array([[ 0.2598645 ,  0.2830492 ],
       [-0.5353845 , -0.3147444 ],
       [-0.02582569,  0.03051036],
       [-0.5818443 ,  0.0488393 ],
       [ 0.47215068, -0.05828217],
       [-0.07166722,  0.30960423],
       [ 0.60181695,  0.36458704],
       [ 0.00382811, -0.64557946],
       [-0.41372064, -0.5718238 ]], dtype=float32), array([ 0.00156809, -0.00156809], dtype=float32)]
2022-08-03 13:58:31,468 | Receive Global MLModel message time spent: 0.0092 seconds
2022-08-03 13:58:31,468 | Send Local MLModel message time spent: 0.0001 seconds
2022-08-03 13:58:31,488 | iteration: 11
2022-08-03 13:58:31,493 | x_train: [[ 38.   123.     5.03 ...   1.07   7.18  12.93]
 [139.75 262.    16.37 ...   1.32  10.75  60.6 ]
 [ 45.88  89.25   2.8  ...   0.36   6.16  43.95]
 ...
 [115.95 215.66  70.74 ...   1.87  14.99  16.58]
 [ 60.   135.    30.3  ...   1.15  10.8    5.  ]
 [ 62.07 140.67   9.32 ...   0.82   9.66  28.29]]
2022-08-03 13:58:31,498 | y_train: [1 1 1 1 0 1 1 1 1 1 1 1 1 1 1 1 1 1 1 1 1 1 1 0 1 1 1 1 1 1 1 1 1 0 1 1 1
 1 1 1 1 1 1 1 0 0 1 1 1 1 1 1 1 1 1 1 1 0 1 1 1 1 0 1 1 1 1 1 1 1 1 1 1 1
 1 1 1 1 1 1 1 1 1 1 1 1 1 1 1 1 1 1 0 1 1 1 0 0 1 1 1 1 1 1 1 1 1 1 1 1 1
 1 1 1 1 1 0 1 1 1 1 1 1 1 1 1 1 1 1 0 1 1 1 1 1 1 1 1 1 1 1 1 1 1 1 1 1 1
 1 0 1 1 1 1 1 1 1 1 1 1 1 1 1 1 1 1 1 1 1 1 1 1 1 1 1 1 1 1 1 1 1 1 1 1 1
 1 1 1 1 1 1 1 1 1 1 1 1 1 1 1 1 1 0 1 1 1 0 1 1 1 1 1 1 1 1 1 1 1 1 1 1 1
 0 1 1 1 1 0 1 1 1 1 1 0 1 1 1 1 1 1 1 1 1 1 1 1 1 0 1 1 1 1 1 1 1 1 1 1 1
 1 1 1 1 1 1 1 1 1 1 1 1 1 1 1 1 1 1 1 1 1 1 1 1 1 1 1 1 1 1 1]
2022-08-03 13:58:31,499 | len(x_train): 290
2022-08-03 13:58:31,499 | len(y_train): 290
2022-08-03 13:58:32,116 | LogReg Training time spent: 0.6306 seconds
2022-08-03 13:58:32,120 | Receive Global MLModel message time spent: 0.0112 seconds
2022-08-03 13:58:32,121 | Send Local MLModel message time spent: 0.0001 seconds
2022-08-03 13:58:32,527 | Modelo gerado evaluate(): [array([[ 0.2553597 ,  0.2874553 ],
       [-0.54292446, -0.3070498 ],
       [-0.03377099,  0.0384548 ],
       [-0.57936996,  0.04646187],
       [ 0.4651627 , -0.05136942],
       [-0.06834809,  0.30624187],
       [ 0.60168976,  0.36453852],
       [-0.00025517, -0.6413795 ],
       [-0.4221611 , -0.5632041 ]], dtype=float32), array([ 0.00174322, -0.00174322], dtype=float32)]
2022-08-03 13:58:32,537 | Receive Global MLModel message time spent: 0.0138 seconds
2022-08-03 13:58:32,538 | Send Local MLModel message time spent: 0.0002 seconds
2022-08-03 13:58:32,559 | iteration: 12
2022-08-03 13:58:32,564 | x_train: [[ 36.66 110.51  19.15 ...   0.63   1.93  14.06]
 [ 27.85  74.44   4.32 ...   0.6   23.23  11.91]
 [164.74 186.85  14.02 ...   8.7   12.85  26.81]
 ...
 [ 55.56  95.63  23.27 ...   1.13   8.65  20.05]
 [ 13.6   23.39  12.74 ...   0.59   2.88   8.14]
 [ 22.64  59.2   34.62 ...   1.47   9.11  14.5 ]]
2022-08-03 13:58:32,569 | y_train: [1 1 1 1 1 1 1 1 1 1 1 0 1 1 1 1 1 0 1 1 1 1 1 1 1 1 1 1 1 1 1 1 1 1 1 1 1
 1 1 1 1 1 1 1 1 1 1 1 1 1 1 1 0 1 1 1 1 1 1 1 0 1 1 1 1 1 0 1 1 1 1 1 1 1
 1 1 1 1 1 1 1 1 1 1 1 1 1 1 1 1 1 1 1 1 1 1 1 1 1 1 1 1 1 1 1 1 1 1 1 1 1
 1 1 1 1 1 1 1 1 1 1 1 1 1 1 1 1 1 1 1 1 0 1 1 1 1 1 1 1 1 1 1 1 1 1 1 1 1
 1 1 1 0 1 1 1 1 1 1 1 1 1 1 1 1 1 1 1 1 0 1 1 1 1 1 1 1 0 1 1 1 1 1 1 0 1
 1 1 1 1 1 1 1 1 1 1 1 1 1 1 1 1 1 1 1 1 1 1 1 1 1 1 1 1 1 1 1 1 1 1 0 1 1
 1 1 1 1 1 1 1 1 0 1 1 1 1 1 1 1 1 0 1 1 1 1 1 1 1 0 1 1 1 0 1 1 1 1 1 1 1
 1 1 1 1 0 1 1 1 1 1 1 1 1 0 1 1 1 1 1 1 1 1 1 1 1 1 1 1 1 0 1]
2022-08-03 13:58:32,570 | len(x_train): 290
2022-08-03 13:58:32,570 | len(y_train): 290
2022-08-03 13:58:33,194 | LogReg Training time spent: 0.6380 seconds
2022-08-03 13:58:33,199 | Receive Global MLModel message time spent: 0.0127 seconds
2022-08-03 13:58:33,200 | Send Local MLModel message time spent: 0.0001 seconds
2022-08-03 13:58:33,563 | Modelo gerado evaluate(): [array([[ 0.25457323,  0.28814307],
       [-0.54210263, -0.30771717],
       [-0.0422601 ,  0.04694307],
       [-0.57426804,  0.04145683],
       [ 0.45859513, -0.04487711],
       [-0.063555  ,  0.30140552],
       [ 0.6015964 ,  0.36445615],
       [-0.00090702, -0.6406109 ],
       [-0.4239769 , -0.56120914]], dtype=float32), array([ 0.00210296, -0.00210296], dtype=float32)]
2022-08-03 13:58:33,570 | Receive Global MLModel message time spent: 0.0093 seconds
2022-08-03 13:58:33,571 | Send Local MLModel message time spent: 0.0001 seconds
2022-08-03 13:58:33,588 | iteration: 13
2022-08-03 13:58:33,594 | x_train: [[ 28.25  74.25   1.1  ...   0.43  13.18  20.55]
 [ 30.25  85.75  14.85 ...   0.73  49.93  29.15]
 [ 37.86 108.3   30.77 ...   0.76   7.49  14.14]
 ...
 [ 64.82  73.62  14.4  ...   0.59   4.92  66.15]
 [ 13.95  61.     6.41 ...   0.2    6.85  11.28]
 [ 30.62  81.05   2.69 ...   0.44   5.8   23.07]]
2022-08-03 13:58:33,599 | y_train: [1 1 1 1 1 1 1 1 0 1 1 1 1 1 1 1 1 1 1 1 0 1 1 1 1 1 1 0 1 1 1 1 1 1 1 1 1
 1 1 0 1 1 0 1 1 1 1 1 1 1 1 1 1 1 1 1 1 1 1 1 1 1 1 1 1 1 1 0 1 1 1 1 1 1
 1 0 1 1 1 1 1 1 1 1 1 1 1 1 1 1 1 1 1 1 1 1 1 1 1 1 1 1 1 1 1 1 1 1 1 1 1
 1 1 1 0 1 1 1 0 1 1 1 1 1 1 1 1 1 1 1 1 0 1 0 1 1 1 1 1 0 1 1 1 1 1 0 1 1
 1 1 1 1 1 1 1 1 1 1 1 1 1 1 1 1 1 1 1 1 1 1 1 1 1 1 1 1 1 1 1 1 1 1 1 1 1
 1 1 1 1 1 1 1 1 0 1 1 0 1 1 1 1 1 1 1 1 1 1 1 1 1 1 1 1 1 1 1 1 1 1 1 1 1
 1 1 1 1 1 1 1 1 1 1 1 1 1 1 1 1 1 1 0 1 1 1 1 0 1 1 1 0 1 1 1 1 0 1 1 1 1
 1 1 1 1 1 1 1 1 1 0 1 1 1 1 1 1 0 1 1 1 1 1 1 1 1 1 1 1 1 1 1]
2022-08-03 13:58:33,599 | len(x_train): 290
2022-08-03 13:58:33,599 | len(y_train): 290
2022-08-03 13:58:34,218 | LogReg Training time spent: 0.6327 seconds
2022-08-03 13:58:34,223 | Receive Global MLModel message time spent: 0.0089 seconds
2022-08-03 13:58:34,224 | Send Local MLModel message time spent: 0.0001 seconds
2022-08-03 13:58:34,654 | Modelo gerado evaluate(): [array([[ 0.2575049 ,  0.2851127 ],
       [-0.5299845 , -0.3196808 ],
       [-0.04776933,  0.05245145],
       [-0.56646657,  0.03375223],
       [ 0.45851988, -0.04487706],
       [-0.05593818,  0.29374546],
       [ 0.6015922 ,  0.36428478],
       [-0.00390689, -0.63749444],
       [-0.42209893, -0.562908  ]], dtype=float32), array([ 0.00255755, -0.00255755], dtype=float32)]
2022-08-03 13:58:34,661 | Receive Global MLModel message time spent: 0.0776 seconds
2022-08-03 13:58:34,662 | Send Local MLModel message time spent: 0.0002 seconds
2022-08-03 13:58:34,682 | iteration: 14
2022-08-03 13:58:34,688 | x_train: [[ 38.71  82.7    6.09 ...   0.51   4.17  48.1 ]
 [ 53.65 153.37  39.88 ...   1.65   8.03  11.86]
 [ 84.    94.     5.31 ...   0.54   5.9   30.02]
 ...
 [ 31.73 151.96   4.76 ...   1.34   6.53  82.65]
 [ 24.61  67.12  18.53 ...   0.82   6.93  22.14]
 [ 42.45 125.53   9.35 ...   0.9    9.85  57.1 ]]
2022-08-03 13:58:34,693 | y_train: [1 1 1 1 1 1 1 1 0 1 1 1 1 1 1 1 0 1 1 1 0 1 1 1 1 1 1 1 1 1 1 0 1 1 1 1 1
 1 1 1 1 1 1 1 1 1 1 1 1 1 1 1 1 0 1 1 1 1 1 1 1 1 1 1 1 0 1 1 1 0 1 1 1 1
 1 1 1 1 1 1 1 1 1 1 1 1 1 1 1 1 1 1 1 1 1 1 1 1 1 1 1 1 1 1 1 1 1 1 1 1 1
 0 1 1 1 1 1 1 1 1 1 1 1 1 1 1 1 1 1 1 1 1 1 1 1 1 1 1 1 1 1 0 1 1 1 1 1 1
 1 1 1 1 0 1 1 1 1 1 1 1 0 1 1 1 1 1 1 1 0 1 1 1 1 1 1 1 1 1 1 1 1 1 1 1 1
 1 1 1 1 1 1 1 1 1 1 1 1 1 1 1 1 1 1 1 1 1 1 1 1 1 1 1 1 1 1 1 1 1 1 0 1 1
 1 1 1 1 1 0 1 1 1 1 1 0 1 1 1 1 1 1 1 0 1 1 0 0 1 1 1 1 1 1 1 1 1 1 1 1 1
 1 1 0 1 1 1 1 1 1 1 1 1 1 1 1 1 1 1 1 1 1 1 0 0 0 1 1 1 1 1 1]
2022-08-03 13:58:34,694 | len(x_train): 290
2022-08-03 13:58:34,694 | len(y_train): 290
2022-08-03 13:58:35,349 | LogReg Training time spent: 0.6702 seconds
2022-08-03 13:58:35,354 | Receive Global MLModel message time spent: 0.0108 seconds
2022-08-03 13:58:35,355 | Send Local MLModel message time spent: 0.0002 seconds
2022-08-03 13:58:35,761 | Modelo gerado evaluate(): [array([[ 0.2501692 ,  0.2923498 ],
       [-0.541127  , -0.30838376],
       [-0.05642274,  0.061104  ],
       [-0.5637706 ,  0.03115303],
       [ 0.45134303, -0.03777538],
       [-0.05444121,  0.29220527],
       [ 0.60140216,  0.36429924],
       [-0.01000041, -0.63128436],
       [-0.43415856, -0.55066925]], dtype=float32), array([ 0.00270977, -0.00270977], dtype=float32)]
2022-08-03 13:58:35,768 | Receive Global MLModel message time spent: 0.0180 seconds
2022-08-03 13:58:35,769 | Send Local MLModel message time spent: 0.0002 seconds
2022-08-03 13:58:35,788 | iteration: 15
2022-08-03 13:58:35,793 | x_train: [[ 36.   138.    17.85 ...   1.91  12.42  15.18]
 [ 37.62 102.38   7.15 ...   0.09  11.42 121.06]
 [ 62.7   83.49  15.27 ...   1.04  11.8   23.73]
 ...
 [ 70.81  88.79  11.31 ...   5.72   5.5   23.33]
 [ 32.49  69.18   5.02 ...   0.56  11.64  99.66]
 [ 26.    66.8    4.81 ...   0.69   2.64  22.17]]
2022-08-03 13:58:35,798 | y_train: [1 1 1 1 1 1 1 1 1 1 1 1 1 1 1 1 1 0 1 1 1 1 1 0 1 1 1 1 1 1 1 1 1 1 1 1 1
 0 1 1 1 1 1 1 1 0 1 1 1 1 1 1 1 1 0 1 1 1 1 1 1 1 1 0 1 1 1 1 1 1 1 1 1 1
 1 1 0 1 1 1 1 1 1 1 1 1 1 1 1 1 1 0 1 1 1 1 1 1 1 1 1 0 1 1 1 1 1 1 1 1 1
 1 1 1 1 1 1 1 1 1 0 1 1 1 1 0 0 1 1 1 1 1 1 1 1 1 0 1 1 1 1 1 1 0 1 1 1 1
 1 1 1 1 1 1 1 1 1 1 0 1 1 0 1 1 1 1 1 1 1 1 1 1 1 1 1 1 1 1 1 1 1 0 1 1 1
 1 1 0 1 1 1 1 1 1 1 1 1 1 1 1 1 1 1 1 1 1 1 1 1 1 1 1 0 0 0 1 1 1 1 1 1 1
 1 1 1 1 1 1 1 1 1 1 1 1 1 1 1 1 1 0 1 1 1 1 1 1 1 1 1 1 1 1 1 1 1 1 1 1 1
 1 1 1 1 1 1 1 0 1 1 1 1 1 1 1 1 1 1 1 1 0 1 1 1 1 1 1 1 1 1 1]
2022-08-03 13:58:35,798 | len(x_train): 290
2022-08-03 13:58:35,799 | len(y_train): 290
2022-08-03 13:58:36,423 | LogReg Training time spent: 0.6387 seconds
2022-08-03 13:58:36,428 | Receive Global MLModel message time spent: 0.0098 seconds
2022-08-03 13:58:36,429 | Send Local MLModel message time spent: 0.0001 seconds
2022-08-03 13:58:36,793 | Modelo gerado evaluate(): [array([[ 0.25379255,  0.28862777],
       [-0.5297004 , -0.31965598],
       [-0.05923846,  0.06391887],
       [-0.5560372 ,  0.02351647],
       [ 0.45351383, -0.04002135],
       [-0.04840754,  0.28612837],
       [ 0.60142887,  0.36409697],
       [-0.01162086, -0.6295473 ],
       [-0.4322701 , -0.55237865]], dtype=float32), array([ 0.00319611, -0.00319611], dtype=float32)]
2022-08-03 13:58:36,800 | Receive Global MLModel message time spent: 0.0140 seconds
2022-08-03 13:58:36,800 | Send Local MLModel message time spent: 0.0001 seconds
2022-08-03 13:58:36,817 | iteration: 16
2022-08-03 13:58:36,823 | x_train: [[ 36.    86.    41.07 ...   1.56  23.23  10.55]
 [111.4  235.63   6.52 ...   0.57   4.71  58.85]
 [ 28.69  78.06   6.49 ...   0.8   11.45  84.5 ]
 ...
 [155.02 190.68  15.03 ...  10.81   8.65  25.75]
 [ 25.1   73.56   1.64 ...   0.83   4.15  93.44]
 [ 23.75  49.25   7.75 ...   0.75  16.1   23.27]]
2022-08-03 13:58:36,828 | y_train: [1 1 1 1 1 1 1 1 1 1 1 1 1 1 1 1 1 1 1 1 1 1 1 1 1 1 1 1 1 1 1 0 1 1 1 1 1
 1 1 1 1 1 1 1 0 1 1 1 0 1 1 1 1 1 1 1 1 1 1 1 1 1 1 1 0 0 1 1 1 1 0 1 1 1
 1 1 1 1 1 1 1 1 1 0 1 1 0 1 1 0 1 1 1 0 0 1 1 1 1 1 1 1 1 1 1 1 1 1 1 1 1
 1 1 1 1 1 1 1 1 1 1 0 1 0 1 1 1 1 1 1 1 1 1 1 1 1 1 1 1 1 1 1 1 1 1 0 1 1
 1 1 1 1 1 1 1 1 1 1 1 1 1 1 1 1 0 1 1 1 1 0 0 1 1 1 1 1 1 1 1 1 1 1 1 1 1
 1 1 1 1 1 1 1 1 1 1 1 0 1 1 1 1 0 1 1 1 1 1 1 1 1 1 1 1 1 1 1 1 1 1 1 1 1
 1 1 0 1 1 1 1 1 1 1 1 1 1 1 0 1 1 1 0 1 1 1 1 1 0 1 0 1 1 1 1 1 1 1 1 1 1
 1 1 1 1 1 1 1 1 1 1 1 1 1 1 1 1 1 1 1 1 1 1 1 1 0 1 1 1 1 1 1]
2022-08-03 13:58:36,829 | len(x_train): 290
2022-08-03 13:58:36,829 | len(y_train): 290
2022-08-03 13:58:37,733 | LogReg Training time spent: 0.9199 seconds
2022-08-03 13:58:37,739 | Receive Global MLModel message time spent: 0.0076 seconds
2022-08-03 13:58:37,740 | Send Local MLModel message time spent: 0.0002 seconds
2022-08-03 13:58:38,103 | Modelo gerado evaluate(): [array([[ 0.25879267,  0.28352904],
       [-0.5190743 , -0.33012766],
       [-0.0653597 ,  0.07003927],
       [-0.54953754,  0.01711366],
       [ 0.4484426 , -0.03502529],
       [-0.04137687,  0.2790545 ],
       [ 0.60138357,  0.3639667 ],
       [-0.01164321, -0.6294083 ],
       [-0.42823818, -0.55623156]], dtype=float32), array([ 0.00367916, -0.00367916], dtype=float32)]
2022-08-03 13:58:38,110 | Receive Global MLModel message time spent: 0.0126 seconds
2022-08-03 13:58:38,111 | Send Local MLModel message time spent: 0.0001 seconds
2022-08-03 13:58:38,138 | iteration: 17
2022-08-03 13:58:38,143 | x_train: [[ 28.51  64.93  11.29 ...   1.25  11.15  18.7 ]
 [ 17.08  26.92   4.46 ...   0.26   4.27  16.51]
 [ 48.    70.5    5.22 ...   0.84   7.79   4.54]
 ...
 [ 47.71 104.2    4.58 ...   1.26   3.6   35.56]
 [ 56.    94.    14.57 ...   1.74   9.18  56.55]
 [ 22.67  54.    22.14 ...   0.28   4.52  66.3 ]]
2022-08-03 13:58:38,148 | y_train: [1 0 1 1 1 1 1 1 1 1 1 1 1 1 1 1 1 1 1 1 1 1 1 1 1 1 1 1 1 0 1 1 0 1 1 1 1
 0 1 1 1 1 1 1 1 1 0 1 1 1 1 1 1 1 1 1 1 1 1 0 1 1 1 1 1 1 1 1 1 1 1 0 1 1
 1 1 1 1 1 1 1 1 1 1 1 1 0 1 0 1 1 1 1 1 1 1 0 1 0 1 1 1 1 1 1 1 1 1 0 1 1
 1 1 1 1 1 1 1 1 1 1 1 1 1 1 1 1 0 1 1 1 1 1 1 1 1 1 1 1 1 1 1 0 1 1 1 1 1
 1 1 1 1 1 1 1 1 1 1 1 1 1 1 1 0 1 1 1 1 1 1 1 1 1 0 1 1 1 1 1 1 1 1 0 1 1
 1 1 1 1 1 1 1 0 1 1 1 1 1 1 1 1 1 1 1 1 1 1 1 1 1 1 1 1 1 1 1 1 0 1 1 1 1
 1 1 1 1 1 1 1 0 1 1 1 1 1 0 1 1 1 1 1 1 1 0 1 1 1 1 0 1 1 1 1 0 1 1 1 1 1
 1 1 1 1 1 1 1 0 1 1 1 1 1 0 1 1 1 1 1 1 1 1 1 1 1 1 1 1 1 1 1]
2022-08-03 13:58:38,149 | len(x_train): 290
2022-08-03 13:58:38,149 | len(y_train): 290
2022-08-03 13:58:38,775 | LogReg Training time spent: 0.6399 seconds
2022-08-03 13:58:38,780 | Receive Global MLModel message time spent: 0.0183 seconds
2022-08-03 13:58:38,781 | Send Local MLModel message time spent: 0.0001 seconds
2022-08-03 13:58:39,194 | Modelo gerado evaluate(): [array([[ 0.25682366,  0.2853995 ],
       [-0.5192205 , -0.32982716],
       [-0.06968659,  0.0743653 ],
       [-0.5460675 ,  0.01374042],
       [ 0.44484276, -0.03150058],
       [-0.0364699 ,  0.27410433],
       [ 0.60126436,  0.36391044],
       [-0.01553336, -0.62540156],
       [-0.43360576, -0.55068505]], dtype=float32), array([ 0.00396171, -0.00396171], dtype=float32)]
2022-08-03 13:58:39,204 | Receive Global MLModel message time spent: 0.0194 seconds
2022-08-03 13:58:39,205 | Send Local MLModel message time spent: 0.0001 seconds
2022-08-03 13:58:39,228 | iteration: 18
2022-08-03 13:58:39,234 | x_train: [[ 40.25  60.75   2.2  ...   0.51   9.18  19.7 ]
 [ 10.44  26.38   2.66 ...   0.26   4.24   9.76]
 [ 68.67 245.07   5.63 ...   0.65   5.17  81.71]
 ...
 [ 51.37 114.43  10.46 ...   1.04  13.19  65.29]
 [ 20.12  51.     1.84 ...   0.06   4.92  32.28]
 [ 69.25 121.19   4.27 ...   0.51   7.78  21.06]]
2022-08-03 13:58:39,239 | y_train: [1 0 1 1 1 1 1 1 1 1 1 1 1 1 1 1 1 1 1 0 1 0 1 1 1 1 1 1 1 1 1 1 1 1 1 1 1
 1 1 1 0 1 0 1 1 0 1 1 1 1 1 1 1 1 0 1 0 1 1 1 1 1 1 1 1 1 1 1 1 1 1 1 1 1
 1 1 1 1 1 1 1 1 1 1 1 1 0 1 1 0 1 1 1 1 1 1 1 0 1 1 1 1 1 1 1 1 1 0 1 1 1
 1 0 1 1 1 1 0 1 1 1 1 0 1 1 1 1 1 1 1 1 0 1 1 1 1 1 1 1 0 1 1 1 1 1 1 1 0
 1 1 1 1 1 1 1 1 1 1 1 1 1 1 1 1 1 1 0 1 1 1 1 1 1 0 1 1 1 1 1 1 1 1 1 1 0
 0 1 1 0 1 1 1 1 1 1 1 1 1 1 1 1 1 1 1 1 0 1 0 1 1 0 1 1 1 1 1 1 1 1 1 1 1
 1 1 1 1 1 0 1 1 1 1 1 1 0 0 1 1 1 0 1 1 1 1 1 1 1 1 1 1 1 1 1 1 1 1 1 1 1
 1 1 1 1 1 1 1 1 1 1 1 1 1 1 1 1 1 1 1 1 1 1 1 0 1 1 1 1 1 1 1]
2022-08-03 13:58:39,239 | len(x_train): 290
2022-08-03 13:58:39,239 | len(y_train): 290
2022-08-03 13:58:40,145 | LogReg Training time spent: 0.9201 seconds
2022-08-03 13:58:40,150 | Receive Global MLModel message time spent: 0.0142 seconds
2022-08-03 13:58:40,151 | Send Local MLModel message time spent: 0.0001 seconds
2022-08-03 13:58:40,514 | Modelo gerado evaluate(): [array([[ 0.25611442,  0.28601015],
       [-0.51610094, -0.33279234],
       [-0.07500647,  0.07968433],
       [-0.5407434 ,  0.00851307],
       [ 0.4421912 , -0.02892417],
       [-0.0312903 ,  0.26888153],
       [ 0.60119504,  0.36380425],
       [-0.0179944 , -0.6228241 ],
       [-0.43882653, -0.54528534]], dtype=float32), array([ 0.00432003, -0.00432003], dtype=float32)]
2022-08-03 13:58:40,529 | Receive Global MLModel message time spent: 0.0123 seconds
2022-08-03 13:58:40,530 | Send Local MLModel message time spent: 0.0002 seconds
2022-08-03 13:58:40,547 | iteration: 19
2022-08-03 13:58:40,552 | x_train: [[ 24.92  55.65   2.26 ...   0.4    8.8   59.61]
 [ 89.35 179.69  12.45 ...   0.63   5.8   39.06]
 [103.87 158.72  15.81 ...   0.48  34.97   9.45]
 ...
 [ 29.89  49.6    7.75 ...   0.41   4.1   18.03]
 [ 62.54 110.55   3.12 ...   0.66   4.51  71.52]
 [213.04  94.     3.7  ...   1.66   8.9   45.96]]
2022-08-03 13:58:40,557 | y_train: [1 1 1 1 1 1 1 1 1 0 1 1 1 1 1 1 1 1 1 1 1 0 1 1 1 1 1 1 1 1 0 1 1 1 1 1 0
 1 1 1 1 1 1 1 1 1 1 1 1 1 1 1 0 1 1 1 1 1 1 0 1 1 1 1 1 0 1 1 1 1 1 1 1 1
 1 1 1 1 1 1 1 1 1 1 1 1 0 1 1 1 1 1 1 1 1 1 1 1 1 1 1 1 1 1 1 1 1 1 1 1 1
 1 1 1 1 1 1 1 1 1 1 1 1 1 1 1 1 1 1 1 1 1 1 1 1 1 1 0 1 1 1 1 1 1 1 1 1 1
 1 1 1 1 1 1 1 0 1 1 1 1 1 1 0 1 1 1 1 1 1 1 1 1 1 1 1 1 1 1 1 1 1 1 1 1 1
 1 0 1 1 1 1 1 1 1 1 1 1 1 1 0 1 1 1 1 1 1 1 1 1 1 1 1 1 1 1 1 1 1 1 1 1 0
 1 1 1 1 1 1 1 1 1 1 1 1 1 1 1 1 1 1 1 1 1 0 1 1 1 1 1 1 1 1 1 1 0 1 1 1 1
 1 1 1 1 1 1 1 1 1 1 1 0 1 1 1 1 1 1 1 1 1 1 1 1 1 1 1 1 1 1 1]
2022-08-03 13:58:40,557 | len(x_train): 290
2022-08-03 13:58:40,558 | len(y_train): 290
2022-08-03 13:58:41,184 | LogReg Training time spent: 0.6401 seconds
2022-08-03 13:58:41,189 | Receive Global MLModel message time spent: 0.0076 seconds
2022-08-03 13:58:41,190 | Send Local MLModel message time spent: 0.0001 seconds
2022-08-03 13:58:41,548 | Modelo gerado evaluate(): [array([[ 0.25325778,  0.28876823],
       [-0.5218041 , -0.32693487],
       [-0.07807854,  0.08275556],
       [-0.53542393,  0.0032904 ],
       [ 0.44163352, -0.02844161],
       [-0.02325443,  0.26080248],
       [ 0.6010506 ,  0.36377323],
       [-0.0263509 , -0.6143511 ],
       [-0.43885088, -0.5450821 ]], dtype=float32), array([ 0.00467214, -0.00467214], dtype=float32)]
2022-08-03 13:58:41,559 | Receive Global MLModel message time spent: 0.0085 seconds
2022-08-03 13:58:41,560 | Send Local MLModel message time spent: 0.0001 seconds
2022-08-03 13:58:41,576 | iteration: 20
2022-08-03 13:58:41,581 | x_train: [[ 36.48  77.69  12.2  ...   0.4   15.2   62.92]
 [ 41.61 108.94   1.41 ...   0.34  22.87  36.42]
 [ 30.    88.     2.85 ...   0.64   7.45  45.73]
 ...
 [ 15.07  48.    12.39 ...   0.38   2.64  11.42]
 [ 37.25 136.    38.07 ...   0.8   11.43   2.  ]
 [136.96 132.69  10.46 ...   9.65  21.1   33.03]]
2022-08-03 13:58:41,586 | y_train: [1 1 1 1 0 1 1 1 1 1 1 1 1 1 1 1 1 1 1 1 1 1 1 1 1 1 1 0 0 1 1 1 1 1 1 1 1
 1 1 1 1 0 1 1 1 1 1 1 1 1 1 1 0 1 1 1 1 1 1 1 1 1 1 1 1 1 1 1 1 0 1 1 1 1
 1 1 1 1 1 1 1 1 0 1 1 1 1 1 1 1 1 1 1 1 0 1 1 1 1 1 1 1 1 1 1 1 1 1 1 1 1
 1 1 1 1 1 1 1 1 1 1 1 1 1 1 1 1 1 0 1 1 1 1 1 1 1 0 1 1 1 1 1 0 1 1 1 0 1
 1 1 1 1 1 1 1 0 1 1 1 1 1 1 1 1 0 1 0 1 1 1 1 0 1 1 0 1 1 0 1 1 1 1 1 0 1
 1 1 1 1 1 1 1 0 1 1 1 1 1 1 1 1 1 1 1 1 0 1 1 1 1 0 1 1 1 1 1 1 1 1 1 1 1
 1 1 1 1 1 1 0 1 1 1 1 1 1 1 1 1 1 1 1 0 1 1 1 1 1 1 1 1 1 1 1 1 1 1 1 0 1
 1 1 1 1 1 1 1 1 1 1 1 1 1 1 1 1 0 1 1 1 1 1 1 1 1 1 1 1 1 1 1]
2022-08-03 13:58:41,586 | len(x_train): 290
2022-08-03 13:58:41,587 | len(y_train): 290
2022-08-03 13:58:42,205 | LogReg Training time spent: 0.6322 seconds
2022-08-03 13:58:42,210 | Receive Global MLModel message time spent: 0.0068 seconds
2022-08-03 13:58:42,212 | Send Local MLModel message time spent: 0.0001 seconds
2022-08-03 13:58:42,612 | Modelo gerado evaluate(): [array([[ 0.25500196,  0.28692552],
       [-0.51364446, -0.3349402 ],
       [-0.08002666,  0.08470281],
       [-0.52982324, -0.00221357],
       [ 0.4430556 , -0.02993881],
       [-0.01958173,  0.25708658],
       [ 0.6009649 ,  0.36368355],
       [-0.03004014, -0.6105454 ],
       [-0.4380883 , -0.5456658 ]], dtype=float32), array([ 0.00499425, -0.00499425], dtype=float32)]
2022-08-03 13:58:42,620 | Receive Global MLModel message time spent: 0.0081 seconds
2022-08-03 13:58:42,620 | Send Local MLModel message time spent: 0.0001 seconds
2022-08-03 13:58:42,636 | iteration: 21
2022-08-03 13:58:42,641 | x_train: [[ 23.75  70.2    7.64 ...   0.41   5.13  40.5 ]
 [ 52.54 229.35   7.63 ...   0.88  12.34  71.9 ]
 [ 79.5  138.25   1.65 ...   0.8    9.55 118.52]
 ...
 [ 41.75  81.25   2.15 ...   0.25  15.48  46.52]
 [ 61.75 105.75   1.78 ...   0.1   17.62 103.9 ]
 [ 65.13  96.02  12.11 ...   0.9    7.52  20.12]]
2022-08-03 13:58:42,646 | y_train: [1 1 1 1 1 1 1 1 1 1 0 1 1 1 1 1 1 1 0 1 1 1 1 1 1 1 1 1 0 1 1 1 1 1 1 1 0
 1 1 0 1 1 1 1 1 1 1 1 1 1 1 1 1 1 1 0 1 1 1 1 0 1 1 1 1 1 1 1 1 1 1 1 1 1
 1 1 1 1 1 1 1 1 1 1 1 1 1 1 0 1 0 1 1 1 1 1 1 1 1 1 1 1 1 1 1 1 1 1 1 1 0
 1 1 1 1 1 1 1 1 1 1 1 1 1 1 1 1 1 1 1 0 1 0 1 1 1 1 1 1 1 1 1 1 1 1 0 1 1
 1 1 1 1 1 1 1 1 1 1 1 1 1 1 0 1 1 1 1 1 1 1 1 1 1 1 1 1 1 1 1 1 1 1 0 1 1
 0 1 1 1 1 1 1 1 1 1 1 1 0 1 1 1 1 0 1 0 1 1 1 1 1 1 1 1 1 0 1 1 1 1 1 1 1
 1 1 1 0 1 1 1 1 1 1 1 1 1 1 1 1 1 1 1 1 1 1 1 1 1 0 1 1 1 1 1 1 1 1 1 1 1
 0 1 1 0 1 1 1 0 1 1 1 1 1 1 1 1 1 1 1 1 0 1 1 1 1 1 1 1 1 1 1]
2022-08-03 13:58:42,647 | len(x_train): 290
2022-08-03 13:58:42,647 | len(y_train): 290
2022-08-03 13:58:43,272 | LogReg Training time spent: 0.6387 seconds
2022-08-03 13:58:43,277 | Receive Global MLModel message time spent: 0.0077 seconds
2022-08-03 13:58:43,278 | Send Local MLModel message time spent: 0.0001 seconds
2022-08-03 13:58:43,643 | Modelo gerado evaluate(): [array([[ 0.25421658,  0.28761238],
       [-0.5122333 , -0.33619705],
       [-0.08393584,  0.08861115],
       [-0.5252878 , -0.00665231],
       [ 0.4413062 , -0.02826449],
       [-0.0149335 ,  0.25239518],
       [ 0.60088164,  0.36359146],
       [-0.03416408, -0.60630494],
       [-0.44045317, -0.5431221 ]], dtype=float32), array([ 0.00533039, -0.00533039], dtype=float32)]
2022-08-03 13:58:43,651 | Receive Global MLModel message time spent: 0.0110 seconds
2022-08-03 13:58:43,652 | Send Local MLModel message time spent: 0.0001 seconds
2022-08-03 13:58:43,669 | iteration: 22
2022-08-03 13:58:43,675 | x_train: [[ 66.   140.     4.45 ...   1.05   6.25  68.05]
 [136.25 212.75   8.35 ...   0.    31.5   33.5 ]
 [ 26.4   51.26   3.54 ...   0.45  29.88  18.54]
 ...
 [ 34.76  66.02   8.97 ...   0.7   12.28  32.59]
 [ 34.1   71.59   5.25 ...   1.22  14.21  30.46]
 [ 41.12  75.93   5.45 ...   0.68   7.49  34.43]]
2022-08-03 13:58:43,680 | y_train: [1 1 1 1 1 1 1 1 1 0 1 1 1 1 1 1 1 1 1 1 1 1 1 1 1 1 0 1 1 1 0 1 1 1 1 1 1
 0 1 1 1 1 1 1 0 1 1 1 1 1 0 1 1 1 1 1 1 1 1 1 1 1 1 1 1 1 1 1 1 1 1 1 1 1
 1 1 1 1 1 1 1 1 1 1 1 1 1 1 1 1 1 1 1 1 1 1 1 1 1 1 1 1 1 1 1 1 1 1 1 1 1
 1 1 1 1 1 1 1 1 1 1 1 1 1 0 1 0 1 1 1 1 1 1 1 1 1 1 1 1 1 1 1 1 1 1 1 0 1
 1 1 1 1 0 1 1 1 1 1 1 1 1 1 1 1 1 0 1 1 1 1 1 1 1 1 1 1 1 1 1 1 1 1 1 1 1
 1 1 1 1 1 1 1 1 1 1 1 1 1 1 1 1 1 1 0 1 1 1 1 1 1 1 1 1 1 1 1 1 1 1 0 1 1
 1 1 1 1 1 1 1 1 1 1 1 1 1 1 1 1 1 1 1 1 1 1 0 1 1 1 1 1 1 1 1 1 1 1 1 1 1
 0 1 1 1 1 1 1 1 1 1 1 1 1 1 1 1 1 1 1 1 1 1 1 1 1 1 1 1 1 1 1]
2022-08-03 13:58:43,681 | len(x_train): 290
2022-08-03 13:58:43,681 | len(y_train): 290
2022-08-03 13:58:44,346 | LogReg Training time spent: 0.6803 seconds
2022-08-03 13:58:44,351 | Receive Global MLModel message time spent: 0.0075 seconds
2022-08-03 13:58:44,352 | Send Local MLModel message time spent: 0.0001 seconds
2022-08-03 13:58:44,713 | Modelo gerado evaluate(): [array([[ 0.2498072 ,  0.29192322],
       [-0.5153473 , -0.33292884],
       [-0.08679373,  0.09146819],
       [-0.5225957 , -0.00924769],
       [ 0.43883762, -0.02587096],
       [-0.01155824,  0.24897677],
       [ 0.60074556,  0.3635523 ],
       [-0.03894833, -0.6014042 ],
       [-0.44374037, -0.53965616]], dtype=float32), array([ 0.00554624, -0.00554624], dtype=float32)]
2022-08-03 13:58:44,720 | Receive Global MLModel message time spent: 0.0106 seconds
2022-08-03 13:58:44,721 | Send Local MLModel message time spent: 0.0001 seconds
2022-08-03 13:58:44,742 | iteration: 23
2022-08-03 13:58:44,747 | x_train: [[118.44 199.49  23.04 ...   1.17  12.01  27.51]
 [ 47.84 141.49   7.33 ...   0.84   9.41 128.11]
 [ 37.35  96.12   9.84 ...   0.33   7.61  51.99]
 ...
 [ 56.    94.     8.88 ...   1.14  79.9   52.4 ]
 [ 58.75  97.5   30.8  ...   0.97  29.8   18.75]
 [ 37.62 105.5    2.55 ...   0.14  14.39  16.96]]
2022-08-03 13:58:44,752 | y_train: [1 1 1 1 1 0 1 1 1 1 1 1 1 1 1 1 1 1 1 1 1 1 1 1 1 1 1 1 1 1 1 1 1 1 1 1 1
 1 1 1 1 1 1 1 1 1 1 1 1 1 1 1 1 1 1 1 1 1 1 1 0 1 1 1 1 1 1 1 1 1 1 1 1 1
 0 1 1 1 1 1 1 0 1 1 1 1 1 1 1 1 1 1 1 1 1 0 1 1 1 1 1 0 1 1 1 1 1 1 0 1 1
 1 1 1 1 1 0 1 1 1 1 1 1 1 1 1 1 1 1 1 0 1 1 1 1 1 1 1 1 1 1 0 1 1 1 1 1 1
 1 1 1 1 1 1 1 1 1 1 1 1 1 1 1 0 1 1 1 1 1 1 1 0 1 1 1 1 1 1 1 1 1 1 1 1 1
 1 1 1 1 1 1 1 1 1 0 0 1 1 1 1 1 0 1 1 1 0 0 1 1 1 1 1 1 1 1 1 1 0 1 1 1 1
 1 1 1 1 1 1 1 1 1 0 1 1 1 1 1 0 1 1 1 1 0 1 1 1 1 1 1 0 1 1 1 1 1 1 1 1 1
 1 1 1 1 1 0 1 1 1 1 0 1 1 1 0 1 1 1 1 1 1 1 1 0 1 1 1 1 1 1 1]
2022-08-03 13:58:44,752 | len(x_train): 290
2022-08-03 13:58:44,753 | len(y_train): 290
2022-08-03 13:58:45,367 | LogReg Training time spent: 0.6289 seconds
2022-08-03 13:58:45,372 | Receive Global MLModel message time spent: 0.0118 seconds
2022-08-03 13:58:45,373 | Send Local MLModel message time spent: 0.0001 seconds
2022-08-03 13:58:45,777 | Modelo gerado evaluate(): [array([[ 0.25125355,  0.2903784 ],
       [-0.50424385, -0.34387812],
       [-0.08859619,  0.09326979],
       [-0.51721936, -0.0145273 ],
       [ 0.4390793 , -0.02618775],
       [-0.00631382,  0.24368921],
       [ 0.60069287,  0.3634296 ],
       [-0.03954037, -0.60069567],
       [-0.4424482 , -0.5407695 ]], dtype=float32), array([ 0.00594031, -0.00594031], dtype=float32)]
2022-08-03 13:58:45,785 | Receive Global MLModel message time spent: 0.0128 seconds
2022-08-03 13:58:45,786 | Send Local MLModel message time spent: 0.0001 seconds
2022-08-03 13:58:45,805 | iteration: 24
2022-08-03 13:58:45,810 | x_train: [[ 11.85  33.75   5.1  ...   0.19   9.47  27.71]
 [170.83 261.48  14.83 ...   1.26   7.71  42.56]
 [ 86.02 188.4   11.16 ...   0.57   8.18  21.15]
 ...
 [ 38.75  86.    10.08 ...   1.14   3.4   16.03]
 [ 23.25  36.75   3.88 ...   0.44   1.8   15.  ]
 [ 63.08 342.14   9.86 ...   1.04  11.78  89.08]]
2022-08-03 13:58:45,815 | y_train: [0 1 1 0 1 1 0 1 1 0 1 1 1 1 1 1 1 1 1 1 1 1 1 1 1 1 1 1 1 1 1 1 1 1 1 1 0
 1 1 1 1 1 1 0 1 1 1 1 1 1 1 1 1 1 1 1 1 1 1 1 1 1 1 1 1 1 1 1 1 1 1 0 1 1
 1 1 1 1 1 1 1 1 1 1 1 1 1 1 1 0 1 1 1 1 1 0 1 1 1 1 0 1 1 1 1 1 1 1 1 1 1
 1 1 1 1 1 1 0 0 1 1 1 1 1 1 1 1 1 0 1 1 1 1 1 1 0 1 1 1 1 1 0 1 1 1 1 1 1
 1 1 1 1 1 1 1 1 1 1 1 1 1 1 0 1 1 0 1 0 1 1 1 1 1 1 1 1 1 1 1 1 1 1 1 1 1
 1 1 0 1 1 1 1 1 1 1 1 1 1 1 1 1 1 1 1 1 1 1 1 1 1 1 1 1 1 1 1 1 1 1 1 1 1
 1 1 1 1 1 1 1 1 1 1 1 1 1 1 1 1 0 1 1 1 1 1 1 1 1 1 1 1 1 1 1 1 1 1 1 1 1
 1 0 1 1 1 1 1 1 1 1 1 1 1 1 1 1 1 1 1 1 1 1 1 1 1 1 0 1 1 1 1]
2022-08-03 13:58:45,815 | len(x_train): 290
2022-08-03 13:58:45,816 | len(y_train): 290
2022-08-03 13:58:46,440 | LogReg Training time spent: 0.6380 seconds
2022-08-03 13:58:46,445 | Receive Global MLModel message time spent: 0.0108 seconds
2022-08-03 13:58:46,446 | Send Local MLModel message time spent: 0.0001 seconds
2022-08-03 13:58:46,808 | Modelo gerado evaluate(): [array([[ 0.24953343,  0.29200006],
       [-0.5028244 , -0.34514332],
       [-0.09192991,  0.09660267],
       [-0.5115113 , -0.02013865],
       [ 0.43769875, -0.02488228],
       [-0.00169538,  0.2390276 ],
       [ 0.60055953,  0.3633877 ],
       [-0.04436884, -0.5957508 ],
       [-0.44748133, -0.5355577 ]], dtype=float32), array([ 0.00632439, -0.00632439], dtype=float32)]
2022-08-03 13:58:46,816 | Receive Global MLModel message time spent: 0.0133 seconds
2022-08-03 13:58:46,817 | Send Local MLModel message time spent: 0.0001 seconds
2022-08-03 13:58:46,837 | iteration: 25
2022-08-03 13:58:46,843 | x_train: [[  5.75  22.5    4.85 ...   0.67   4.48  17.87]
 [ 47.17  94.4    9.38 ...   0.61   4.73  17.61]
 [ 35.11 101.66  13.24 ...   0.73   5.61  18.94]
 ...
 [161.54 220.23  22.47 ...   1.13   6.76  22.25]
 [ 56.5  127.18  12.8  ...   1.12  16.56  52.43]
 [243.8  297.04  44.34 ...   2.21  10.63   6.08]]
2022-08-03 13:58:46,848 | y_train: [0 1 1 1 1 1 1 1 1 1 0 1 1 1 1 1 1 1 0 1 1 1 1 0 1 1 1 1 1 1 1 1 1 1 1 1 1
 1 1 1 1 1 1 1 1 1 1 1 1 1 1 1 1 1 1 1 1 1 1 1 1 1 1 1 0 1 1 1 1 1 1 1 1 1
 1 1 1 1 1 1 1 1 1 1 1 1 1 1 1 1 1 1 1 1 0 1 1 1 1 1 1 1 1 0 1 1 1 1 1 1 1
 1 1 1 1 1 1 1 1 1 1 1 1 1 1 1 1 1 1 1 1 1 1 0 1 1 0 1 1 1 1 0 0 0 1 1 1 1
 1 1 1 1 0 1 0 1 1 1 1 1 0 1 1 1 1 1 1 1 1 1 1 1 1 1 1 1 1 1 1 1 1 1 1 1 1
 1 1 1 1 1 1 1 1 1 0 1 1 1 1 1 1 1 1 0 1 1 1 1 1 1 1 1 0 1 1 1 1 1 1 1 1 1
 1 1 1 1 1 1 1 1 1 1 1 1 1 1 1 1 1 1 1 1 1 1 1 1 1 1 1 1 1 1 1 1 1 1 1 1 1
 1 1 1 1 1 1 1 1 0 1 1 1 1 1 0 1 1 1 1 1 1 1 1 1 1 0 1 1 1 1 1]
2022-08-03 13:58:46,848 | len(x_train): 290
2022-08-03 13:58:46,849 | len(y_train): 290
2022-08-03 13:58:47,475 | LogReg Training time spent: 0.6413 seconds
2022-08-03 13:58:47,481 | Receive Global MLModel message time spent: 0.0117 seconds
2022-08-03 13:58:47,483 | Send Local MLModel message time spent: 0.0001 seconds
2022-08-03 13:58:47,844 | Modelo gerado evaluate(): [array([[ 0.2506687 ,  0.29076636],
       [-0.49675706, -0.35105658],
       [-0.09532472,  0.09999662],
       [-0.50670266, -0.02485071],
       [ 0.43644056, -0.02369912],
       [ 0.00612078,  0.2311683 ],
       [ 0.6004449 ,  0.36332712],
       [-0.04694925, -0.59305406],
       [-0.44578242, -0.53707796]], dtype=float32), array([ 0.0066768, -0.0066768], dtype=float32)]
2022-08-03 13:58:47,852 | Receive Global MLModel message time spent: 0.0142 seconds
2022-08-03 13:58:47,853 | Send Local MLModel message time spent: 0.0001 seconds
2022-08-03 13:58:47,871 | iteration: 26
2022-08-03 13:58:47,876 | x_train: [[ 15.13  20.2    9.05 ...   0.7   12.4    4.22]
 [ 40.7   89.57   4.82 ...   0.67   6.7   41.13]
 [ 10.15  19.25   1.77 ...   0.26   2.93  20.53]
 ...
 [ 87.   169.25   9.   ...   0.     8.27   7.9 ]
 [123.33 314.8   19.32 ...   7.64  17.1   65.77]
 [ 40.92  83.28  31.82 ...   1.34   9.9   13.8 ]]
2022-08-03 13:58:47,881 | y_train: [0 1 0 1 1 1 1 1 1 0 1 1 1 1 1 1 1 1 0 1 1 1 1 1 1 1 1 1 1 1 1 1 1 1 1 1 1
 1 1 1 1 1 1 1 1 1 1 1 1 1 1 1 1 1 1 1 1 1 1 0 1 1 1 0 1 1 1 1 1 0 0 1 0 1
 1 1 1 1 1 1 1 1 0 1 1 1 1 1 1 1 1 1 1 1 1 1 1 1 1 1 1 1 1 1 1 1 1 1 1 0 1
 1 1 1 1 1 1 1 1 1 0 1 1 1 1 1 1 1 1 1 1 1 1 1 1 1 1 1 1 1 1 1 1 1 1 1 1 0
 0 1 1 1 1 1 1 1 1 1 1 1 1 1 1 0 1 1 1 1 1 1 1 1 1 1 1 1 1 0 1 1 1 1 1 1 1
 1 1 1 0 1 1 0 0 1 1 1 1 1 1 1 1 1 1 1 1 1 1 1 1 1 1 0 1 1 1 1 1 1 1 1 1 1
 1 1 1 1 0 1 1 1 1 1 1 1 1 1 1 0 1 1 1 1 1 1 1 1 1 1 1 0 1 0 1 1 1 1 1 1 1
 1 1 1 1 1 1 1 1 1 1 1 1 1 1 1 1 1 1 1 1 1 1 1 1 1 1 1 1 1 1 1]
2022-08-03 13:58:47,881 | len(x_train): 290
2022-08-03 13:58:47,882 | len(y_train): 290
2022-08-03 13:58:48,502 | LogReg Training time spent: 0.6344 seconds
2022-08-03 13:58:48,507 | Receive Global MLModel message time spent: 0.0094 seconds
2022-08-03 13:58:48,507 | Send Local MLModel message time spent: 0.0002 seconds
2022-08-03 13:58:48,921 | Modelo gerado evaluate(): [array([[ 0.24873947,  0.29259714],
       [-0.4954655 , -0.35219398],
       [-0.09880482,  0.10347587],
       [-0.5005504 , -0.03090635],
       [ 0.4349561 , -0.02228968],
       [ 0.01225072,  0.22499523],
       [ 0.60027856,  0.36331815],
       [-0.05272567, -0.5871613 ],
       [-0.44938302, -0.5332987 ]], dtype=float32), array([ 0.00705333, -0.00705333], dtype=float32)]
2022-08-03 13:58:48,928 | Receive Global MLModel message time spent: 0.0153 seconds
2022-08-03 13:58:48,929 | Send Local MLModel message time spent: 0.0001 seconds
2022-08-03 13:58:48,946 | iteration: 27
2022-08-03 13:58:48,951 | x_train: [[ 43.75 123.25   7.15 ...   0.7    6.25  23.9 ]
 [ 39.75  56.75   1.58 ...   0.57   3.47  77.32]
 [ 11.03  33.59   4.37 ...   0.33   4.94  21.03]
 ...
 [ 14.28  44.5   12.92 ...   0.6   10.88   1.51]
 [ 28.1   67.26  12.4  ...   0.6   11.88  42.91]
 [ 53.45 157.96   8.38 ...   1.18  10.77  50.87]]
2022-08-03 13:58:48,956 | y_train: [1 1 0 1 1 1 1 1 1 1 1 1 1 1 1 1 0 1 1 1 1 1 1 1 1 1 1 1 1 1 1 1 1 0 1 0 1
 1 1 1 1 1 1 1 1 1 1 1 1 1 1 1 1 1 1 1 0 1 1 1 1 0 1 0 1 1 1 1 1 1 1 1 0 1
 1 1 1 1 1 1 1 1 0 1 1 1 1 1 0 1 1 1 1 1 1 1 1 1 1 1 1 1 0 1 1 1 1 1 1 1 1
 1 1 1 1 1 1 1 1 1 1 1 0 1 1 1 1 1 1 1 1 1 0 1 1 0 1 1 1 1 1 1 1 1 1 0 1 0
 1 1 1 1 1 1 0 1 1 1 1 1 1 0 1 1 1 1 1 1 0 1 1 1 1 1 1 1 1 1 1 1 1 1 1 1 1
 0 1 1 1 1 1 1 1 0 1 0 0 1 1 1 1 1 1 1 0 1 1 1 1 1 1 1 1 1 1 1 0 1 1 1 0 1
 1 1 1 1 1 1 1 1 0 1 1 1 1 1 1 0 1 1 1 1 1 1 1 1 1 1 0 1 1 1 0 1 1 1 1 1 1
 1 1 1 1 1 0 1 1 1 1 1 1 1 1 1 1 1 1 1 1 1 0 1 0 1 1 0 1 0 1 1]
2022-08-03 13:58:48,956 | len(x_train): 290
2022-08-03 13:58:48,957 | len(y_train): 290
2022-08-03 13:58:49,581 | LogReg Training time spent: 0.6389 seconds
2022-08-03 13:58:49,587 | Receive Global MLModel message time spent: 0.0078 seconds
2022-08-03 13:58:49,587 | Send Local MLModel message time spent: 0.0001 seconds
2022-08-03 13:58:49,947 | Modelo gerado evaluate(): [array([[ 0.24714749,  0.29409072],
       [-0.4954307 , -0.35207468],
       [-0.1067612 ,  0.1114314 ],
       [-0.49512163, -0.03623851],
       [ 0.42975178, -0.0171604 ],
       [ 0.017659  ,  0.21954381],
       [ 0.6001529 ,  0.36326858],
       [-0.05588012, -0.5838905 ],
       [-0.45424858, -0.52825445]], dtype=float32), array([ 0.00734554, -0.00734554], dtype=float32)]
2022-08-03 13:58:49,955 | Receive Global MLModel message time spent: 0.0084 seconds
2022-08-03 13:58:49,955 | Send Local MLModel message time spent: 0.0001 seconds
2022-08-03 13:58:49,973 | iteration: 28
2022-08-03 13:58:49,978 | x_train: [[ 71.22 137.74  10.02 ...   1.01  19.84  31.35]
 [ 47.    71.25   1.02 ...   0.73   7.72  13.5 ]
 [ 67.12 133.65   1.98 ...   0.79  16.78  81.84]
 ...
 [ 51.64  92.4    3.65 ...   0.67   7.76  60.81]
 [ 19.18  32.26  13.24 ...   0.55   2.38   9.02]
 [152.37 249.55  14.05 ...   0.77  24.43  60.63]]
2022-08-03 13:58:49,983 | y_train: [1 1 1 1 1 1 1 0 1 1 1 1 0 1 1 1 1 1 1 1 1 1 1 1 1 1 1 1 1 1 1 1 1 1 1 1 1
 1 1 1 1 1 1 1 1 1 1 1 1 1 1 1 1 1 1 1 1 1 1 1 1 1 0 1 1 1 1 1 1 1 1 1 1 1
 1 1 1 1 1 1 1 1 1 1 1 1 1 1 0 1 1 1 1 1 1 1 1 1 1 1 1 1 1 1 1 1 1 1 1 1 1
 1 1 1 1 1 1 1 1 1 1 1 1 1 1 1 1 1 1 0 1 1 1 1 1 1 1 1 1 1 1 1 0 1 1 1 1 1
 1 0 1 1 1 1 1 1 1 1 1 1 1 1 1 1 1 1 0 1 1 0 1 1 0 1 1 1 1 1 1 0 1 1 1 1 1
 1 1 1 1 1 1 0 0 0 1 1 1 1 1 0 1 1 1 1 1 1 1 1 1 0 1 1 1 1 1 1 1 1 1 1 1 1
 1 1 1 0 1 1 1 1 0 0 1 1 0 1 1 1 1 1 1 1 1 1 1 1 1 1 1 1 1 0 1 1 1 1 1 1 1
 1 1 1 1 1 1 0 1 1 0 1 1 1 1 1 1 1 1 1 1 1 1 1 1 1 1 1 1 1 1 1]
2022-08-03 13:58:49,983 | len(x_train): 290
2022-08-03 13:58:49,984 | len(y_train): 290
2022-08-03 13:58:50,604 | LogReg Training time spent: 0.6346 seconds
2022-08-03 13:58:50,609 | Receive Global MLModel message time spent: 0.0090 seconds
2022-08-03 13:58:50,610 | Send Local MLModel message time spent: 0.0001 seconds
2022-08-03 13:58:50,969 | Modelo gerado evaluate(): [array([[ 0.24397945,  0.29716036],
       [-0.49938697, -0.34796432],
       [-0.10936307,  0.11403242],
       [-0.4921666 , -0.0390969 ],
       [ 0.4284899 , -0.01597353],
       [ 0.0201173 ,  0.21704239],
       [ 0.6000048 ,  0.36324152],
       [-0.06280736, -0.576847  ],
       [-0.45811638, -0.524208  ]], dtype=float32), array([ 0.00754901, -0.00754901], dtype=float32)]
2022-08-03 13:58:50,982 | Receive Global MLModel message time spent: 0.0081 seconds
2022-08-03 13:58:50,983 | Send Local MLModel message time spent: 0.0001 seconds
2022-08-03 13:58:51,000 | iteration: 29
2022-08-03 13:58:51,006 | x_train: [[ 83.4  155.53   8.78 ...   1.24  21.62  69.63]
 [ 72.58 152.1    3.71 ...   0.92   5.21  25.64]
 [ 56.    94.    23.45 ...   1.6   30.75  13.55]
 ...
 [ 41.46  82.8    0.94 ...   0.41   6.12  75.95]
 [ 36.87  63.51   3.14 ...   0.51   4.9   48.29]
 [ 56.    94.     9.75 ...   0.42  76.68  87.45]]
2022-08-03 13:58:51,011 | y_train: [1 1 1 1 1 1 1 1 1 1 1 1 1 1 1 1 1 1 1 1 1 1 1 1 1 1 1 1 1 1 1 1 1 1 1 1 1
 1 1 1 1 1 1 1 1 1 1 1 1 1 1 1 1 1 1 1 1 1 1 1 1 1 1 1 1 1 1 1 1 1 1 0 1 1
 1 1 1 1 1 1 1 1 1 1 1 1 1 1 1 1 1 1 1 1 1 1 1 0 1 1 1 1 1 1 1 1 1 1 1 1 1
 1 1 1 1 1 1 1 1 1 1 1 1 1 0 1 1 1 1 1 1 0 1 1 1 1 0 1 1 1 1 1 1 1 1 1 1 1
 1 1 1 1 1 1 1 1 0 1 1 1 1 0 1 1 1 1 1 1 1 0 1 1 1 1 1 1 1 1 1 1 1 1 1 1 1
 1 1 1 1 1 1 1 1 1 1 1 1 1 1 1 1 1 1 1 1 1 1 1 1 1 1 1 1 1 1 1 0 1 1 1 1 1
 1 1 1 1 1 1 1 1 1 1 1 1 1 1 1 1 0 1 1 1 1 1 1 1 1 1 1 1 1 1 1 1 1 1 1 1 1
 1 1 1 1 1 1 1 1 1 1 1 1 1 1 1 1 1 1 1 0 1 1 1 1 0 1 1 0 1 1 1]
2022-08-03 13:58:51,012 | len(x_train): 290
2022-08-03 13:58:51,012 | len(y_train): 290
2022-08-03 13:58:51,637 | LogReg Training time spent: 0.6402 seconds
2022-08-03 13:58:51,642 | Receive Global MLModel message time spent: 0.0086 seconds
2022-08-03 13:58:51,643 | Send Local MLModel message time spent: 0.0001 seconds
2022-08-03 13:58:52,087 | Modelo gerado evaluate(): [array([[ 0.24313161,  0.2979098 ],
       [-0.49955425, -0.34764302],
       [-0.11374708,  0.11841558],
       [-0.48829868, -0.04286824],
       [ 0.42515185, -0.01271049],
       [ 0.02336947,  0.21374708],
       [ 0.5998863 ,  0.36318493],
       [-0.06806792, -0.57147014],
       [-0.45911926, -0.5230265 ]], dtype=float32), array([ 0.00777083, -0.00777083], dtype=float32)]
2022-08-03 13:58:52,094 | Receive Global MLModel message time spent: 0.0116 seconds
2022-08-03 13:58:52,095 | Send Local MLModel message time spent: 0.0001 seconds
2022-08-03 13:58:52,115 | iteration: 30
2022-08-03 13:58:52,120 | x_train: [[ 63.33 203.68  12.11 ...   0.61   9.3   23.27]
 [ 68.21 133.15  14.12 ...   0.92  23.55  20.48]
 [ 50.   115.75  13.32 ...   1.54   6.43   1.22]
 ...
 [146.96 214.85  36.04 ...   1.35  12.65  43.34]
 [ 32.53 138.58  29.46 ...   0.85   9.93  93.13]
 [101.3  151.28  20.31 ...   0.92   8.27  14.66]]
2022-08-03 13:58:52,125 | y_train: [1 1 1 1 1 1 1 1 1 1 1 1 1 0 1 1 0 1 1 1 1 1 1 1 1 1 1 0 1 1 1 1 1 1 1 1 1
 1 1 1 1 1 1 1 1 1 1 1 0 1 0 1 1 1 1 1 1 1 1 1 1 1 1 1 1 1 1 1 1 1 1 1 1 1
 1 1 1 1 1 0 1 1 1 1 1 1 0 1 1 0 1 1 1 1 1 1 1 1 1 1 1 1 1 1 1 1 1 1 1 1 1
 0 1 1 1 0 1 1 1 1 1 1 0 1 1 1 1 1 1 1 1 1 1 1 1 0 1 1 1 1 1 1 1 1 1 1 1 1
 1 1 0 1 1 0 1 1 1 1 1 1 1 1 1 1 1 1 1 1 1 0 1 1 1 1 1 1 1 1 1 1 1 1 1 1 1
 1 1 1 1 1 1 1 1 1 1 1 1 0 1 1 0 1 1 1 1 1 1 1 1 1 1 1 1 1 1 1 1 1 1 1 1 0
 1 1 1 1 1 1 1 1 0 1 1 0 1 1 1 1 0 1 1 1 1 1 0 1 1 1 1 1 1 1 1 0 1 1 1 0 1
 1 1 1 1 1 1 1 1 1 0 1 1 1 1 1 1 1 1 1 1 1 1 1 1 1 1 1 1 1 1 1]
2022-08-03 13:58:52,126 | len(x_train): 290
2022-08-03 13:58:52,126 | len(y_train): 290
2022-08-03 13:58:52,761 | LogReg Training time spent: 0.6507 seconds
2022-08-03 13:58:52,767 | Receive Global MLModel message time spent: 0.0095 seconds
2022-08-03 13:58:52,768 | Send Local MLModel message time spent: 0.0001 seconds
2022-08-03 13:58:53,133 | Modelo gerado evaluate(): [array([[ 0.2436013 ,  0.29734173],
       [-0.49282458, -0.35421857],
       [-0.11480071,  0.11946836],
       [-0.48227814, -0.04879221],
       [ 0.42594847, -0.01358212],
       [ 0.02961246,  0.20746097],
       [ 0.59977823,  0.36311784],
       [-0.07239352, -0.5670283 ],
       [-0.45826396, -0.5237033 ]], dtype=float32), array([ 0.00813606, -0.00813606], dtype=float32)]
2022-08-03 13:58:53,141 | Receive Global MLModel message time spent: 0.0115 seconds
2022-08-03 13:58:53,142 | Send Local MLModel message time spent: 0.0001 seconds
2022-08-03 13:58:53,170 | iteration: 31
2022-08-03 13:58:53,175 | x_train: [[ 19.75  72.25   6.4  ...   0.63   9.    23.8 ]
 [ 34.2   95.58   5.52 ...   0.67  12.71 100.62]
 [ 15.08  49.9   52.8  ...   0.26   7.09  22.87]
 ...
 [ 87.5  180.75   9.05 ...   0.    11.82  10.48]
 [ 88.39 224.54  27.35 ...   1.84  19.62  58.76]
 [ 16.75  68.75   4.3  ...   0.59   6.5   34.88]]
2022-08-03 13:58:53,180 | y_train: [1 1 1 1 1 0 1 1 1 1 1 0 0 1 0 1 1 1 1 0 1 1 1 1 1 1 1 1 1 0 1 1 1 1 1 0 1
 1 1 1 1 1 1 1 1 1 1 1 1 1 1 1 1 1 1 1 1 1 1 1 1 1 0 1 0 1 1 1 1 1 1 1 1 1
 1 1 0 1 1 1 1 1 1 1 1 1 1 0 1 1 1 1 1 1 1 1 1 1 0 1 0 1 1 1 1 1 1 1 1 1 1
 1 1 1 1 1 1 1 1 0 1 1 1 1 1 1 1 1 1 1 1 1 1 1 1 1 0 1 1 1 0 1 1 0 1 1 1 1
 1 1 1 1 1 1 1 1 1 1 1 1 1 1 1 1 1 1 1 1 1 1 0 1 1 1 1 1 1 1 1 1 1 1 1 1 0
 1 0 1 1 1 1 1 1 1 0 0 1 1 1 1 1 1 1 0 1 1 1 1 1 1 0 1 1 1 1 1 1 1 1 1 1 1
 1 0 1 1 1 1 1 1 1 1 1 1 0 1 1 1 1 1 1 1 1 1 1 1 1 1 1 1 1 0 1 1 1 1 1 1 0
 1 1 1 1 1 1 1 1 1 1 1 1 1 1 1 1 1 1 0 1 1 1 1 0 1 0 1 1 1 1 1]
2022-08-03 13:58:53,180 | len(x_train): 290
2022-08-03 13:58:53,181 | len(y_train): 290
2022-08-03 13:58:53,817 | LogReg Training time spent: 0.6506 seconds
2022-08-03 13:58:53,823 | Receive Global MLModel message time spent: 0.0190 seconds
2022-08-03 13:58:53,825 | Send Local MLModel message time spent: 0.0001 seconds
2022-08-03 13:58:54,227 | Modelo gerado evaluate(): [array([[ 0.24380803,  0.29703668],
       [-0.48982397, -0.3570652 ],
       [-0.11672932,  0.12139614],
       [-0.47717527, -0.05379853],
       [ 0.42581242, -0.01352102],
       [ 0.03524018,  0.20179014],
       [ 0.59969735,  0.36302367],
       [-0.07630558, -0.56299996],
       [-0.45883462, -0.5229541 ]], dtype=float32), array([ 0.00844838, -0.00844837], dtype=float32)]
2022-08-03 13:58:54,234 | Receive Global MLModel message time spent: 0.0125 seconds
2022-08-03 13:58:54,235 | Send Local MLModel message time spent: 0.0001 seconds
2022-08-03 13:58:54,254 | iteration: 32
2022-08-03 13:58:54,259 | x_train: [[118.2  192.85  14.72 ...   1.1   18.17  58.37]
 [ 62.11 157.17  17.33 ...   0.44   6.65  10.39]
 [ 41.98  82.82  11.98 ...   0.21   4.13  21.1 ]
 ...
 [ 37.17  68.8   16.   ...   0.91   5.7   10.09]
 [ 32.8  142.25   1.31 ...   0.43   5.77  51.13]
 [ 53.51 105.72  27.8  ...   0.6    9.45  69.65]]
2022-08-03 13:58:54,264 | y_train: [1 1 1 1 1 1 1 1 1 1 0 1 1 1 1 1 1 0 1 1 1 1 1 1 1 1 1 0 1 1 1 1 1 1 1 1 1
 1 1 1 0 1 1 1 1 1 1 1 1 1 1 1 1 1 0 1 1 1 1 1 1 1 1 1 0 1 1 1 1 1 1 1 1 1
 1 1 0 1 1 1 1 1 1 1 1 1 1 0 1 0 1 1 1 0 1 1 1 1 1 1 1 1 1 1 1 1 0 1 1 1 1
 0 1 1 1 1 1 1 1 1 1 1 1 1 1 1 1 1 1 1 1 1 1 0 1 1 1 1 0 1 1 1 1 1 1 1 0 0
 1 1 1 1 1 1 1 1 1 1 1 1 1 1 1 1 1 0 1 1 1 1 1 1 1 1 1 1 1 1 1 1 1 1 1 1 1
 1 1 1 1 1 1 1 1 1 1 1 1 1 1 1 1 1 1 1 1 1 1 1 1 1 1 1 1 1 0 1 1 1 1 1 1 1
 1 1 1 1 1 1 1 1 1 0 1 1 1 1 1 1 1 1 1 1 1 1 1 1 1 1 1 1 1 1 0 1 1 1 1 1 1
 1 1 1 1 1 1 1 1 1 1 1 1 1 1 1 1 0 1 1 1 1 1 1 0 1 1 1 1 1 1 1]
2022-08-03 13:58:54,265 | len(x_train): 290
2022-08-03 13:58:54,265 | len(y_train): 290
2022-08-03 13:58:54,885 | LogReg Training time spent: 0.6342 seconds
2022-08-03 13:58:54,889 | Receive Global MLModel message time spent: 0.0104 seconds
2022-08-03 13:58:54,890 | Send Local MLModel message time spent: 0.0001 seconds
2022-08-03 13:58:55,303 | Modelo gerado evaluate(): [array([[ 0.2405649 ,  0.3001815 ],
       [-0.49402806, -0.35270715],
       [-0.1208455 ,  0.12551147],
       [-0.47460568, -0.05627156],
       [ 0.4212723 , -0.00905585],
       [ 0.03810428,  0.19888292],
       [ 0.59950083,  0.36304516],
       [-0.08084086, -0.5583485 ],
       [-0.46298417, -0.5186261 ]], dtype=float32), array([ 0.0086298, -0.0086298], dtype=float32)]
2022-08-03 13:58:55,310 | Receive Global MLModel message time spent: 0.0177 seconds
2022-08-03 13:58:55,311 | Send Local MLModel message time spent: 0.0001 seconds
2022-08-03 13:58:55,336 | iteration: 33
2022-08-03 13:58:55,342 | x_train: [[ 75.88 160.1    8.5  ...   1.27  11.42  15.19]
 [ 51.95 126.73  19.02 ...   1.    11.47  25.8 ]
 [ 27.3   43.19   8.51 ...   0.62   2.6   12.94]
 ...
 [ 21.06  77.93   4.52 ...   0.58  14.11  90.5 ]
 [ 63.76 126.37  13.79 ...   1.01  19.77  13.25]
 [ 54.98  89.8    4.39 ...   0.5    9.28  40.72]]
2022-08-03 13:58:55,347 | y_train: [1 1 1 1 1 1 1 1 1 1 1 1 1 1 1 0 1 1 1 1 1 1 1 1 1 1 1 1 1 1 1 0 1 1 1 1 0
 0 1 1 0 1 1 1 1 1 1 1 1 1 1 1 1 1 1 1 1 0 1 1 1 1 1 0 0 1 1 1 1 1 1 1 1 1
 1 0 1 1 1 1 1 1 1 1 1 0 1 1 1 1 1 0 1 1 1 1 1 1 1 1 1 0 1 1 1 1 1 1 1 1 1
 1 1 1 1 1 1 1 0 1 1 1 1 1 1 1 1 1 1 1 1 1 1 1 1 1 1 1 1 1 1 1 1 1 1 1 1 1
 1 1 0 1 1 1 1 1 1 1 1 0 1 0 1 1 1 1 1 0 1 1 1 1 1 1 1 1 1 1 1 1 1 1 1 1 0
 0 1 1 1 1 1 1 1 1 1 1 1 1 1 1 1 0 1 1 1 1 1 1 1 1 1 1 1 0 1 1 1 1 1 1 1 1
 1 1 1 1 1 1 1 1 1 0 1 1 1 1 1 0 1 1 1 0 1 1 1 1 1 1 1 1 1 1 1 1 1 1 1 1 1
 1 1 0 1 1 1 1 1 1 1 1 1 1 1 0 1 1 1 1 1 1 1 1 1 1 1 1 1 1 1 1]
2022-08-03 13:58:55,347 | len(x_train): 290
2022-08-03 13:58:55,347 | len(y_train): 290
2022-08-03 13:58:55,976 | LogReg Training time spent: 0.6426 seconds
2022-08-03 13:58:55,981 | Receive Global MLModel message time spent: 0.0173 seconds
2022-08-03 13:58:55,982 | Send Local MLModel message time spent: 0.0001 seconds
2022-08-03 13:58:56,366 | Modelo gerado evaluate(): [array([[ 0.24006909,  0.300579  ],
       [-0.49107355, -0.35550776],
       [-0.12429809,  0.1289632 ],
       [-0.47154218, -0.05923851],
       [ 0.4180604 , -0.00591886],
       [ 0.04384952,  0.19309461],
       [ 0.5993959 ,  0.3629751 ],
       [-0.08650864, -0.5525645 ],
       [-0.46165594, -0.5197759 ]], dtype=float32), array([ 0.00897137, -0.00897137], dtype=float32)]
2022-08-03 13:58:56,376 | Receive Global MLModel message time spent: 0.0309 seconds
2022-08-03 13:58:56,378 | Send Local MLModel message time spent: 0.0001 seconds
2022-08-03 13:58:56,392 | iteration: 34
2022-08-03 13:58:56,397 | x_train: [[ 70.25 109.     3.1  ...   1.26   7.2   68.97]
 [  7.46  50.91  15.94 ...   0.71   6.36  22.14]
 [ 39.5   61.   108.55 ...   0.29  10.15  68.55]
 ...
 [ 63.24 105.35  17.64 ...   0.49   5.75  37.76]
 [ 44.21 110.65  14.16 ...   1.12   3.13  13.95]
 [ 45.    82.6    1.74 ...   0.52   4.95  74.39]]
2022-08-03 13:58:56,402 | y_train: [1 1 1 1 1 1 1 1 1 0 1 1 1 1 1 0 1 1 1 1 1 1 1 1 1 1 1 1 1 1 1 1 1 1 1 1 1
 1 1 1 1 1 1 1 1 1 1 1 1 1 1 1 1 1 1 1 1 1 1 0 1 1 1 1 1 1 0 1 1 1 1 1 1 1
 1 1 1 1 1 1 1 1 1 1 1 1 1 1 1 1 1 1 1 1 1 1 1 1 1 0 0 1 1 1 1 1 1 1 1 1 1
 1 0 1 1 1 1 1 1 1 1 1 1 1 1 1 1 1 1 1 1 1 1 1 0 1 1 1 1 0 1 1 1 1 1 1 1 1
 1 1 1 1 1 0 0 1 1 1 1 1 1 1 1 1 1 1 1 1 1 1 1 1 1 1 1 1 1 1 1 1 1 1 1 1 1
 1 1 1 1 1 1 1 1 1 1 1 1 0 1 1 0 1 1 1 1 1 1 1 1 0 1 1 1 1 1 1 1 1 1 1 1 1
 1 1 1 1 1 0 1 1 1 1 1 1 1 1 0 1 1 1 1 1 1 1 1 1 1 1 1 1 1 1 0 1 1 1 1 1 1
 1 1 1 1 1 1 1 1 1 0 1 1 1 1 1 0 1 1 1 1 1 1 1 1 1 1 1 1 1 1 1]
2022-08-03 13:58:56,402 | len(x_train): 290
2022-08-03 13:58:56,403 | len(y_train): 290
2022-08-03 13:58:57,026 | LogReg Training time spent: 0.6379 seconds
2022-08-03 13:58:57,031 | Receive Global MLModel message time spent: 0.0045 seconds
2022-08-03 13:58:57,032 | Send Local MLModel message time spent: 0.0001 seconds
2022-08-03 13:58:57,391 | Modelo gerado evaluate(): [array([[ 0.24225298,  0.29829687],
       [-0.48200363, -0.36442378],
       [-0.12406024,  0.12872449],
       [-0.46597153, -0.06471264],
       [ 0.4197053 , -0.00763869],
       [ 0.05212144,  0.18477961],
       [ 0.59930474,  0.36289126],
       [-0.08966906, -0.54928786],
       [-0.45978808, -0.5214654 ]], dtype=float32), array([ 0.00939703, -0.00939702], dtype=float32)]
2022-08-03 13:58:57,398 | Receive Global MLModel message time spent: 0.0086 seconds
2022-08-03 13:58:57,399 | Send Local MLModel message time spent: 0.0001 seconds
2022-08-03 13:58:57,420 | iteration: 35
2022-08-03 13:58:57,426 | x_train: [[ 58.2  145.31   2.44 ...   0.63  15.79  20.76]
 [ 10.71  25.3    2.67 ...   0.16   4.51  27.86]
 [ 75.85 144.15   6.36 ...   0.55   9.42  30.8 ]
 ...
 [168.63 193.27  18.56 ...   1.21  14.15  45.8 ]
 [ 47.83 127.45   1.85 ...   0.77   7.09  42.27]
 [ 20.    46.8    1.43 ...   0.66   4.06  54.57]]
2022-08-03 13:58:57,431 | y_train: [1 1 1 1 1 1 0 1 1 1 1 1 1 1 0 1 1 1 1 1 1 1 1 1 1 1 0 1 1 1 1 1 1 1 1 1 0
 1 1 1 1 1 1 1 1 1 1 1 0 1 1 1 1 1 1 1 1 1 1 1 1 1 1 1 1 1 0 1 1 1 1 1 1 0
 1 1 1 1 1 1 0 1 0 1 1 1 0 1 1 1 1 1 1 1 1 1 1 1 1 1 1 1 1 1 1 1 1 0 0 0 1
 1 1 1 0 0 1 1 1 1 1 0 1 1 0 1 1 1 0 1 1 1 1 1 1 1 1 1 1 1 1 0 1 1 1 1 1 1
 1 0 1 1 1 1 1 1 1 1 1 1 1 0 1 1 1 1 1 1 1 1 1 1 1 0 0 0 1 1 0 1 1 1 1 1 1
 1 1 1 1 1 1 1 1 0 1 1 1 1 1 1 1 1 1 1 1 1 1 1 1 1 1 0 1 1 1 1 1 0 1 1 1 1
 1 1 1 1 1 1 1 1 1 1 1 1 1 1 1 0 1 1 1 1 1 1 1 1 1 1 1 1 1 1 1 1 1 1 1 1 1
 1 1 1 1 1 1 1 1 1 1 1 1 1 1 1 1 1 1 1 0 1 1 1 1 1 1 1 1 1 1 1]
2022-08-03 13:58:57,431 | len(x_train): 290
2022-08-03 13:58:57,431 | len(y_train): 290
2022-08-03 13:58:58,051 | LogReg Training time spent: 0.6333 seconds
2022-08-03 13:58:58,056 | Receive Global MLModel message time spent: 0.0137 seconds
2022-08-03 13:58:58,056 | Send Local MLModel message time spent: 0.0001 seconds
2022-08-03 13:58:58,467 | Modelo gerado evaluate(): [array([[ 0.23520677,  0.3052448 ],
       [-0.49286216, -0.35341132],
       [-0.13176401,  0.1364274 ],
       [-0.46906194, -0.06152577],
       [ 0.41027963,  0.00171205],
       [ 0.05285364,  0.18400435],
       [ 0.59896   ,  0.36306107],
       [-0.10179947, -0.5370413 ],
       [-0.46913776, -0.5119373 ]], dtype=float32), array([ 0.00951617, -0.00951617], dtype=float32)]
2022-08-03 13:58:58,474 | Receive Global MLModel message time spent: 0.0130 seconds
2022-08-03 13:58:58,475 | Send Local MLModel message time spent: 0.0001 seconds
2022-08-03 13:58:58,491 | iteration: 36
2022-08-03 13:58:58,497 | x_train: [[ 33.17  70.99   0.66 ...   0.6   14.69  61.48]
 [ 11.75  31.12   5.61 ...   0.28   6.     9.3 ]
 [ 66.65 177.22  13.92 ...   1.12   9.64  30.6 ]
 ...
 [ 90.24 326.27  51.28 ...   1.88  18.81  22.  ]
 [ 20.75  55.5    5.45 ...   0.49   0.77  11.97]
 [ 56.64 126.42   5.96 ...   0.52   7.3  124.32]]
2022-08-03 13:58:58,502 | y_train: [1 0 1 1 1 1 1 1 1 1 1 1 1 1 1 1 1 0 1 1 0 1 1 1 1 1 1 0 1 1 1 1 1 1 1 1 1
 1 1 1 1 1 1 1 1 1 1 1 1 1 1 1 1 1 1 1 1 1 1 1 1 1 1 1 1 1 0 1 1 1 1 1 1 1
 1 1 1 1 1 1 1 1 1 1 1 1 1 1 1 1 1 0 1 1 1 1 1 0 1 1 0 1 1 1 1 1 1 0 1 1 1
 1 0 1 1 1 0 1 1 1 1 1 1 1 1 1 1 1 1 1 0 1 1 0 1 1 0 1 1 1 1 1 1 1 1 1 1 1
 1 1 1 1 0 1 1 0 1 1 0 1 1 1 1 1 1 1 1 1 1 1 1 1 1 1 1 1 1 1 1 1 1 1 1 1 1
 1 1 1 1 1 0 1 1 1 1 1 1 1 1 1 1 1 1 1 1 1 1 1 0 1 1 1 0 1 1 1 1 1 1 1 1 1
 1 1 1 0 1 1 1 1 1 1 1 1 1 1 1 1 1 1 1 1 1 1 1 1 1 0 1 0 1 1 1 1 1 1 0 1 1
 1 1 1 1 1 1 1 1 0 1 1 1 0 1 1 0 1 1 1 1 1 1 1 1 1 1 1 1 1 1]
2022-08-03 13:58:58,502 | len(x_train): 289
2022-08-03 13:58:58,503 | len(y_train): 289
2022-08-03 13:58:59,126 | LogReg Training time spent: 0.6380 seconds
2022-08-03 13:58:59,131 | Receive Global MLModel message time spent: 0.0079 seconds
2022-08-03 13:58:59,132 | Send Local MLModel message time spent: 0.0001 seconds
2022-08-03 13:58:59,490 | Modelo gerado evaluate(): [array([[ 0.2388961 ,  0.3014572 ],
       [-0.48348674, -0.36263293],
       [-0.1318602 ,  0.13652274],
       [-0.46361664, -0.06687459],
       [ 0.41174123,  0.00017555],
       [ 0.05822493,  0.17859   ],
       [ 0.5988603 ,  0.36298582],
       [-0.10456494, -0.53415966],
       [-0.4678302 , -0.51306653]], dtype=float32), array([ 0.00985961, -0.00985961], dtype=float32)]
2022-08-03 13:58:59,497 | Receive Global MLModel message time spent: 0.0094 seconds
2022-08-03 13:58:59,498 | Send Local MLModel message time spent: 0.0001 seconds
2022-08-03 13:58:59,519 | iteration: 37
2022-08-03 13:58:59,525 | x_train: [[ 69.79 221.44   4.99 ...   0.84  15.47  59.56]
 [ 34.25 149.     1.4  ...   0.06   3.86  33.78]
 [ 22.    67.     2.88 ...   0.95   5.48  21.2 ]
 ...
 [ 47.25 101.     8.68 ...   1.5   32.38  37.4 ]
 [197.11 255.84  17.1  ...   0.31   7.35   8.9 ]
 [ 71.5  130.     0.18 ...   0.93   8.12 142.12]]
2022-08-03 13:58:59,530 | y_train: [1 1 1 1 1 1 1 1 1 1 1 1 1 1 1 1 1 1 1 1 1 1 1 1 1 1 1 1 1 1 1 1 1 1 1 1 1
 1 1 1 1 1 1 0 1 1 1 1 1 1 0 1 0 1 0 1 1 0 0 1 0 1 0 1 1 1 1 1 1 1 1 1 1 1
 1 1 0 0 1 1 1 1 1 1 1 1 1 1 1 1 1 1 1 1 1 1 1 1 1 1 1 1 1 1 1 1 1 1 1 1 1
 1 0 1 1 1 1 1 1 1 1 1 1 1 1 1 1 1 1 1 1 1 1 1 1 1 1 1 1 1 1 1 1 0 1 1 0 1
 1 1 1 1 1 1 0 0 1 1 1 0 0 1 1 1 1 1 1 1 1 1 1 1 1 1 1 0 1 1 1 1 1 1 1 1 1
 0 1 1 1 1 0 0 1 1 1 1 1 1 1 1 1 1 1 0 1 1 1 1 1 1 1 1 1 1 1 1 1 0 1 1 0 0
 1 1 1 1 1 1 1 1 1 1 1 0 1 1 0 1 1 1 1 0 1 1 1 1 1 1 1 0 1 1 1 1 1 1 1 1 1
 1 1 1 1 1 1 1 1 1 1 1 1 1 1 0 1 1 0 1 1 0 1 1 1 1 1 0 1 1 1]
2022-08-03 13:58:59,530 | len(x_train): 289
2022-08-03 13:58:59,530 | len(y_train): 289
2022-08-03 13:59:00,156 | LogReg Training time spent: 0.6402 seconds
2022-08-03 13:59:00,161 | Receive Global MLModel message time spent: 0.0133 seconds
2022-08-03 13:59:00,162 | Send Local MLModel message time spent: 0.0001 seconds
2022-08-03 13:59:00,526 | Modelo gerado evaluate(): [array([[ 0.23994614,  0.30030885],
       [-0.4781307 , -0.3678351 ],
       [-0.13354002,  0.13820171],
       [-0.45933852, -0.07105628],
       [ 0.41160068,  0.00024124],
       [ 0.06242074,  0.17435113],
       [ 0.5987303 ,  0.3629411 ],
       [-0.10699115, -0.5316174 ],
       [-0.46682048, -0.5138979 ]], dtype=float32), array([ 0.01017494, -0.01017494], dtype=float32)]
2022-08-03 13:59:00,533 | Receive Global MLModel message time spent: 0.0136 seconds
2022-08-03 13:59:00,534 | Send Local MLModel message time spent: 0.0001 seconds
2022-08-03 13:59:00,551 | iteration: 38
2022-08-03 13:59:00,556 | x_train: [[ 25.42  68.45   5.82 ...   0.69   9.75  35.08]
 [ 66.5  129.75   2.02 ...   0.12   2.6   80.8 ]
 [ 20.33  66.09  14.47 ...   0.91   3.86  52.81]
 ...
 [ 22.29  38.48  34.27 ...   0.36   4.97  33.53]
 [ 56.52 142.66   4.11 ...   0.74  13.56  17.02]
 [ 11.58  36.25   2.51 ...   0.38   7.09  21.44]]
2022-08-03 13:59:00,561 | y_train: [1 1 1 1 1 1 1 1 1 0 1 1 1 1 1 1 1 1 1 1 1 1 1 1 1 1 1 1 1 1 1 0 1 0 1 1 1
 1 1 1 1 1 1 1 1 1 1 1 1 1 1 1 1 0 1 1 1 1 0 1 1 1 1 0 1 1 1 1 1 1 1 1 1 1
 1 1 0 1 1 0 1 1 1 1 1 1 1 1 1 1 1 0 1 0 1 1 1 1 1 0 0 1 1 1 1 1 1 1 1 1 1
 1 1 1 0 0 1 1 1 0 1 1 1 1 1 1 1 1 1 1 1 1 1 1 1 1 1 1 1 1 1 1 1 1 1 1 1 1
 1 1 1 1 1 0 1 1 1 0 1 1 1 1 1 1 1 0 1 1 1 1 1 1 1 1 1 1 1 1 1 1 1 1 1 0 1
 0 1 1 1 1 0 1 1 1 1 1 0 1 1 1 0 1 1 1 1 1 0 0 1 1 1 1 1 1 1 1 1 1 1 1 1 0
 1 1 1 1 1 1 1 1 1 1 1 1 1 1 1 1 1 1 1 1 1 1 1 1 1 1 1 1 1 1 1 1 1 1 1 1 1
 1 1 1 1 1 1 1 1 1 1 1 1 1 1 1 1 0 1 1 1 1 1 1 1 1 1 1 1 1 0]
2022-08-03 13:59:00,562 | len(x_train): 289
2022-08-03 13:59:00,562 | len(y_train): 289
2022-08-03 13:59:01,180 | LogReg Training time spent: 0.6316 seconds
2022-08-03 13:59:01,185 | Receive Global MLModel message time spent: 0.0091 seconds
2022-08-03 13:59:01,186 | Send Local MLModel message time spent: 0.0002 seconds
2022-08-03 13:59:01,597 | Modelo gerado evaluate(): [array([[ 0.24060962,  0.2995472 ],
       [-0.474599  , -0.37121302],
       [-0.13542649,  0.14008734],
       [-0.45516706, -0.07513131],
       [ 0.4111707 ,  0.00059634],
       [ 0.06838287,  0.16834594],
       [ 0.59855145,  0.3629452 ],
       [-0.11098643, -0.52750605],
       [-0.4667458 , -0.51379436]], dtype=float32), array([ 0.01047619, -0.01047619], dtype=float32)]
2022-08-03 13:59:01,606 | Receive Global MLModel message time spent: 0.0131 seconds
2022-08-03 13:59:01,607 | Send Local MLModel message time spent: 0.0001 seconds
2022-08-03 13:59:01,623 | iteration: 39
2022-08-03 13:59:01,629 | x_train: [[ 20.79  44.     2.17 ...   0.22  11.68  34.7 ]
 [ 85.81 152.58  18.45 ...   0.8   13.34  26.31]
 [ 30.5   76.25   3.02 ...   1.02   4.57  16.77]
 ...
 [ 38.12  66.     3.14 ...   0.56   1.32  52.91]
 [ 84.78 302.24  46.75 ...   1.82  10.03  23.7 ]
 [ 42.4   71.73   5.6  ...   0.41  10.5  101.33]]
2022-08-03 13:59:01,634 | y_train: [0 1 1 0 1 1 1 1 1 1 1 1 1 1 0 1 0 1 1 1 1 1 1 1 1 1 1 1 1 1 1 1 1 1 1 1 1
 1 1 1 1 0 1 1 1 1 1 1 1 1 1 1 1 1 0 1 1 1 1 1 1 1 1 1 1 0 1 1 1 1 1 1 1 1
 1 1 1 1 1 1 0 1 1 1 1 1 1 1 1 1 1 0 1 0 1 1 1 1 1 1 1 1 1 1 1 1 1 1 1 1 1
 1 1 1 1 1 0 1 1 1 1 1 0 1 1 1 1 1 1 0 1 1 1 1 0 1 1 1 1 1 1 1 1 1 1 1 1 1
 1 1 1 1 1 1 1 1 1 1 1 1 1 1 1 1 1 1 1 0 1 1 1 1 1 1 1 1 1 1 1 1 1 1 1 1 1
 1 1 0 1 1 1 1 1 1 1 1 1 1 1 1 1 1 1 1 1 1 1 1 1 1 1 1 1 1 1 1 1 1 1 1 1 1
 0 1 1 1 1 1 1 1 1 1 1 1 1 1 1 1 1 1 1 1 1 1 1 1 1 1 1 1 1 1 1 1 1 1 1 1 1
 1 1 1 1 1 1 1 1 1 1 1 1 1 1 1 1 1 1 1 1 1 1 1 1 1 1 1 1 1 1]
2022-08-03 13:59:01,634 | len(x_train): 289
2022-08-03 13:59:01,635 | len(y_train): 289
2022-08-03 13:59:02,263 | LogReg Training time spent: 0.6437 seconds
2022-08-03 13:59:02,268 | Receive Global MLModel message time spent: 0.0064 seconds
2022-08-03 13:59:02,269 | Send Local MLModel message time spent: 0.0002 seconds
2022-08-03 13:59:02,632 | Modelo gerado evaluate(): [array([[ 0.23540221,  0.30465642],
       [-0.48344135, -0.3622169 ],
       [-0.14036614,  0.14502615],
       [-0.45608893, -0.07411301],
       [ 0.40294024,  0.00875193],
       [ 0.06831989,  0.16836588],
       [ 0.5982736 ,  0.36304823],
       [-0.11904313, -0.51933324],
       [-0.47836295, -0.501999  ]], dtype=float32), array([ 0.01046567, -0.01046567], dtype=float32)]
2022-08-03 13:59:02,641 | Receive Global MLModel message time spent: 0.0115 seconds
2022-08-03 13:59:02,642 | Send Local MLModel message time spent: 0.0001 seconds
2022-08-03 13:59:02,671 | iteration: 40
2022-08-03 13:59:02,676 | x_train: [[ 45.75 152.     2.8  ...   0.63   7.73 146.08]
 [ 46.5  194.25   3.1  ...   0.27  16.55  97.4 ]
 [123.3  187.6   14.56 ...   1.16  14.47  64.53]
 ...
 [ 72.62 128.5    3.08 ...   0.67   2.67  54.06]
 [ 80.   124.     1.83 ...   0.94  12.72  25.9 ]
 [  9.75  19.81   2.13 ...   0.37   3.63  15.69]]
2022-08-03 13:59:02,681 | y_train: [1 1 1 1 1 1 1 1 1 1 1 1 1 1 1 1 1 1 1 0 1 1 1 1 1 1 1 1 1 1 1 1 1 1 1 1 1
 1 1 1 0 1 1 1 1 1 1 1 1 1 1 1 1 0 1 1 1 1 0 1 1 1 1 1 1 1 1 1 1 1 0 1 1 1
 1 1 1 1 1 1 1 1 1 1 1 1 1 0 1 1 1 1 1 1 1 1 1 1 1 1 1 1 1 1 1 1 0 1 1 1 1
 1 1 1 1 1 1 1 1 1 1 1 1 1 1 1 1 1 1 0 1 1 1 1 1 1 1 1 1 1 1 1 1 0 1 1 1 1
 1 1 1 1 1 1 1 1 1 1 1 1 1 1 1 1 1 1 1 1 1 1 0 1 1 1 1 1 1 1 1 1 0 1 1 1 1
 1 1 1 1 1 1 0 1 1 1 1 1 1 1 1 1 1 1 1 1 1 1 1 0 1 1 1 1 1 1 1 1 1 1 1 1 1
 1 1 1 1 1 1 1 1 1 1 1 1 1 1 1 0 1 1 1 1 1 1 1 1 1 1 1 1 1 1 1 1 1 1 1 1 1
 1 1 1 1 1 1 1 1 1 1 0 1 0 1 1 1 1 1 1 1 1 1 0 1 0 1 1 1 1 0]
2022-08-03 13:59:02,681 | len(x_train): 289
2022-08-03 13:59:02,682 | len(y_train): 289
2022-08-03 13:59:03,309 | LogReg Training time spent: 0.6415 seconds
2022-08-03 13:59:03,314 | Receive Global MLModel message time spent: 0.0190 seconds
2022-08-03 13:59:03,316 | Send Local MLModel message time spent: 0.0001 seconds
2022-08-03 13:59:03,676 | Modelo gerado evaluate(): [array([[ 0.2383509 ,  0.30160952],
       [-0.47420877, -0.37129575],
       [-0.14009525,  0.14475441],
       [-0.45111212, -0.07899345],
       [ 0.4053067 ,  0.00631064],
       [ 0.07350285,  0.1631399 ],
       [ 0.59821063,  0.36293638],
       [-0.12277105, -0.5154892 ],
       [-0.47321644, -0.50696725]], dtype=float32), array([ 0.01084071, -0.01084071], dtype=float32)]
2022-08-03 13:59:03,687 | Receive Global MLModel message time spent: 0.0084 seconds
2022-08-03 13:59:03,688 | Send Local MLModel message time spent: 0.0001 seconds
2022-08-03 13:59:03,713 | iteration: 41
2022-08-03 13:59:03,718 | x_train: [[ 70.    99.5    7.87 ...   0.5   37.33  89.17]
 [ 37.42  84.55   9.72 ...   0.38   4.46  23.54]
 [ 92.76 223.46   7.7  ...   1.16  14.71 100.89]
 ...
 [ 57.4  114.9    4.99 ...   1.78   8.99  70.28]
 [ 57.25 102.5    7.43 ...   0.23   6.77  81.67]
 [ 32.    67.25   0.88 ...   0.57  17.35  55.05]]
2022-08-03 13:59:03,723 | y_train: [1 1 1 1 1 1 1 1 1 1 1 1 1 1 1 1 1 1 1 1 1 1 1 1 1 1 1 1 1 1 0 1 1 1 1 1 1
 1 1 1 1 1 1 1 1 1 1 1 1 1 1 1 1 1 1 1 0 1 1 1 1 0 1 1 1 1 1 0 1 1 1 1 0 1
 1 1 1 1 0 1 1 1 1 1 0 1 1 1 1 1 1 1 1 0 1 1 0 1 1 1 1 1 1 1 1 1 1 1 1 1 1
 1 1 1 1 1 1 1 1 1 1 0 1 1 1 1 1 1 1 1 1 1 1 1 1 0 1 1 1 1 1 1 1 1 1 1 1 1
 1 1 1 1 1 1 1 0 1 1 1 1 1 1 1 1 1 1 1 1 1 1 1 1 1 1 1 0 1 1 0 1 1 1 0 1 1
 1 1 1 1 1 1 1 1 1 1 1 1 1 1 1 1 1 0 1 1 0 1 1 1 1 1 1 1 1 1 1 1 1 1 0 1 1
 1 1 1 1 1 0 1 1 1 1 1 1 1 1 0 1 1 1 1 1 1 1 1 1 1 1 1 1 1 1 1 1 1 1 1 1 1
 1 1 1 1 1 1 1 1 1 1 1 1 1 1 0 1 1 1 1 1 1 0 1 1 1 1 1 1 1 1]
2022-08-03 13:59:03,724 | len(x_train): 289
2022-08-03 13:59:03,724 | len(y_train): 289
2022-08-03 13:59:04,345 | LogReg Training time spent: 0.6349 seconds
2022-08-03 13:59:04,350 | Receive Global MLModel message time spent: 0.0163 seconds
2022-08-03 13:59:04,351 | Send Local MLModel message time spent: 0.0001 seconds
2022-08-03 13:59:04,760 | Modelo gerado evaluate(): [array([[ 0.2384727 ,  0.30138955],
       [-0.473087  , -0.37226376],
       [-0.13995165,  0.14460996],
       [-0.44413832, -0.08587087],
       [ 0.40760487,  0.00393762],
       [ 0.08077988,  0.15581985],
       [ 0.5981178 ,  0.36285448],
       [-0.12748627, -0.51065797],
       [-0.47503227, -0.5049732 ]], dtype=float32), array([ 0.01121143, -0.01121142], dtype=float32)]
2022-08-03 13:59:04,770 | Receive Global MLModel message time spent: 0.0104 seconds
2022-08-03 13:59:04,772 | Send Local MLModel message time spent: 0.0001 seconds
2022-08-03 13:59:04,808 | iteration: 42
2022-08-03 13:59:04,813 | x_train: [[ 28.96  45.33  34.   ...   0.73   5.78  40.04]
 [  6.33   7.42   2.21 ...   0.12   3.32  27.42]
 [ 50.25 110.5    0.85 ...   0.8   17.1   53.92]
 ...
 [ 48.89 119.57  15.56 ...   1.29  10.04  26.62]
 [ 29.38  53.81   4.11 ...   0.39   9.76  48.08]
 [ 43.   139.    16.13 ...   0.56   5.35  33.72]]
2022-08-03 13:59:04,818 | y_train: [0 0 1 0 1 1 1 1 1 1 1 1 1 1 1 1 1 1 1 1 1 1 0 1 1 1 1 1 1 1 1 1 1 1 1 1 0
 1 1 0 1 1 1 1 1 1 1 0 1 1 1 1 1 1 1 0 1 1 1 1 1 1 1 0 1 1 1 1 1 1 1 1 1 1
 0 1 1 1 1 1 1 1 1 1 1 1 1 1 1 1 1 1 0 1 1 1 1 1 1 1 1 1 1 1 1 1 1 1 1 1 1
 1 1 1 1 1 1 0 1 1 1 1 0 1 1 1 0 1 1 1 1 1 1 1 1 1 1 1 1 1 1 1 0 1 1 1 1 1
 1 1 1 1 1 1 1 1 1 1 1 1 1 1 1 1 1 1 1 1 1 1 0 1 1 1 1 1 1 1 1 1 1 1 1 1 1
 1 1 1 1 1 1 0 1 1 1 1 1 1 1 1 1 1 1 1 0 1 1 0 1 1 1 1 1 1 1 0 1 1 1 1 1 1
 0 1 1 1 1 1 1 1 1 1 1 1 1 1 1 1 1 1 1 1 1 1 1 1 1 1 1 1 1 1 1 1 1 1 1 1 1
 1 1 1 1 1 1 1 1 1 1 1 1 1 1 1 1 1 1 1 1 1 1 1 1 1 1 1 1 1 1]
2022-08-03 13:59:04,819 | len(x_train): 289
2022-08-03 13:59:04,819 | len(y_train): 289
2022-08-03 13:59:05,444 | LogReg Training time spent: 0.6396 seconds
2022-08-03 13:59:05,450 | Receive Global MLModel message time spent: 0.0275 seconds
2022-08-03 13:59:05,451 | Send Local MLModel message time spent: 0.0001 seconds
2022-08-03 13:59:05,810 | Modelo gerado evaluate(): [array([[ 0.24085997,  0.29890412],
       [-0.4659842 , -0.37921292],
       [-0.14018495,  0.14484239],
       [-0.4393289 , -0.09058396],
       [ 0.407059  ,  0.00440867],
       [ 0.08609442,  0.1504623 ],
       [ 0.59804165,  0.36275595],
       [-0.12890367, -0.5091246 ],
       [-0.47165257, -0.5081748 ]], dtype=float32), array([ 0.01157726, -0.01157726], dtype=float32)]
2022-08-03 13:59:05,817 | Receive Global MLModel message time spent: 0.0089 seconds
2022-08-03 13:59:05,818 | Send Local MLModel message time spent: 0.0001 seconds
2022-08-03 13:59:05,839 | iteration: 43
2022-08-03 13:59:05,845 | x_train: [[ 48.88 124.6   13.14 ...   0.62  13.72  58.94]
 [ 18.2   37.26   4.29 ...   0.38   8.82  73.3 ]
 [ 23.    60.75   1.7  ...   0.47  14.82  23.52]
 ...
 [  8.2   32.23  11.57 ...   0.85   5.21  25.95]
 [107.   195.75  11.23 ...   0.03  10.67  32.85]
 [ 23.25  46.     3.42 ...   0.11   9.22   3.2 ]]
2022-08-03 13:59:05,850 | y_train: [1 1 1 1 1 1 1 1 1 1 1 1 1 1 1 0 1 1 1 1 1 1 1 1 1 1 1 1 1 1 1 1 0 1 1 1 1
 1 1 1 1 1 1 1 1 1 1 1 1 1 1 0 1 1 0 1 0 1 1 1 1 1 1 1 1 1 1 1 1 1 1 1 1 1
 1 1 1 1 0 1 1 1 0 1 1 1 1 1 1 1 1 1 1 1 1 1 1 1 1 1 1 1 1 1 1 1 1 1 1 0 1
 1 1 1 1 1 1 1 1 1 1 1 1 1 1 1 1 0 0 1 1 1 1 1 1 1 1 1 1 1 1 0 1 1 1 1 1 1
 1 1 1 1 1 1 1 1 1 1 1 0 1 1 1 1 1 1 1 1 1 1 1 1 1 1 1 1 0 1 1 0 1 1 1 0 1
 1 1 1 1 1 1 1 1 1 1 1 1 1 1 1 1 1 1 1 0 1 1 1 1 1 1 1 0 1 0 1 1 1 1 1 1 1
 1 1 1 1 1 1 1 1 1 1 1 1 1 1 1 1 1 1 1 0 1 1 1 1 1 1 1 1 1 1 1 1 1 1 1 1 1
 1 1 1 1 1 1 0 1 1 1 1 1 1 1 1 1 0 1 1 1 1 1 1 1 1 1 1 1 1 0]
2022-08-03 13:59:05,851 | len(x_train): 289
2022-08-03 13:59:05,851 | len(y_train): 289
2022-08-03 13:59:06,474 | LogReg Training time spent: 0.6389 seconds
2022-08-03 13:59:06,484 | Receive Global MLModel message time spent: 0.0115 seconds
2022-08-03 13:59:06,485 | Send Local MLModel message time spent: 0.0001 seconds
2022-08-03 13:59:06,851 | Modelo gerado evaluate(): [array([[ 0.24114804,  0.2985179 ],
       [-0.4618787 , -0.38316476],
       [-0.14244144,  0.14709803],
       [-0.43643492, -0.09338162],
       [ 0.4039486 ,  0.00744424],
       [ 0.08992017,  0.14659353],
       [ 0.5979344 ,  0.36268857],
       [-0.13064529, -0.507267  ],
       [-0.47155637, -0.5080928 ]], dtype=float32), array([ 0.01190812, -0.01190812], dtype=float32)]
2022-08-03 13:59:06,859 | Receive Global MLModel message time spent: 0.0164 seconds
2022-08-03 13:59:06,860 | Send Local MLModel message time spent: 0.0001 seconds
2022-08-03 13:59:06,882 | iteration: 44
2022-08-03 13:59:06,887 | x_train: [[ 78.53 163.83  20.49 ...   0.89  13.77  35.62]
 [ 69.75  94.    69.38 ...   1.3   36.25  27.8 ]
 [ 32.31  45.     1.53 ...   0.56   3.46  48.89]
 ...
 [ 98.39 233.85   5.89 ...   1.05  20.57 118.83]
 [ 80.94 129.01  49.2  ...   1.23   8.36  20.55]
 [ 57.5   98.5    1.47 ...   0.08  19.17 141.6 ]]
2022-08-03 13:59:06,892 | y_train: [1 1 1 1 1 1 1 1 1 1 1 1 1 1 1 1 1 1 1 1 1 1 1 1 1 1 0 1 1 1 1 1 1 1 1 1 1
 1 1 1 1 1 1 1 1 1 1 1 1 0 1 1 1 1 1 1 1 1 1 1 0 1 1 0 1 1 1 1 1 1 1 1 1 1
 1 1 0 1 0 1 1 1 1 1 1 1 1 1 1 1 0 1 1 1 1 1 1 1 1 1 1 1 1 1 1 1 0 1 0 1 1
 1 1 1 1 1 1 1 1 1 1 0 1 1 1 1 1 1 1 1 1 1 1 1 1 1 1 1 1 1 1 1 1 1 1 1 1 0
 1 1 0 0 0 1 1 1 1 1 1 1 1 1 1 1 1 0 1 1 1 1 1 1 1 1 1 1 1 1 1 1 1 1 1 1 1
 1 1 1 1 0 1 1 1 1 1 1 1 1 1 1 1 1 1 1 1 1 1 1 1 1 1 1 1 1 1 1 1 1 1 1 1 1
 1 0 1 1 1 1 1 1 0 1 1 1 1 1 1 1 1 1 0 1 1 1 1 1 1 1 1 1 1 1 1 1 1 1 0 1 1
 1 1 1 1 1 1 1 1 1 1 1 1 1 1 1 0 1 1 1 1 1 1 1 1 0 1 1 1 1 1]
2022-08-03 13:59:06,893 | len(x_train): 289
2022-08-03 13:59:06,893 | len(y_train): 289
2022-08-03 13:59:07,518 | LogReg Training time spent: 0.6389 seconds
2022-08-03 13:59:07,523 | Receive Global MLModel message time spent: 0.0139 seconds
2022-08-03 13:59:07,524 | Send Local MLModel message time spent: 0.0001 seconds
2022-08-03 13:59:07,933 | Modelo gerado evaluate(): [array([[ 0.23853293,  0.30103496],
       [-0.46462834, -0.38026145],
       [-0.14410518,  0.14876091],
       [-0.43422356, -0.09549661],
       [ 0.40204534,  0.00927272],
       [ 0.09272914,  0.14374155],
       [ 0.59768283,  0.36276552],
       [-0.13571432, -0.502082  ],
       [-0.4751681 , -0.504303  ]], dtype=float32), array([ 0.01204868, -0.01204868], dtype=float32)]
2022-08-03 13:59:07,944 | Receive Global MLModel message time spent: 0.0094 seconds
2022-08-03 13:59:07,945 | Send Local MLModel message time spent: 0.0001 seconds
2022-08-03 13:59:07,968 | iteration: 45
2022-08-03 13:59:07,973 | x_train: [[ 15.7   44.1    2.66 ...   0.31   7.25  19.38]
 [ 70.2  164.75  31.58 ...   0.99   7.21   9.57]
 [ 19.5   39.75   0.55 ...   0.67   4.    32.08]
 ...
 [  8.67  21.95  15.5  ...   0.27   6.64  14.42]
 [  2.    44.    10.1  ...   0.52  12.4    7.07]
 [ 38.03  63.19  16.52 ...   0.63  15.2   21.45]]
2022-08-03 13:59:07,978 | y_train: [0 1 1 1 1 1 1 1 1 1 1 1 1 1 1 1 1 1 1 1 1 1 1 0 1 1 1 1 1 1 1 1 1 1 1 1 1
 0 1 1 1 0 0 1 1 0 1 1 1 1 1 1 1 1 1 0 1 1 1 0 1 1 1 1 1 1 1 1 1 0 1 1 1 0
 1 1 1 1 1 1 1 1 1 1 1 1 1 1 1 1 1 1 1 1 1 1 1 1 1 1 1 1 1 0 1 1 1 1 1 1 1
 1 1 1 1 1 1 1 1 1 0 1 1 1 1 1 1 1 1 1 1 1 1 1 1 1 1 1 1 1 1 1 1 1 1 1 1 1
 1 1 1 1 1 1 1 1 1 1 1 1 1 1 0 1 0 1 1 1 1 1 1 1 1 1 1 1 1 1 1 1 1 1 1 1 1
 1 1 1 1 1 1 1 1 1 1 1 1 1 1 1 1 1 1 0 0 1 1 1 1 1 1 1 1 1 1 1 1 0 1 1 1 1
 1 1 1 1 1 1 1 1 1 1 1 1 1 0 1 1 1 1 0 1 1 1 1 1 1 1 1 1 1 0 1 1 1 1 1 1 0
 1 1 1 1 1 0 1 1 1 0 1 1 1 0 0 1 1 1 1 1 1 1 1 1 1 1 1 0 1 1]
2022-08-03 13:59:07,979 | len(x_train): 289
2022-08-03 13:59:07,979 | len(y_train): 289
2022-08-03 13:59:08,607 | LogReg Training time spent: 0.6420 seconds
2022-08-03 13:59:08,612 | Receive Global MLModel message time spent: 0.0140 seconds
2022-08-03 13:59:08,613 | Send Local MLModel message time spent: 0.0001 seconds
2022-08-03 13:59:08,976 | Modelo gerado evaluate(): [array([[ 0.23500897,  0.3044608 ],
       [-0.4690626 , -0.37567362],
       [-0.14607455,  0.15072942],
       [-0.43224856, -0.09737531],
       [ 0.39905605,  0.01218726],
       [ 0.09508201,  0.14134568],
       [ 0.5974402 ,  0.36283353],
       [-0.14235394, -0.4953265 ],
       [-0.47882265, -0.50047046]], dtype=float32), array([ 0.01224545, -0.01224545], dtype=float32)]
2022-08-03 13:59:08,983 | Receive Global MLModel message time spent: 0.0105 seconds
2022-08-03 13:59:08,984 | Send Local MLModel message time spent: 0.0001 seconds
2022-08-03 13:59:09,020 | iteration: 46
2022-08-03 13:59:09,025 | x_train: [[ 68.29 154.65   4.53 ...   1.17   8.84  25.3 ]
 [ 46.31  95.96  18.24 ...   0.78   5.51  16.48]
 [ 56.45 173.52   9.55 ...   0.81  24.37  35.15]
 ...
 [ 19.5   66.25   9.55 ...   0.22  11.2    4.12]
 [ 40.    79.25  10.88 ...   0.45  13.88  11.22]
 [ 32.5   48.     8.15 ...   0.23   3.12   3.9 ]]
2022-08-03 13:59:09,030 | y_train: [1 1 1 1 1 1 1 1 1 1 0 1 0 1 1 1 1 1 1 1 1 1 1 0 1 1 1 1 1 1 1 1 1 1 0 1 1
 1 1 1 1 0 0 1 1 1 1 1 1 1 1 1 1 1 1 1 1 1 1 1 0 1 1 1 1 1 1 1 1 1 1 1 1 1
 1 0 1 1 1 1 0 1 0 1 1 1 1 1 0 1 1 1 1 1 0 1 1 1 1 1 1 1 1 1 1 1 1 0 1 0 1
 1 1 1 1 1 1 1 1 1 1 1 1 1 1 1 1 1 1 1 1 1 1 1 1 1 1 1 1 1 1 1 1 1 0 1 1 1
 1 1 1 1 1 1 1 1 1 0 1 1 1 1 1 0 1 1 1 1 0 1 1 1 1 1 1 1 1 1 1 1 1 1 1 1 1
 0 1 0 1 0 1 1 1 1 1 1 1 1 0 1 1 1 1 1 1 1 0 1 1 1 1 1 1 1 1 1 1 1 1 1 0 1
 1 1 1 1 1 1 1 1 1 1 1 1 1 1 1 1 1 1 0 1 1 0 1 1 1 1 1 1 1 1 1 0 1 1 1 1 1
 1 1 1 0 1 1 1 1 1 1 1 1 1 1 1 1 1 1 1 1 1 1 1 1 1 1 1 1 1 1]
2022-08-03 13:59:09,031 | len(x_train): 289
2022-08-03 13:59:09,031 | len(y_train): 289
2022-08-03 13:59:09,658 | LogReg Training time spent: 0.6420 seconds
2022-08-03 13:59:09,663 | Receive Global MLModel message time spent: 0.0278 seconds
2022-08-03 13:59:09,664 | Send Local MLModel message time spent: 0.0001 seconds
2022-08-03 13:59:10,034 | Modelo gerado evaluate(): [array([[ 0.23619375,  0.30317792],
       [-0.46328798, -0.38129464],
       [-0.14677691,  0.15143095],
       [-0.42781693, -0.10171064],
       [ 0.39912176,  0.01204677],
       [ 0.1004952 ,  0.1358895 ],
       [ 0.59735394,  0.3627452 ],
       [-0.14496155, -0.4926029 ],
       [-0.47785696, -0.501258  ]], dtype=float32), array([ 0.01259533, -0.01259533], dtype=float32)]
2022-08-03 13:59:10,042 | Receive Global MLModel message time spent: 0.0207 seconds
2022-08-03 13:59:10,043 | Send Local MLModel message time spent: 0.0001 seconds
2022-08-03 13:59:10,066 | iteration: 47
2022-08-03 13:59:10,071 | x_train: [[ 59.5  125.    30.27 ...   1.82  17.7   16.17]
 [ 17.65  43.75   3.7  ...   0.26   4.54  12.14]
 [ 71.77 186.33  23.4  ...   1.6    9.55  25.98]
 ...
 [ 39.68  90.97   0.71 ...   0.45   6.1   25.01]
 [ 62.71 114.41   7.77 ...  10.85  23.17  23.49]
 [ 37.    98.62   2.74 ...   0.86   2.85  20.64]]
2022-08-03 13:59:10,076 | y_train: [1 0 1 1 1 1 1 1 1 1 1 1 1 1 1 1 1 1 1 1 1 1 1 1 1 1 1 1 1 1 1 1 1 1 1 1 1
 0 1 1 1 1 1 0 1 1 1 1 1 1 1 0 1 1 1 1 1 1 1 1 1 1 1 1 0 1 1 1 1 1 1 1 1 1
 1 1 1 1 1 1 1 0 1 0 1 1 1 1 1 1 1 1 1 1 1 1 1 1 1 1 1 1 1 1 1 0 1 1 1 1 1
 1 1 1 1 1 1 1 1 1 1 1 1 1 1 0 1 1 1 1 1 0 0 1 1 1 1 1 1 0 1 1 1 1 1 1 1 1
 1 1 1 1 0 1 1 1 1 1 1 1 1 1 1 1 1 1 1 1 1 1 1 1 1 0 1 1 1 1 1 1 1 1 1 1 1
 1 1 1 1 1 1 1 1 1 1 1 1 1 1 1 1 1 1 1 1 1 1 1 1 1 1 0 1 1 1 1 1 1 1 1 1 1
 1 1 1 1 1 1 0 1 0 1 1 0 1 1 1 1 1 1 1 1 1 1 1 0 1 1 1 1 1 1 1 1 1 1 1 1 1
 1 1 1 1 1 1 1 1 1 1 1 1 1 1 1 1 1 1 1 1 1 1 1 1 1 1 1 1 1 1]
2022-08-03 13:59:10,077 | len(x_train): 289
2022-08-03 13:59:10,077 | len(y_train): 289
2022-08-03 13:59:10,700 | LogReg Training time spent: 0.6369 seconds
2022-08-03 13:59:10,705 | Receive Global MLModel message time spent: 0.0148 seconds
2022-08-03 13:59:10,706 | Send Local MLModel message time spent: 0.0001 seconds
2022-08-03 13:59:11,118 | Modelo gerado evaluate(): [array([[ 0.23349337,  0.30578023],
       [-0.46688128, -0.3775478 ],
       [-0.1483997 ,  0.1530529 ],
       [-0.42642102, -0.10301027],
       [ 0.39614928,  0.01494451],
       [ 0.1041357 ,  0.13220602],
       [ 0.5972241 ,  0.36270043],
       [-0.15360145, -0.4838471 ],
       [-0.47717   , -0.50176704]], dtype=float32), array([ 0.01289043, -0.01289043], dtype=float32)]
2022-08-03 13:59:11,128 | Receive Global MLModel message time spent: 0.0099 seconds
2022-08-03 13:59:11,129 | Send Local MLModel message time spent: 0.0001 seconds
2022-08-03 13:59:11,147 | iteration: 48
2022-08-03 13:59:11,152 | x_train: [[ 22.85  51.12  36.83 ...   1.7    9.16  15.41]
 [ 61.87 191.62  14.59 ...   0.54   5.34  11.23]
 [ 27.75 115.25  11.47 ...   0.47   7.93  19.6 ]
 ...
 [ 14.75  34.25   3.55 ...   0.42  10.12  31.57]
 [ 41.   120.75  31.2  ...   0.64  39.6   21.27]
 [ 18.92  29.52   4.04 ...   0.5    2.17  19.92]]
2022-08-03 13:59:11,157 | y_train: [1 1 1 1 1 1 1 1 0 1 0 1 1 1 1 1 1 1 1 1 1 1 1 1 1 1 1 1 1 1 1 1 1 0 1 1 1
 1 1 1 1 0 1 1 1 1 1 1 1 1 1 1 1 1 1 1 1 1 1 1 1 1 1 1 1 1 1 1 1 0 1 1 1 1
 1 0 1 1 1 1 1 1 1 1 1 1 1 1 1 1 1 1 1 1 1 1 1 1 1 1 0 1 1 1 0 1 1 1 1 1 1
 1 1 1 1 1 1 1 1 1 0 1 1 1 0 1 0 1 1 1 1 1 1 0 1 1 1 0 1 1 1 1 1 1 1 1 0 1
 1 1 1 1 0 1 1 1 1 1 1 1 0 1 1 1 1 1 1 1 1 1 1 1 1 1 1 1 1 0 1 1 1 1 1 1 1
 1 1 1 1 1 1 1 1 1 1 1 1 0 1 1 1 1 1 1 1 1 0 1 1 1 1 1 1 1 0 1 1 1 1 1 1 1
 1 1 1 1 1 1 0 1 0 1 1 1 1 1 1 1 1 1 1 0 0 1 1 1 1 1 1 1 1 1 1 1 1 1 1 1 1
 1 0 1 1 1 1 0 1 1 1 0 1 1 1 1 1 1 1 1 1 1 1 1 0 1 0 0 0 1 1]
2022-08-03 13:59:11,158 | len(x_train): 289
2022-08-03 13:59:11,158 | len(y_train): 289
2022-08-03 13:59:11,800 | LogReg Training time spent: 0.6569 seconds
2022-08-03 13:59:11,805 | Receive Global MLModel message time spent: 0.0079 seconds
2022-08-03 13:59:11,806 | Send Local MLModel message time spent: 0.0001 seconds
2022-08-03 13:59:12,185 | Modelo gerado evaluate(): [array([[ 0.23777544,  0.30140013],
       [-0.45667318, -0.38760236],
       [-0.14860505,  0.1532574 ],
       [-0.4193261 , -0.11000893],
       [ 0.39702192,  0.01399717],
       [ 0.11074013,  0.1255586 ],
       [ 0.5971905 ,  0.36255947],
       [-0.15358509, -0.4837476 ],
       [-0.4717515 , -0.50700754]], dtype=float32), array([ 0.01337706, -0.01337706], dtype=float32)]
2022-08-03 13:59:12,193 | Receive Global MLModel message time spent: 0.0179 seconds
2022-08-03 13:59:12,194 | Send Local MLModel message time spent: 0.0001 seconds
2022-08-03 13:59:12,210 | iteration: 49
2022-08-03 13:59:12,216 | x_train: [[ 65.1  152.43  32.2  ...   0.05   9.93  35.47]
 [105.38 170.73  39.62 ...   1.23  11.31  19.34]
 [ 12.5   43.5    8.27 ...   0.62  13.3   19.25]
 ...
 [ 39.45  69.5    1.34 ...   0.31   7.26  30.63]
 [127.88 212.67 111.65 ...   1.36  10.42   4.83]
 [ 36.8   81.19  58.15 ...   0.98  10.2   21.65]]
2022-08-03 13:59:12,221 | y_train: [1 1 1 1 1 1 1 1 1 1 1 1 1 1 1 1 1 1 1 1 1 1 1 1 1 1 1 1 1 1 1 1 1 1 1 1 1
 1 1 1 1 0 1 1 1 1 1 1 1 1 1 1 1 1 1 1 0 1 1 1 1 0 1 1 1 1 1 1 0 1 1 1 1 1
 1 1 1 1 1 1 1 1 1 1 0 1 1 0 0 1 1 1 1 1 1 1 1 1 1 1 1 1 1 1 1 1 0 1 1 1 1
 1 1 1 1 1 1 1 1 1 1 1 0 1 1 1 1 1 1 1 1 1 1 1 1 1 1 1 1 1 1 0 1 1 1 1 1 1
 1 1 1 1 1 1 1 1 1 1 1 1 1 1 1 1 1 1 1 1 1 1 1 1 1 1 1 1 1 1 1 1 1 0 1 1 1
 1 1 1 1 1 1 0 0 1 1 1 1 1 1 1 1 1 1 1 1 1 1 1 1 1 1 1 1 1 1 0 1 1 1 1 1 1
 0 1 1 1 1 1 1 1 1 1 1 1 1 1 1 1 1 1 1 1 1 1 1 1 1 1 1 1 1 1 1 1 1 1 1 1 1
 1 1 1 1 0 1 1 0 0 1 1 1 1 1 1 1 1 1 1 1 1 1 1 1 1 1 1 1 1 1]
2022-08-03 13:59:12,221 | len(x_train): 289
2022-08-03 13:59:12,221 | len(y_train): 289
2022-08-03 13:59:12,847 | LogReg Training time spent: 0.6403 seconds
2022-08-03 13:59:12,853 | Receive Global MLModel message time spent: 0.0078 seconds
2022-08-03 13:59:12,853 | Send Local MLModel message time spent: 0.0001 seconds
2022-08-03 13:59:13,218 | Modelo gerado evaluate(): [array([[ 0.23443457,  0.30464298],
       [-0.46406928, -0.3800528 ],
       [-0.15246263,  0.15711412],
       [-0.41981936, -0.10941944],
       [ 0.3903437 ,  0.02060063],
       [ 0.11017767,  0.1260781 ],
       [ 0.59694934,  0.36262617],
       [-0.15841687, -0.47879997],
       [-0.4757724 , -0.5028087 ]], dtype=float32), array([ 0.01346237, -0.01346237], dtype=float32)]
2022-08-03 13:59:13,226 | Receive Global MLModel message time spent: 0.0140 seconds
2022-08-03 13:59:13,227 | Send Local MLModel message time spent: 0.0001 seconds
2022-08-03 13:59:13,240 | Receive Global MLModel message time spent: 0.0110 seconds
2022-08-03 13:59:13,241 | Send Local MLModel message time spent: 0.0001 seconds
2022-08-03 13:59:13,251 | Insecure gRPC channel closed
2022-08-03 13:59:13,252 | Disconnect and shut down
2022-08-03 13:59:13,254 | Train history: [0.6666666865348816, 0.8773946166038513, 0.8812260627746582, 0.8773946166038513, 0.9272030591964722, 0.8888888955116272, 0.9157088398933411, 0.8773946166038513, 0.8965517282485962, 0.8773946166038513, 0.9118773937225342, 0.8850574493408203, 0.9118773937225342, 0.8965517282485962, 0.9042145609855652, 0.8965517282485962, 0.9157088398933411, 0.8697317838668823, 0.8467432856559753, 0.9042145609855652, 0.8812260627746582, 0.8850574493408203, 0.9195402264595032, 0.9042145609855652, 0.8965517282485962, 0.9118773937225342, 0.8659003973007202, 0.8659003973007202, 0.8965517282485962, 0.9348658919334412, 0.8927202820777893, 0.8659003973007202, 0.9042145609855652, 0.8812260627746582, 0.9157088398933411, 0.8620689511299133, 0.8999999761581421, 0.8884615302085876, 0.9115384817123413, 0.9115384817123413, 0.9269230961799622, 0.9307692050933838, 0.9076923131942749, 0.9115384817123413, 0.9153845906257629, 0.8999999761581421, 0.8884615302085876, 0.892307698726654, 0.9038461446762085, 0.8999999761581421]

2022-08-03 13:59:13,255 | Test history: [0.931034505367279, 0.8965517282485962, 0.7931034564971924, 0.8620689511299133, 0.8965517282485962, 0.9655172228813171, 0.931034505367279, 0.8620689511299133, 0.8965517282485962, 0.8620689511299133, 0.9655172228813171, 0.9655172228813171, 0.8965517282485962, 0.931034505367279, 0.8620689511299133, 0.931034505367279, 0.8965517282485962, 0.9655172228813171, 0.931034505367279, 0.9655172228813171, 0.931034505367279, 0.8620689511299133, 1.0, 0.8620689511299133, 0.9655172228813171, 0.8965517282485962, 0.931034505367279, 0.931034505367279, 0.931034505367279, 0.8965517282485962, 0.931034505367279, 0.8620689511299133, 0.931034505367279, 0.931034505367279, 0.931034505367279, 0.9655172228813171, 0.7931034564971924, 0.8965517282485962, 0.931034505367279, 1.0, 0.7931034564971924, 0.9655172228813171, 1.0, 0.931034505367279, 0.9655172228813171, 0.8275862336158752, 1.0, 1.0, 0.8275862336158752, 0.8965517282485962]

2022-08-03 13:59:21,569 | Regresso Logstica multiclasse
2022-08-03 13:59:24,280 | LogReg MLModel message to device time spent: 0.2805 seconds
